[0.011s] Invoking command in '/home/waritt/fun5mini_ws/build/fun5mini_interfaces': CMAKE_PREFIX_PATH=${CMAKE_PREFIX_PATH}:/opt/ros/humble /usr/bin/cmake --build /home/waritt/fun5mini_ws/build/fun5mini_interfaces -- -j16 -l16
[0.039s] [35m[1mConsolidate compiler generated dependencies of target fun5mini_interfaces__rosidl_generator_c[0m
[0.045s] [  2%] Built target fun5mini_interfaces__cpp
[0.046s] [ 12%] Built target fun5mini_interfaces__rosidl_generator_c
[0.053s] [35m[1mConsolidate compiler generated dependencies of target fun5mini_interfaces__rosidl_typesupport_cpp[0m
[0.054s] [35m[1mConsolidate compiler generated dependencies of target fun5mini_interfaces__rosidl_typesupport_fastrtps_cpp[0m
[0.054s] [35m[1mConsolidate compiler generated dependencies of target fun5mini_interfaces__rosidl_typesupport_introspection_cpp[0m
[0.055s] [ 12%] Built target ament_cmake_python_copy_fun5mini_interfaces
[0.056s] [35m[1mConsolidate compiler generated dependencies of target fun5mini_interfaces__rosidl_typesupport_introspection_c[0m
[0.056s] [35m[1mConsolidate compiler generated dependencies of target fun5mini_interfaces__rosidl_typesupport_c[0m
[0.058s] [35m[1mConsolidate compiler generated dependencies of target fun5mini_interfaces__rosidl_typesupport_fastrtps_c[0m
[0.065s] [ 23%] Built target fun5mini_interfaces__rosidl_typesupport_cpp
[0.065s] [ 33%] Built target fun5mini_interfaces__rosidl_typesupport_introspection_c
[0.066s] [ 43%] Built target fun5mini_interfaces__rosidl_typesupport_c
[0.066s] [ 53%] Built target fun5mini_interfaces__rosidl_typesupport_fastrtps_cpp
[0.066s] [ 64%] Built target fun5mini_interfaces__rosidl_typesupport_introspection_cpp
[0.071s] [ 74%] Built target fun5mini_interfaces__rosidl_typesupport_fastrtps_c
[0.085s] [ 74%] Built target fun5mini_interfaces
[0.099s] [ 76%] Built target fun5mini_interfaces__py
[0.107s] [35m[1mConsolidate compiler generated dependencies of target fun5mini_interfaces__rosidl_generator_py[0m
[0.117s] [ 84%] Built target fun5mini_interfaces__rosidl_generator_py
[0.125s] [35m[1mConsolidate compiler generated dependencies of target fun5mini_interfaces__rosidl_typesupport_introspection_c__pyext[0m
[0.126s] [35m[1mConsolidate compiler generated dependencies of target fun5mini_interfaces__rosidl_typesupport_fastrtps_c__pyext[0m
[0.126s] [35m[1mConsolidate compiler generated dependencies of target fun5mini_interfaces__rosidl_typesupport_c__pyext[0m
[0.136s] [100%] Built target fun5mini_interfaces__rosidl_typesupport_introspection_c__pyext
[0.136s] [100%] Built target fun5mini_interfaces__rosidl_typesupport_fastrtps_c__pyext
[0.136s] [100%] Built target fun5mini_interfaces__rosidl_typesupport_c__pyext
[0.235s] running egg_info
[0.235s] writing fun5mini_interfaces.egg-info/PKG-INFO
[0.235s] writing dependency_links to fun5mini_interfaces.egg-info/dependency_links.txt
[0.235s] writing top-level names to fun5mini_interfaces.egg-info/top_level.txt
[0.237s] reading manifest file 'fun5mini_interfaces.egg-info/SOURCES.txt'
[0.237s] writing manifest file 'fun5mini_interfaces.egg-info/SOURCES.txt'
[0.254s] [100%] Built target ament_cmake_python_build_fun5mini_interfaces_egg
[0.261s] Invoked command in '/home/waritt/fun5mini_ws/build/fun5mini_interfaces' returned '0': CMAKE_PREFIX_PATH=${CMAKE_PREFIX_PATH}:/opt/ros/humble /usr/bin/cmake --build /home/waritt/fun5mini_ws/build/fun5mini_interfaces -- -j16 -l16
[0.329s] Invoking command in '/home/waritt/fun5mini_ws/build/fun5mini_interfaces': CMAKE_PREFIX_PATH=${CMAKE_PREFIX_PATH}:/opt/ros/humble /usr/bin/cmake --install /home/waritt/fun5mini_ws/build/fun5mini_interfaces
[0.335s] -- Install configuration: ""
[0.335s] -- Up-to-date: /home/waritt/fun5mini_ws/install/fun5mini_interfaces/share/ament_index/resource_index/rosidl_interfaces/fun5mini_interfaces
[0.335s] -- Up-to-date: /home/waritt/fun5mini_ws/install/fun5mini_interfaces/include/fun5mini_interfaces/fun5mini_interfaces
[0.335s] -- Up-to-date: /home/waritt/fun5mini_ws/install/fun5mini_interfaces/include/fun5mini_interfaces/fun5mini_interfaces/msg
[0.335s] -- Up-to-date: /home/waritt/fun5mini_ws/install/fun5mini_interfaces/include/fun5mini_interfaces/fun5mini_interfaces/msg/rosidl_generator_c__visibility_control.h
[0.335s] -- Up-to-date: /home/waritt/fun5mini_ws/install/fun5mini_interfaces/include/fun5mini_interfaces/fun5mini_interfaces/srv
[0.335s] -- Up-to-date: /home/waritt/fun5mini_ws/install/fun5mini_interfaces/include/fun5mini_interfaces/fun5mini_interfaces/srv/eat_call.h
[0.335s] -- Up-to-date: /home/waritt/fun5mini_ws/install/fun5mini_interfaces/include/fun5mini_interfaces/fun5mini_interfaces/srv/target_call.h
[0.335s] -- Up-to-date: /home/waritt/fun5mini_ws/install/fun5mini_interfaces/include/fun5mini_interfaces/fun5mini_interfaces/srv/detail
[0.335s] -- Up-to-date: /home/waritt/fun5mini_ws/install/fun5mini_interfaces/include/fun5mini_interfaces/fun5mini_interfaces/srv/detail/target_call__struct.h
[0.335s] -- Up-to-date: /home/waritt/fun5mini_ws/install/fun5mini_interfaces/include/fun5mini_interfaces/fun5mini_interfaces/srv/detail/target_call__functions.h
[0.335s] -- Up-to-date: /home/waritt/fun5mini_ws/install/fun5mini_interfaces/include/fun5mini_interfaces/fun5mini_interfaces/srv/detail/eat_call__type_support.h
[0.335s] -- Up-to-date: /home/waritt/fun5mini_ws/install/fun5mini_interfaces/include/fun5mini_interfaces/fun5mini_interfaces/srv/detail/target_call__type_support.h
[0.336s] -- Up-to-date: /home/waritt/fun5mini_ws/install/fun5mini_interfaces/include/fun5mini_interfaces/fun5mini_interfaces/srv/detail/eat_call__struct.h
[0.336s] -- Up-to-date: /home/waritt/fun5mini_ws/install/fun5mini_interfaces/include/fun5mini_interfaces/fun5mini_interfaces/srv/detail/eat_call__functions.c
[0.336s] -- Up-to-date: /home/waritt/fun5mini_ws/install/fun5mini_interfaces/include/fun5mini_interfaces/fun5mini_interfaces/srv/detail/eat_call__functions.h
[0.336s] -- Up-to-date: /home/waritt/fun5mini_ws/install/fun5mini_interfaces/include/fun5mini_interfaces/fun5mini_interfaces/srv/detail/target_call__functions.c
[0.336s] -- Up-to-date: /home/waritt/fun5mini_ws/install/fun5mini_interfaces/share/fun5mini_interfaces/environment/library_path.sh
[0.336s] -- Up-to-date: /home/waritt/fun5mini_ws/install/fun5mini_interfaces/share/fun5mini_interfaces/environment/library_path.dsv
[0.336s] -- Up-to-date: /home/waritt/fun5mini_ws/install/fun5mini_interfaces/lib/libfun5mini_interfaces__rosidl_generator_c.so
[0.336s] -- Up-to-date: /home/waritt/fun5mini_ws/install/fun5mini_interfaces/include/fun5mini_interfaces/fun5mini_interfaces
[0.336s] -- Up-to-date: /home/waritt/fun5mini_ws/install/fun5mini_interfaces/include/fun5mini_interfaces/fun5mini_interfaces/msg
[0.336s] -- Up-to-date: /home/waritt/fun5mini_ws/install/fun5mini_interfaces/include/fun5mini_interfaces/fun5mini_interfaces/msg/rosidl_typesupport_fastrtps_c__visibility_control.h
[0.336s] -- Up-to-date: /home/waritt/fun5mini_ws/install/fun5mini_interfaces/include/fun5mini_interfaces/fun5mini_interfaces/srv
[0.336s] -- Up-to-date: /home/waritt/fun5mini_ws/install/fun5mini_interfaces/include/fun5mini_interfaces/fun5mini_interfaces/srv/detail
[0.336s] -- Up-to-date: /home/waritt/fun5mini_ws/install/fun5mini_interfaces/include/fun5mini_interfaces/fun5mini_interfaces/srv/detail/eat_call__rosidl_typesupport_fastrtps_c.h
[0.336s] -- Up-to-date: /home/waritt/fun5mini_ws/install/fun5mini_interfaces/include/fun5mini_interfaces/fun5mini_interfaces/srv/detail/target_call__rosidl_typesupport_fastrtps_c.h
[0.336s] -- Up-to-date: /home/waritt/fun5mini_ws/install/fun5mini_interfaces/lib/libfun5mini_interfaces__rosidl_typesupport_fastrtps_c.so
[0.336s] -- Up-to-date: /home/waritt/fun5mini_ws/install/fun5mini_interfaces/include/fun5mini_interfaces/fun5mini_interfaces
[0.336s] -- Up-to-date: /home/waritt/fun5mini_ws/install/fun5mini_interfaces/include/fun5mini_interfaces/fun5mini_interfaces/msg
[0.336s] -- Up-to-date: /home/waritt/fun5mini_ws/install/fun5mini_interfaces/include/fun5mini_interfaces/fun5mini_interfaces/msg/rosidl_typesupport_introspection_c__visibility_control.h
[0.336s] -- Up-to-date: /home/waritt/fun5mini_ws/install/fun5mini_interfaces/include/fun5mini_interfaces/fun5mini_interfaces/srv
[0.336s] -- Up-to-date: /home/waritt/fun5mini_ws/install/fun5mini_interfaces/include/fun5mini_interfaces/fun5mini_interfaces/srv/detail
[0.337s] -- Up-to-date: /home/waritt/fun5mini_ws/install/fun5mini_interfaces/include/fun5mini_interfaces/fun5mini_interfaces/srv/detail/target_call__type_support.c
[0.337s] -- Up-to-date: /home/waritt/fun5mini_ws/install/fun5mini_interfaces/include/fun5mini_interfaces/fun5mini_interfaces/srv/detail/target_call__rosidl_typesupport_introspection_c.h
[0.337s] -- Up-to-date: /home/waritt/fun5mini_ws/install/fun5mini_interfaces/include/fun5mini_interfaces/fun5mini_interfaces/srv/detail/eat_call__type_support.c
[0.337s] -- Up-to-date: /home/waritt/fun5mini_ws/install/fun5mini_interfaces/include/fun5mini_interfaces/fun5mini_interfaces/srv/detail/eat_call__rosidl_typesupport_introspection_c.h
[0.337s] -- Up-to-date: /home/waritt/fun5mini_ws/install/fun5mini_interfaces/lib/libfun5mini_interfaces__rosidl_typesupport_introspection_c.so
[0.337s] -- Up-to-date: /home/waritt/fun5mini_ws/install/fun5mini_interfaces/lib/libfun5mini_interfaces__rosidl_typesupport_c.so
[0.337s] -- Up-to-date: /home/waritt/fun5mini_ws/install/fun5mini_interfaces/include/fun5mini_interfaces/fun5mini_interfaces
[0.337s] -- Up-to-date: /home/waritt/fun5mini_ws/install/fun5mini_interfaces/include/fun5mini_interfaces/fun5mini_interfaces/srv
[0.337s] -- Up-to-date: /home/waritt/fun5mini_ws/install/fun5mini_interfaces/include/fun5mini_interfaces/fun5mini_interfaces/srv/target_call.hpp
[0.337s] -- Up-to-date: /home/waritt/fun5mini_ws/install/fun5mini_interfaces/include/fun5mini_interfaces/fun5mini_interfaces/srv/eat_call.hpp
[0.337s] -- Up-to-date: /home/waritt/fun5mini_ws/install/fun5mini_interfaces/include/fun5mini_interfaces/fun5mini_interfaces/srv/detail
[0.337s] -- Up-to-date: /home/waritt/fun5mini_ws/install/fun5mini_interfaces/include/fun5mini_interfaces/fun5mini_interfaces/srv/detail/eat_call__struct.hpp
[0.337s] -- Up-to-date: /home/waritt/fun5mini_ws/install/fun5mini_interfaces/include/fun5mini_interfaces/fun5mini_interfaces/srv/detail/eat_call__builder.hpp
[0.337s] -- Up-to-date: /home/waritt/fun5mini_ws/install/fun5mini_interfaces/include/fun5mini_interfaces/fun5mini_interfaces/srv/detail/target_call__struct.hpp
[0.337s] -- Up-to-date: /home/waritt/fun5mini_ws/install/fun5mini_interfaces/include/fun5mini_interfaces/fun5mini_interfaces/srv/detail/eat_call__traits.hpp
[0.337s] -- Up-to-date: /home/waritt/fun5mini_ws/install/fun5mini_interfaces/include/fun5mini_interfaces/fun5mini_interfaces/srv/detail/target_call__builder.hpp
[0.337s] -- Up-to-date: /home/waritt/fun5mini_ws/install/fun5mini_interfaces/include/fun5mini_interfaces/fun5mini_interfaces/srv/detail/target_call__traits.hpp
[0.337s] -- Up-to-date: /home/waritt/fun5mini_ws/install/fun5mini_interfaces/include/fun5mini_interfaces/fun5mini_interfaces
[0.337s] -- Up-to-date: /home/waritt/fun5mini_ws/install/fun5mini_interfaces/include/fun5mini_interfaces/fun5mini_interfaces/msg
[0.337s] -- Up-to-date: /home/waritt/fun5mini_ws/install/fun5mini_interfaces/include/fun5mini_interfaces/fun5mini_interfaces/msg/rosidl_typesupport_fastrtps_cpp__visibility_control.h
[0.337s] -- Up-to-date: /home/waritt/fun5mini_ws/install/fun5mini_interfaces/include/fun5mini_interfaces/fun5mini_interfaces/srv
[0.338s] -- Up-to-date: /home/waritt/fun5mini_ws/install/fun5mini_interfaces/include/fun5mini_interfaces/fun5mini_interfaces/srv/detail
[0.338s] -- Up-to-date: /home/waritt/fun5mini_ws/install/fun5mini_interfaces/include/fun5mini_interfaces/fun5mini_interfaces/srv/detail/eat_call__rosidl_typesupport_fastrtps_cpp.hpp
[0.338s] -- Up-to-date: /home/waritt/fun5mini_ws/install/fun5mini_interfaces/include/fun5mini_interfaces/fun5mini_interfaces/srv/detail/target_call__rosidl_typesupport_fastrtps_cpp.hpp
[0.338s] -- Up-to-date: /home/waritt/fun5mini_ws/install/fun5mini_interfaces/include/fun5mini_interfaces/fun5mini_interfaces/srv/detail/dds_fastrtps
[0.338s] -- Up-to-date: /home/waritt/fun5mini_ws/install/fun5mini_interfaces/lib/libfun5mini_interfaces__rosidl_typesupport_fastrtps_cpp.so
[0.338s] -- Up-to-date: /home/waritt/fun5mini_ws/install/fun5mini_interfaces/include/fun5mini_interfaces/fun5mini_interfaces
[0.338s] -- Up-to-date: /home/waritt/fun5mini_ws/install/fun5mini_interfaces/include/fun5mini_interfaces/fun5mini_interfaces/srv
[0.338s] -- Up-to-date: /home/waritt/fun5mini_ws/install/fun5mini_interfaces/include/fun5mini_interfaces/fun5mini_interfaces/srv/detail
[0.338s] -- Up-to-date: /home/waritt/fun5mini_ws/install/fun5mini_interfaces/include/fun5mini_interfaces/fun5mini_interfaces/srv/detail/eat_call__type_support.cpp
[0.338s] -- Up-to-date: /home/waritt/fun5mini_ws/install/fun5mini_interfaces/include/fun5mini_interfaces/fun5mini_interfaces/srv/detail/target_call__type_support.cpp
[0.338s] -- Up-to-date: /home/waritt/fun5mini_ws/install/fun5mini_interfaces/include/fun5mini_interfaces/fun5mini_interfaces/srv/detail/target_call__rosidl_typesupport_introspection_cpp.hpp
[0.338s] -- Up-to-date: /home/waritt/fun5mini_ws/install/fun5mini_interfaces/include/fun5mini_interfaces/fun5mini_interfaces/srv/detail/eat_call__rosidl_typesupport_introspection_cpp.hpp
[0.338s] -- Up-to-date: /home/waritt/fun5mini_ws/install/fun5mini_interfaces/lib/libfun5mini_interfaces__rosidl_typesupport_introspection_cpp.so
[0.338s] -- Up-to-date: /home/waritt/fun5mini_ws/install/fun5mini_interfaces/lib/libfun5mini_interfaces__rosidl_typesupport_cpp.so
[0.338s] -- Up-to-date: /home/waritt/fun5mini_ws/install/fun5mini_interfaces/share/fun5mini_interfaces/environment/pythonpath.sh
[0.338s] -- Up-to-date: /home/waritt/fun5mini_ws/install/fun5mini_interfaces/share/fun5mini_interfaces/environment/pythonpath.dsv
[0.338s] -- Up-to-date: /home/waritt/fun5mini_ws/install/fun5mini_interfaces/local/lib/python3.10/dist-packages/fun5mini_interfaces-0.0.0-py3.10.egg-info
[0.338s] -- Installing: /home/waritt/fun5mini_ws/install/fun5mini_interfaces/local/lib/python3.10/dist-packages/fun5mini_interfaces-0.0.0-py3.10.egg-info/SOURCES.txt
[0.338s] -- Installing: /home/waritt/fun5mini_ws/install/fun5mini_interfaces/local/lib/python3.10/dist-packages/fun5mini_interfaces-0.0.0-py3.10.egg-info/top_level.txt
[0.338s] -- Installing: /home/waritt/fun5mini_ws/install/fun5mini_interfaces/local/lib/python3.10/dist-packages/fun5mini_interfaces-0.0.0-py3.10.egg-info/PKG-INFO
[0.338s] -- Installing: /home/waritt/fun5mini_ws/install/fun5mini_interfaces/local/lib/python3.10/dist-packages/fun5mini_interfaces-0.0.0-py3.10.egg-info/dependency_links.txt
[0.338s] -- Up-to-date: /home/waritt/fun5mini_ws/install/fun5mini_interfaces/local/lib/python3.10/dist-packages/fun5mini_interfaces
[0.338s] -- Up-to-date: /home/waritt/fun5mini_ws/install/fun5mini_interfaces/local/lib/python3.10/dist-packages/fun5mini_interfaces/fun5mini_interfaces_s__rosidl_typesupport_fastrtps_c.cpython-310-x86_64-linux-gnu.so
[0.338s] -- Up-to-date: /home/waritt/fun5mini_ws/install/fun5mini_interfaces/local/lib/python3.10/dist-packages/fun5mini_interfaces/__init__.py
[0.338s] -- Up-to-date: /home/waritt/fun5mini_ws/install/fun5mini_interfaces/local/lib/python3.10/dist-packages/fun5mini_interfaces/fun5mini_interfaces_s__rosidl_typesupport_c.cpython-310-x86_64-linux-gnu.so
[0.338s] -- Up-to-date: /home/waritt/fun5mini_ws/install/fun5mini_interfaces/local/lib/python3.10/dist-packages/fun5mini_interfaces/fun5mini_interfaces_s__rosidl_typesupport_introspection_c.cpython-310-x86_64-linux-gnu.so
[0.338s] -- Up-to-date: /home/waritt/fun5mini_ws/install/fun5mini_interfaces/local/lib/python3.10/dist-packages/fun5mini_interfaces/_fun5mini_interfaces_s.ep.rosidl_typesupport_introspection_c.c
[0.339s] -- Up-to-date: /home/waritt/fun5mini_ws/install/fun5mini_interfaces/local/lib/python3.10/dist-packages/fun5mini_interfaces/libfun5mini_interfaces__rosidl_generator_py.so
[0.339s] -- Up-to-date: /home/waritt/fun5mini_ws/install/fun5mini_interfaces/local/lib/python3.10/dist-packages/fun5mini_interfaces/_fun5mini_interfaces_s.ep.rosidl_typesupport_fastrtps_c.c
[0.339s] -- Up-to-date: /home/waritt/fun5mini_ws/install/fun5mini_interfaces/local/lib/python3.10/dist-packages/fun5mini_interfaces/_fun5mini_interfaces_s.ep.rosidl_typesupport_c.c
[0.339s] -- Up-to-date: /home/waritt/fun5mini_ws/install/fun5mini_interfaces/local/lib/python3.10/dist-packages/fun5mini_interfaces/srv
[0.339s] -- Up-to-date: /home/waritt/fun5mini_ws/install/fun5mini_interfaces/local/lib/python3.10/dist-packages/fun5mini_interfaces/srv/__init__.py
[0.339s] -- Up-to-date: /home/waritt/fun5mini_ws/install/fun5mini_interfaces/local/lib/python3.10/dist-packages/fun5mini_interfaces/srv/_eat_call_s.c
[0.339s] -- Up-to-date: /home/waritt/fun5mini_ws/install/fun5mini_interfaces/local/lib/python3.10/dist-packages/fun5mini_interfaces/srv/_target_call.py
[0.339s] -- Up-to-date: /home/waritt/fun5mini_ws/install/fun5mini_interfaces/local/lib/python3.10/dist-packages/fun5mini_interfaces/srv/_target_call_s.c
[0.339s] -- Up-to-date: /home/waritt/fun5mini_ws/install/fun5mini_interfaces/local/lib/python3.10/dist-packages/fun5mini_interfaces/srv/_eat_call.py
[0.364s] Listing '/home/waritt/fun5mini_ws/install/fun5mini_interfaces/local/lib/python3.10/dist-packages/fun5mini_interfaces'...
[0.364s] Listing '/home/waritt/fun5mini_ws/install/fun5mini_interfaces/local/lib/python3.10/dist-packages/fun5mini_interfaces/srv'...
[0.366s] -- Up-to-date: /home/waritt/fun5mini_ws/install/fun5mini_interfaces/local/lib/python3.10/dist-packages/fun5mini_interfaces/fun5mini_interfaces_s__rosidl_typesupport_fastrtps_c.cpython-310-x86_64-linux-gnu.so
[0.367s] -- Up-to-date: /home/waritt/fun5mini_ws/install/fun5mini_interfaces/local/lib/python3.10/dist-packages/fun5mini_interfaces/fun5mini_interfaces_s__rosidl_typesupport_introspection_c.cpython-310-x86_64-linux-gnu.so
[0.367s] -- Up-to-date: /home/waritt/fun5mini_ws/install/fun5mini_interfaces/local/lib/python3.10/dist-packages/fun5mini_interfaces/fun5mini_interfaces_s__rosidl_typesupport_c.cpython-310-x86_64-linux-gnu.so
[0.367s] -- Up-to-date: /home/waritt/fun5mini_ws/install/fun5mini_interfaces/lib/libfun5mini_interfaces__rosidl_generator_py.so
[0.367s] -- Up-to-date: /home/waritt/fun5mini_ws/install/fun5mini_interfaces/share/fun5mini_interfaces/srv/EatCall.idl
[0.367s] -- Up-to-date: /home/waritt/fun5mini_ws/install/fun5mini_interfaces/share/fun5mini_interfaces/srv/TargetCall.idl
[0.367s] -- Up-to-date: /home/waritt/fun5mini_ws/install/fun5mini_interfaces/share/fun5mini_interfaces/srv/EatCall.srv
[0.367s] -- Up-to-date: /home/waritt/fun5mini_ws/install/fun5mini_interfaces/share/fun5mini_interfaces/srv/EatCall_Request.msg
[0.367s] -- Up-to-date: /home/waritt/fun5mini_ws/install/fun5mini_interfaces/share/fun5mini_interfaces/srv/EatCall_Response.msg
[0.367s] -- Up-to-date: /home/waritt/fun5mini_ws/install/fun5mini_interfaces/share/fun5mini_interfaces/srv/TargetCall.srv
[0.367s] -- Up-to-date: /home/waritt/fun5mini_ws/install/fun5mini_interfaces/share/fun5mini_interfaces/srv/TargetCall_Request.msg
[0.367s] -- Up-to-date: /home/waritt/fun5mini_ws/install/fun5mini_interfaces/share/fun5mini_interfaces/srv/TargetCall_Response.msg
[0.367s] -- Up-to-date: /home/waritt/fun5mini_ws/install/fun5mini_interfaces/share/ament_index/resource_index/package_run_dependencies/fun5mini_interfaces
[0.367s] -- Up-to-date: /home/waritt/fun5mini_ws/install/fun5mini_interfaces/share/ament_index/resource_index/parent_prefix_path/fun5mini_interfaces
[0.367s] -- Up-to-date: /home/waritt/fun5mini_ws/install/fun5mini_interfaces/share/fun5mini_interfaces/environment/ament_prefix_path.sh
[0.367s] -- Up-to-date: /home/waritt/fun5mini_ws/install/fun5mini_interfaces/share/fun5mini_interfaces/environment/ament_prefix_path.dsv
[0.368s] -- Up-to-date: /home/waritt/fun5mini_ws/install/fun5mini_interfaces/share/fun5mini_interfaces/environment/path.sh
[0.368s] -- Up-to-date: /home/waritt/fun5mini_ws/install/fun5mini_interfaces/share/fun5mini_interfaces/environment/path.dsv
[0.368s] -- Up-to-date: /home/waritt/fun5mini_ws/install/fun5mini_interfaces/share/fun5mini_interfaces/local_setup.bash
[0.368s] -- Up-to-date: /home/waritt/fun5mini_ws/install/fun5mini_interfaces/share/fun5mini_interfaces/local_setup.sh
[0.368s] -- Up-to-date: /home/waritt/fun5mini_ws/install/fun5mini_interfaces/share/fun5mini_interfaces/local_setup.zsh
[0.368s] -- Up-to-date: /home/waritt/fun5mini_ws/install/fun5mini_interfaces/share/fun5mini_interfaces/local_setup.dsv
[0.368s] -- Installing: /home/waritt/fun5mini_ws/install/fun5mini_interfaces/share/fun5mini_interfaces/package.dsv
[0.368s] -- Up-to-date: /home/waritt/fun5mini_ws/install/fun5mini_interfaces/share/ament_index/resource_index/packages/fun5mini_interfaces
[0.368s] -- Up-to-date: /home/waritt/fun5mini_ws/install/fun5mini_interfaces/share/fun5mini_interfaces/cmake/export_fun5mini_interfaces__rosidl_generator_cExport.cmake
[0.368s] -- Up-to-date: /home/waritt/fun5mini_ws/install/fun5mini_interfaces/share/fun5mini_interfaces/cmake/export_fun5mini_interfaces__rosidl_generator_cExport-noconfig.cmake
[0.368s] -- Up-to-date: /home/waritt/fun5mini_ws/install/fun5mini_interfaces/share/fun5mini_interfaces/cmake/export_fun5mini_interfaces__rosidl_typesupport_fastrtps_cExport.cmake
[0.368s] -- Up-to-date: /home/waritt/fun5mini_ws/install/fun5mini_interfaces/share/fun5mini_interfaces/cmake/export_fun5mini_interfaces__rosidl_typesupport_fastrtps_cExport-noconfig.cmake
[0.368s] -- Up-to-date: /home/waritt/fun5mini_ws/install/fun5mini_interfaces/share/fun5mini_interfaces/cmake/fun5mini_interfaces__rosidl_typesupport_introspection_cExport.cmake
[0.368s] -- Up-to-date: /home/waritt/fun5mini_ws/install/fun5mini_interfaces/share/fun5mini_interfaces/cmake/fun5mini_interfaces__rosidl_typesupport_introspection_cExport-noconfig.cmake
[0.368s] -- Up-to-date: /home/waritt/fun5mini_ws/install/fun5mini_interfaces/share/fun5mini_interfaces/cmake/fun5mini_interfaces__rosidl_typesupport_cExport.cmake
[0.368s] -- Up-to-date: /home/waritt/fun5mini_ws/install/fun5mini_interfaces/share/fun5mini_interfaces/cmake/fun5mini_interfaces__rosidl_typesupport_cExport-noconfig.cmake
[0.368s] -- Up-to-date: /home/waritt/fun5mini_ws/install/fun5mini_interfaces/share/fun5mini_interfaces/cmake/export_fun5mini_interfaces__rosidl_generator_cppExport.cmake
[0.368s] -- Up-to-date: /home/waritt/fun5mini_ws/install/fun5mini_interfaces/share/fun5mini_interfaces/cmake/export_fun5mini_interfaces__rosidl_typesupport_fastrtps_cppExport.cmake
[0.368s] -- Up-to-date: /home/waritt/fun5mini_ws/install/fun5mini_interfaces/share/fun5mini_interfaces/cmake/export_fun5mini_interfaces__rosidl_typesupport_fastrtps_cppExport-noconfig.cmake
[0.368s] -- Up-to-date: /home/waritt/fun5mini_ws/install/fun5mini_interfaces/share/fun5mini_interfaces/cmake/fun5mini_interfaces__rosidl_typesupport_introspection_cppExport.cmake
[0.368s] -- Up-to-date: /home/waritt/fun5mini_ws/install/fun5mini_interfaces/share/fun5mini_interfaces/cmake/fun5mini_interfaces__rosidl_typesupport_introspection_cppExport-noconfig.cmake
[0.369s] -- Up-to-date: /home/waritt/fun5mini_ws/install/fun5mini_interfaces/share/fun5mini_interfaces/cmake/fun5mini_interfaces__rosidl_typesupport_cppExport.cmake
[0.369s] -- Up-to-date: /home/waritt/fun5mini_ws/install/fun5mini_interfaces/share/fun5mini_interfaces/cmake/fun5mini_interfaces__rosidl_typesupport_cppExport-noconfig.cmake
[0.369s] -- Up-to-date: /home/waritt/fun5mini_ws/install/fun5mini_interfaces/share/fun5mini_interfaces/cmake/export_fun5mini_interfaces__rosidl_generator_pyExport.cmake
[0.369s] -- Up-to-date: /home/waritt/fun5mini_ws/install/fun5mini_interfaces/share/fun5mini_interfaces/cmake/export_fun5mini_interfaces__rosidl_generator_pyExport-noconfig.cmake
[0.369s] -- Up-to-date: /home/waritt/fun5mini_ws/install/fun5mini_interfaces/share/fun5mini_interfaces/cmake/rosidl_cmake-extras.cmake
[0.369s] -- Up-to-date: /home/waritt/fun5mini_ws/install/fun5mini_interfaces/share/fun5mini_interfaces/cmake/ament_cmake_export_include_directories-extras.cmake
[0.369s] -- Up-to-date: /home/waritt/fun5mini_ws/install/fun5mini_interfaces/share/fun5mini_interfaces/cmake/ament_cmake_export_libraries-extras.cmake
[0.369s] -- Up-to-date: /home/waritt/fun5mini_ws/install/fun5mini_interfaces/share/fun5mini_interfaces/cmake/ament_cmake_export_targets-extras.cmake
[0.369s] -- Up-to-date: /home/waritt/fun5mini_ws/install/fun5mini_interfaces/share/fun5mini_interfaces/cmake/rosidl_cmake_export_typesupport_targets-extras.cmake
[0.369s] -- Up-to-date: /home/waritt/fun5mini_ws/install/fun5mini_interfaces/share/fun5mini_interfaces/cmake/ament_cmake_export_dependencies-extras.cmake
[0.369s] -- Up-to-date: /home/waritt/fun5mini_ws/install/fun5mini_interfaces/share/fun5mini_interfaces/cmake/rosidl_cmake_export_typesupport_libraries-extras.cmake
[0.369s] -- Up-to-date: /home/waritt/fun5mini_ws/install/fun5mini_interfaces/share/fun5mini_interfaces/cmake/fun5mini_interfacesConfig.cmake
[0.369s] -- Up-to-date: /home/waritt/fun5mini_ws/install/fun5mini_interfaces/share/fun5mini_interfaces/cmake/fun5mini_interfacesConfig-version.cmake
[0.369s] -- Up-to-date: /home/waritt/fun5mini_ws/install/fun5mini_interfaces/share/fun5mini_interfaces/package.xml
[0.370s] Invoked command in '/home/waritt/fun5mini_ws/build/fun5mini_interfaces' returned '0': CMAKE_PREFIX_PATH=${CMAKE_PREFIX_PATH}:/opt/ros/humble /usr/bin/cmake --install /home/waritt/fun5mini_ws/build/fun5mini_interfaces
