[0.008s] Invoking command in '/home/waritt/fun5mini_ws/build/turtle_game': CMAKE_PREFIX_PATH=${CMAKE_PREFIX_PATH}:/opt/ros/humble /usr/bin/cmake --build /home/waritt/fun5mini_ws/build/turtle_game -- -j16 -l16
[0.042s] [100%] Built target cpp_node_test
[0.048s] [100%] Built target ament_cmake_python_copy_turtle_game
[0.220s] running egg_info
[0.220s] writing turtle_game.egg-info/PKG-INFO
[0.220s] writing dependency_links to turtle_game.egg-info/dependency_links.txt
[0.220s] writing top-level names to turtle_game.egg-info/top_level.txt
[0.222s] reading manifest file 'turtle_game.egg-info/SOURCES.txt'
[0.222s] writing manifest file 'turtle_game.egg-info/SOURCES.txt'
[0.240s] [100%] Built target ament_cmake_python_build_turtle_game_egg
[0.248s] Invoked command in '/home/waritt/fun5mini_ws/build/turtle_game' returned '0': CMAKE_PREFIX_PATH=${CMAKE_PREFIX_PATH}:/opt/ros/humble /usr/bin/cmake --build /home/waritt/fun5mini_ws/build/turtle_game -- -j16 -l16
[0.275s] Invoking command in '/home/waritt/fun5mini_ws/build/turtle_game': CMAKE_PREFIX_PATH=${CMAKE_PREFIX_PATH}:/opt/ros/humble /usr/bin/cmake --install /home/waritt/fun5mini_ws/build/turtle_game
[0.280s] -- Install configuration: ""
[0.280s] -- Up-to-date: /home/waritt/fun5mini_ws/install/turtle_game/share/turtle_game/environment/pythonpath.sh
[0.280s] -- Up-to-date: /home/waritt/fun5mini_ws/install/turtle_game/share/turtle_game/environment/pythonpath.dsv
[0.280s] -- Up-to-date: /home/waritt/fun5mini_ws/install/turtle_game/local/lib/python3.10/dist-packages/turtle_game-0.0.0-py3.10.egg-info
[0.280s] -- Installing: /home/waritt/fun5mini_ws/install/turtle_game/local/lib/python3.10/dist-packages/turtle_game-0.0.0-py3.10.egg-info/SOURCES.txt
[0.280s] -- Installing: /home/waritt/fun5mini_ws/install/turtle_game/local/lib/python3.10/dist-packages/turtle_game-0.0.0-py3.10.egg-info/top_level.txt
[0.280s] -- Installing: /home/waritt/fun5mini_ws/install/turtle_game/local/lib/python3.10/dist-packages/turtle_game-0.0.0-py3.10.egg-info/PKG-INFO
[0.280s] -- Installing: /home/waritt/fun5mini_ws/install/turtle_game/local/lib/python3.10/dist-packages/turtle_game-0.0.0-py3.10.egg-info/dependency_links.txt
[0.280s] -- Up-to-date: /home/waritt/fun5mini_ws/install/turtle_game/local/lib/python3.10/dist-packages/turtle_game
[0.280s] -- Up-to-date: /home/waritt/fun5mini_ws/install/turtle_game/local/lib/python3.10/dist-packages/turtle_game/__init__.py
[0.280s] -- Up-to-date: /home/waritt/fun5mini_ws/install/turtle_game/local/lib/python3.10/dist-packages/turtle_game/dummy_module.py
[0.305s] Listing '/home/waritt/fun5mini_ws/install/turtle_game/local/lib/python3.10/dist-packages/turtle_game'...
[0.308s] -- Up-to-date: /home/waritt/fun5mini_ws/install/turtle_game/lib/turtle_game/dummy_script.py
[0.308s] -- Up-to-date: /home/waritt/fun5mini_ws/install/turtle_game/lib/turtle_game/controller.py
[0.308s] -- Up-to-date: /home/waritt/fun5mini_ws/install/turtle_game/lib/turtle_game/spawn_target.py
[0.308s] -- Up-to-date: /home/waritt/fun5mini_ws/install/turtle_game/lib/turtle_game/bot.py
[0.308s] -- Up-to-date: /home/waritt/fun5mini_ws/install/turtle_game/lib/turtle_game/cpp_node_test
[0.308s] -- Up-to-date: /home/waritt/fun5mini_ws/install/turtle_game/share/turtle_game/launch
[0.308s] -- Up-to-date: /home/waritt/fun5mini_ws/install/turtle_game/share/turtle_game/launch/turtle_game_ling.launch.py
[0.308s] -- Installing: /home/waritt/fun5mini_ws/install/turtle_game/share/turtle_game/launch/turtle_game_bot.launch.py
[0.308s] -- Up-to-date: /home/waritt/fun5mini_ws/install/turtle_game/share/ament_index/resource_index/package_run_dependencies/turtle_game
[0.308s] -- Up-to-date: /home/waritt/fun5mini_ws/install/turtle_game/share/ament_index/resource_index/parent_prefix_path/turtle_game
[0.308s] -- Up-to-date: /home/waritt/fun5mini_ws/install/turtle_game/share/turtle_game/environment/ament_prefix_path.sh
[0.308s] -- Up-to-date: /home/waritt/fun5mini_ws/install/turtle_game/share/turtle_game/environment/ament_prefix_path.dsv
[0.308s] -- Up-to-date: /home/waritt/fun5mini_ws/install/turtle_game/share/turtle_game/environment/path.sh
[0.308s] -- Up-to-date: /home/waritt/fun5mini_ws/install/turtle_game/share/turtle_game/environment/path.dsv
[0.308s] -- Up-to-date: /home/waritt/fun5mini_ws/install/turtle_game/share/turtle_game/local_setup.bash
[0.309s] -- Up-to-date: /home/waritt/fun5mini_ws/install/turtle_game/share/turtle_game/local_setup.sh
[0.309s] -- Up-to-date: /home/waritt/fun5mini_ws/install/turtle_game/share/turtle_game/local_setup.zsh
[0.309s] -- Up-to-date: /home/waritt/fun5mini_ws/install/turtle_game/share/turtle_game/local_setup.dsv
[0.309s] -- Installing: /home/waritt/fun5mini_ws/install/turtle_game/share/turtle_game/package.dsv
[0.309s] -- Up-to-date: /home/waritt/fun5mini_ws/install/turtle_game/share/ament_index/resource_index/packages/turtle_game
[0.309s] -- Up-to-date: /home/waritt/fun5mini_ws/install/turtle_game/share/turtle_game/cmake/turtle_gameConfig.cmake
[0.309s] -- Up-to-date: /home/waritt/fun5mini_ws/install/turtle_game/share/turtle_game/cmake/turtle_gameConfig-version.cmake
[0.309s] -- Up-to-date: /home/waritt/fun5mini_ws/install/turtle_game/share/turtle_game/package.xml
[0.310s] Invoked command in '/home/waritt/fun5mini_ws/build/turtle_game' returned '0': CMAKE_PREFIX_PATH=${CMAKE_PREFIX_PATH}:/opt/ros/humble /usr/bin/cmake --install /home/waritt/fun5mini_ws/build/turtle_game
