-- Found ament_cmake: 1.3.10 (/opt/ros/humble/share/ament_cmake/cmake)
-- Found rclcpp: 16.0.10 (/opt/ros/humble/share/rclcpp/cmake)
-- Found rosidl_generator_c: 3.1.5 (/opt/ros/humble/share/rosidl_generator_c/cmake)
-- Found rosidl_adapter: 3.1.5 (/opt/ros/humble/share/rosidl_adapter/cmake)
-- Found rosidl_generator_cpp: 3.1.5 (/opt/ros/humble/share/rosidl_generator_cpp/cmake)
-- Using all available rosidl_typesupport_c: rosidl_typesupport_fastrtps_c;rosidl_typesupport_introspection_c
-- Using all available rosidl_typesupport_cpp: rosidl_typesupport_fastrtps_cpp;rosidl_typesupport_introspection_cpp
-- Found rmw_implementation_cmake: 6.1.2 (/opt/ros/humble/share/rmw_implementation_cmake/cmake)
-- Found rmw_fastrtps_cpp: 6.2.7 (/opt/ros/humble/share/rmw_fastrtps_cpp/cmake)
-- Using RMW implementation 'rmw_fastrtps_cpp' as default
-- Found rclpy: 3.3.14 (/opt/ros/humble/share/rclpy/cmake)
-- Configuring done
-- Generating done
-- Build files have been written to: /home/waritt/fun5mini_ws/build/turtle_game
[35m[1mConsolidate compiler generated dependencies of target cpp_node_test[0m
[100%] Built target cpp_node_test
[100%] Built target ament_cmake_python_copy_turtle_game
running egg_info
writing turtle_game.egg-info/PKG-INFO
writing dependency_links to turtle_game.egg-info/dependency_links.txt
writing top-level names to turtle_game.egg-info/top_level.txt
reading manifest file 'turtle_game.egg-info/SOURCES.txt'
writing manifest file 'turtle_game.egg-info/SOURCES.txt'
[100%] Built target ament_cmake_python_build_turtle_game_egg
-- Install configuration: ""
-- Up-to-date: /home/waritt/fun5mini_ws/install/turtle_game/share/turtle_game/environment/pythonpath.sh
-- Installing: /home/waritt/fun5mini_ws/install/turtle_game/share/turtle_game/environment/pythonpath.dsv
-- Up-to-date: /home/waritt/fun5mini_ws/install/turtle_game/local/lib/python3.10/dist-packages/turtle_game-0.0.0-py3.10.egg-info
-- Installing: /home/waritt/fun5mini_ws/install/turtle_game/local/lib/python3.10/dist-packages/turtle_game-0.0.0-py3.10.egg-info/SOURCES.txt
-- Installing: /home/waritt/fun5mini_ws/install/turtle_game/local/lib/python3.10/dist-packages/turtle_game-0.0.0-py3.10.egg-info/top_level.txt
-- Installing: /home/waritt/fun5mini_ws/install/turtle_game/local/lib/python3.10/dist-packages/turtle_game-0.0.0-py3.10.egg-info/PKG-INFO
-- Installing: /home/waritt/fun5mini_ws/install/turtle_game/local/lib/python3.10/dist-packages/turtle_game-0.0.0-py3.10.egg-info/dependency_links.txt
-- Up-to-date: /home/waritt/fun5mini_ws/install/turtle_game/local/lib/python3.10/dist-packages/turtle_game
-- Up-to-date: /home/waritt/fun5mini_ws/install/turtle_game/local/lib/python3.10/dist-packages/turtle_game/__init__.py
-- Up-to-date: /home/waritt/fun5mini_ws/install/turtle_game/local/lib/python3.10/dist-packages/turtle_game/dummy_module.py
Listing '/home/waritt/fun5mini_ws/install/turtle_game/local/lib/python3.10/dist-packages/turtle_game'...
-- Up-to-date: /home/waritt/fun5mini_ws/install/turtle_game/lib/turtle_game/dummy_script.py
-- Installing: /home/waritt/fun5mini_ws/install/turtle_game/lib/turtle_game/controller.py
-- Installing: /home/waritt/fun5mini_ws/install/turtle_game/lib/turtle_game/spawn_target.py
-- Installing: /home/waritt/fun5mini_ws/install/turtle_game/lib/turtle_game/bot.py
-- Up-to-date: /home/waritt/fun5mini_ws/install/turtle_game/lib/turtle_game/cpp_node_test
-- Installing: /home/waritt/fun5mini_ws/install/turtle_game/share/turtle_game/launch
-- Up-to-date: /home/waritt/fun5mini_ws/install/turtle_game/share/ament_index/resource_index/package_run_dependencies/turtle_game
-- Installing: /home/waritt/fun5mini_ws/install/turtle_game/share/ament_index/resource_index/parent_prefix_path/turtle_game
-- Up-to-date: /home/waritt/fun5mini_ws/install/turtle_game/share/turtle_game/environment/ament_prefix_path.sh
-- Installing: /home/waritt/fun5mini_ws/install/turtle_game/share/turtle_game/environment/ament_prefix_path.dsv
-- Up-to-date: /home/waritt/fun5mini_ws/install/turtle_game/share/turtle_game/environment/path.sh
-- Installing: /home/waritt/fun5mini_ws/install/turtle_game/share/turtle_game/environment/path.dsv
-- Up-to-date: /home/waritt/fun5mini_ws/install/turtle_game/share/turtle_game/local_setup.bash
-- Up-to-date: /home/waritt/fun5mini_ws/install/turtle_game/share/turtle_game/local_setup.sh
-- Up-to-date: /home/waritt/fun5mini_ws/install/turtle_game/share/turtle_game/local_setup.zsh
-- Installing: /home/waritt/fun5mini_ws/install/turtle_game/share/turtle_game/local_setup.dsv
-- Installing: /home/waritt/fun5mini_ws/install/turtle_game/share/turtle_game/package.dsv
-- Up-to-date: /home/waritt/fun5mini_ws/install/turtle_game/share/ament_index/resource_index/packages/turtle_game
-- Up-to-date: /home/waritt/fun5mini_ws/install/turtle_game/share/turtle_game/cmake/turtle_gameConfig.cmake
-- Up-to-date: /home/waritt/fun5mini_ws/install/turtle_game/share/turtle_game/cmake/turtle_gameConfig-version.cmake
-- Up-to-date: /home/waritt/fun5mini_ws/install/turtle_game/share/turtle_game/package.xml
