-- Found ament_cmake: 1.3.10 (/opt/ros/humble/share/ament_cmake/cmake)
-- Found rosidl_default_generators: 1.2.0 (/opt/ros/humble/share/rosidl_default_generators/cmake)
-- Using all available rosidl_typesupport_c: rosidl_typesupport_fastrtps_c;rosidl_typesupport_introspection_c
-- Found rosidl_adapter: 3.1.5 (/opt/ros/humble/share/rosidl_adapter/cmake)
-- Using all available rosidl_typesupport_cpp: rosidl_typesupport_fastrtps_cpp;rosidl_typesupport_introspection_cpp
-- Found ament_lint_auto: 0.12.11 (/opt/ros/humble/share/ament_lint_auto/cmake)
-- Found ament_cmake_ros: 0.10.0 (/opt/ros/humble/share/ament_cmake_ros/cmake)
-- Using all available rosidl_typesupport_c: rosidl_typesupport_fastrtps_c;rosidl_typesupport_introspection_c
-- Using all available rosidl_typesupport_cpp: rosidl_typesupport_fastrtps_cpp;rosidl_typesupport_introspection_cpp
-- Found python_cmake_module: 0.10.0 (/opt/ros/humble/share/python_cmake_module/cmake)
-- Using PYTHON_EXECUTABLE: /usr/bin/python3
-- Using PYTHON_INCLUDE_DIRS: /usr/include/python3.10
-- Using PYTHON_LIBRARIES: /usr/lib/x86_64-linux-gnu/libpython3.10.so
-- Added test 'lint_cmake' to check CMake code style
-- Added test 'xmllint' to check XML markup files
-- Configuring done
-- Generating done
-- Build files have been written to: /home/waritt/fun5mini_ws/build/fun5mini_interfaces
[  2%] [34m[1mGenerating C code for ROS interfaces[0m
[  5%] [34m[1mGenerating C++ code for ROS interfaces[0m
[  5%] Built target ament_cmake_python_copy_fun5mini_interfaces
running egg_info
writing fun5mini_interfaces.egg-info/PKG-INFO
writing dependency_links to fun5mini_interfaces.egg-info/dependency_links.txt
writing top-level names to fun5mini_interfaces.egg-info/top_level.txt
reading manifest file 'fun5mini_interfaces.egg-info/SOURCES.txt'
writing manifest file 'fun5mini_interfaces.egg-info/SOURCES.txt'
[  5%] Built target ament_cmake_python_build_fun5mini_interfaces_egg
[  5%] Built target fun5mini_interfaces__cpp
[ 10%] [34m[1mGenerating C++ type support for eProsima Fast-RTPS[0m
[ 10%] [34m[1mGenerating C++ introspection for ROS interfaces[0m
[ 12%] [34m[1mGenerating C++ type support dispatch for ROS interfaces[0m
[35m[1mConsolidate compiler generated dependencies of target fun5mini_interfaces__rosidl_generator_c[0m
[ 17%] [32mBuilding C object CMakeFiles/fun5mini_interfaces__rosidl_generator_c.dir/rosidl_generator_c/fun5mini_interfaces/srv/detail/target_call__functions.c.o[0m
[ 17%] [32mBuilding C object CMakeFiles/fun5mini_interfaces__rosidl_generator_c.dir/rosidl_generator_c/fun5mini_interfaces/srv/detail/eat_call__functions.c.o[0m
[ 20%] [32m[1mLinking C shared library libfun5mini_interfaces__rosidl_generator_c.so[0m
[ 20%] Built target fun5mini_interfaces__rosidl_generator_c
[ 23%] [34m[1mGenerating C type support for eProsima Fast-RTPS[0m
[ 25%] [34m[1mGenerating C type support dispatch for ROS interfaces[0m
[ 28%] [34m[1mGenerating C introspection for ROS interfaces[0m
[35m[1mConsolidate compiler generated dependencies of target fun5mini_interfaces__rosidl_typesupport_fastrtps_cpp[0m
[35m[1mConsolidate compiler generated dependencies of target fun5mini_interfaces__rosidl_typesupport_introspection_cpp[0m
[ 35%] [32mBuilding CXX object CMakeFiles/fun5mini_interfaces__rosidl_typesupport_introspection_cpp.dir/rosidl_typesupport_introspection_cpp/fun5mini_interfaces/srv/detail/eat_call__type_support.cpp.o[0m
[ 35%] [32mBuilding CXX object CMakeFiles/fun5mini_interfaces__rosidl_typesupport_fastrtps_cpp.dir/rosidl_typesupport_fastrtps_cpp/fun5mini_interfaces/srv/detail/dds_fastrtps/target_call__type_support.cpp.o[0m
[ 35%] [32mBuilding CXX object CMakeFiles/fun5mini_interfaces__rosidl_typesupport_fastrtps_cpp.dir/rosidl_typesupport_fastrtps_cpp/fun5mini_interfaces/srv/detail/dds_fastrtps/eat_call__type_support.cpp.o[0m
[ 38%] [32mBuilding CXX object CMakeFiles/fun5mini_interfaces__rosidl_typesupport_introspection_cpp.dir/rosidl_typesupport_introspection_cpp/fun5mini_interfaces/srv/detail/target_call__type_support.cpp.o[0m
[35m[1mConsolidate compiler generated dependencies of target fun5mini_interfaces__rosidl_typesupport_cpp[0m
[ 41%] [32mBuilding CXX object CMakeFiles/fun5mini_interfaces__rosidl_typesupport_cpp.dir/rosidl_typesupport_cpp/fun5mini_interfaces/srv/eat_call__type_support.cpp.o[0m
[ 43%] [32mBuilding CXX object CMakeFiles/fun5mini_interfaces__rosidl_typesupport_cpp.dir/rosidl_typesupport_cpp/fun5mini_interfaces/srv/target_call__type_support.cpp.o[0m
[35m[1mConsolidate compiler generated dependencies of target fun5mini_interfaces__rosidl_typesupport_c[0m
[ 46%] [32mBuilding CXX object CMakeFiles/fun5mini_interfaces__rosidl_typesupport_c.dir/rosidl_typesupport_c/fun5mini_interfaces/srv/eat_call__type_support.cpp.o[0m
[ 48%] [32mBuilding CXX object CMakeFiles/fun5mini_interfaces__rosidl_typesupport_c.dir/rosidl_typesupport_c/fun5mini_interfaces/srv/target_call__type_support.cpp.o[0m
[35m[1mConsolidate compiler generated dependencies of target fun5mini_interfaces__rosidl_typesupport_fastrtps_c[0m
[ 51%] [32m[1mLinking CXX shared library libfun5mini_interfaces__rosidl_typesupport_c.so[0m
[35m[1mConsolidate compiler generated dependencies of target fun5mini_interfaces__rosidl_typesupport_introspection_c[0m
[ 53%] [32mBuilding CXX object CMakeFiles/fun5mini_interfaces__rosidl_typesupport_fastrtps_c.dir/rosidl_typesupport_fastrtps_c/fun5mini_interfaces/srv/detail/target_call__type_support_c.cpp.o[0m
[ 56%] [32mBuilding CXX object CMakeFiles/fun5mini_interfaces__rosidl_typesupport_fastrtps_c.dir/rosidl_typesupport_fastrtps_c/fun5mini_interfaces/srv/detail/eat_call__type_support_c.cpp.o[0m
[ 61%] [32mBuilding C object CMakeFiles/fun5mini_interfaces__rosidl_typesupport_introspection_c.dir/rosidl_typesupport_introspection_c/fun5mini_interfaces/srv/detail/target_call__type_support.c.o[0m
[ 61%] [32mBuilding C object CMakeFiles/fun5mini_interfaces__rosidl_typesupport_introspection_c.dir/rosidl_typesupport_introspection_c/fun5mini_interfaces/srv/detail/eat_call__type_support.c.o[0m
[ 61%] Built target fun5mini_interfaces__rosidl_typesupport_c
[ 64%] [32m[1mLinking C shared library libfun5mini_interfaces__rosidl_typesupport_introspection_c.so[0m
[ 64%] Built target fun5mini_interfaces__rosidl_typesupport_introspection_c
[ 66%] [32m[1mLinking CXX shared library libfun5mini_interfaces__rosidl_typesupport_cpp.so[0m
[ 69%] [32m[1mLinking CXX shared library libfun5mini_interfaces__rosidl_typesupport_introspection_cpp.so[0m
[ 69%] Built target fun5mini_interfaces__rosidl_typesupport_cpp
[ 71%] [32m[1mLinking CXX shared library libfun5mini_interfaces__rosidl_typesupport_fastrtps_c.so[0m
[ 74%] [32m[1mLinking CXX shared library libfun5mini_interfaces__rosidl_typesupport_fastrtps_cpp.so[0m
[ 74%] Built target fun5mini_interfaces__rosidl_typesupport_introspection_cpp
[ 74%] Built target fun5mini_interfaces__rosidl_typesupport_fastrtps_c
[ 74%] Built target fun5mini_interfaces__rosidl_typesupport_fastrtps_cpp
[ 74%] Built target fun5mini_interfaces
[ 76%] [34m[1mGenerating Python code for ROS interfaces[0m
[ 76%] Built target fun5mini_interfaces__py
[35m[1mConsolidate compiler generated dependencies of target fun5mini_interfaces__rosidl_generator_py[0m
[ 82%] [32mBuilding C object CMakeFiles/fun5mini_interfaces__rosidl_generator_py.dir/rosidl_generator_py/fun5mini_interfaces/srv/_target_call_s.c.o[0m
[ 82%] [32mBuilding C object CMakeFiles/fun5mini_interfaces__rosidl_generator_py.dir/rosidl_generator_py/fun5mini_interfaces/srv/_eat_call_s.c.o[0m
[ 84%] [32m[1mLinking C shared library rosidl_generator_py/fun5mini_interfaces/libfun5mini_interfaces__rosidl_generator_py.so[0m
[ 84%] Built target fun5mini_interfaces__rosidl_generator_py
[35m[1mConsolidate compiler generated dependencies of target fun5mini_interfaces__rosidl_typesupport_fastrtps_c__pyext[0m
[35m[1mConsolidate compiler generated dependencies of target fun5mini_interfaces__rosidl_typesupport_introspection_c__pyext[0m
[35m[1mConsolidate compiler generated dependencies of target fun5mini_interfaces__rosidl_typesupport_c__pyext[0m
[ 87%] [32mBuilding C object CMakeFiles/fun5mini_interfaces__rosidl_typesupport_fastrtps_c__pyext.dir/rosidl_generator_py/fun5mini_interfaces/_fun5mini_interfaces_s.ep.rosidl_typesupport_fastrtps_c.c.o[0m
[ 89%] [32mBuilding C object CMakeFiles/fun5mini_interfaces__rosidl_typesupport_c__pyext.dir/rosidl_generator_py/fun5mini_interfaces/_fun5mini_interfaces_s.ep.rosidl_typesupport_c.c.o[0m
[ 92%] [32mBuilding C object CMakeFiles/fun5mini_interfaces__rosidl_typesupport_introspection_c__pyext.dir/rosidl_generator_py/fun5mini_interfaces/_fun5mini_interfaces_s.ep.rosidl_typesupport_introspection_c.c.o[0m
[100%] [32m[1mLinking C shared library rosidl_generator_py/fun5mini_interfaces/fun5mini_interfaces_s__rosidl_typesupport_introspection_c.cpython-310-x86_64-linux-gnu.so[0m
[100%] [32m[1mLinking C shared library rosidl_generator_py/fun5mini_interfaces/fun5mini_interfaces_s__rosidl_typesupport_fastrtps_c.cpython-310-x86_64-linux-gnu.so[0m
[100%] [32m[1mLinking C shared library rosidl_generator_py/fun5mini_interfaces/fun5mini_interfaces_s__rosidl_typesupport_c.cpython-310-x86_64-linux-gnu.so[0m
[100%] Built target fun5mini_interfaces__rosidl_typesupport_c__pyext
[100%] Built target fun5mini_interfaces__rosidl_typesupport_introspection_c__pyext
[100%] Built target fun5mini_interfaces__rosidl_typesupport_fastrtps_c__pyext
-- Install configuration: ""
-- Installing: /home/waritt/fun5mini_ws/install/fun5mini_interfaces/share/ament_index/resource_index/rosidl_interfaces/fun5mini_interfaces
-- Up-to-date: /home/waritt/fun5mini_ws/install/fun5mini_interfaces/include/fun5mini_interfaces/fun5mini_interfaces
-- Up-to-date: /home/waritt/fun5mini_ws/install/fun5mini_interfaces/include/fun5mini_interfaces/fun5mini_interfaces/msg
-- Up-to-date: /home/waritt/fun5mini_ws/install/fun5mini_interfaces/include/fun5mini_interfaces/fun5mini_interfaces/msg/rosidl_generator_c__visibility_control.h
-- Up-to-date: /home/waritt/fun5mini_ws/install/fun5mini_interfaces/include/fun5mini_interfaces/fun5mini_interfaces/srv
-- Installing: /home/waritt/fun5mini_ws/install/fun5mini_interfaces/include/fun5mini_interfaces/fun5mini_interfaces/srv/eat_call.h
-- Installing: /home/waritt/fun5mini_ws/install/fun5mini_interfaces/include/fun5mini_interfaces/fun5mini_interfaces/srv/target_call.h
-- Up-to-date: /home/waritt/fun5mini_ws/install/fun5mini_interfaces/include/fun5mini_interfaces/fun5mini_interfaces/srv/detail
-- Installing: /home/waritt/fun5mini_ws/install/fun5mini_interfaces/include/fun5mini_interfaces/fun5mini_interfaces/srv/detail/target_call__struct.h
-- Installing: /home/waritt/fun5mini_ws/install/fun5mini_interfaces/include/fun5mini_interfaces/fun5mini_interfaces/srv/detail/target_call__functions.h
-- Installing: /home/waritt/fun5mini_ws/install/fun5mini_interfaces/include/fun5mini_interfaces/fun5mini_interfaces/srv/detail/eat_call__type_support.h
-- Installing: /home/waritt/fun5mini_ws/install/fun5mini_interfaces/include/fun5mini_interfaces/fun5mini_interfaces/srv/detail/target_call__type_support.h
-- Installing: /home/waritt/fun5mini_ws/install/fun5mini_interfaces/include/fun5mini_interfaces/fun5mini_interfaces/srv/detail/eat_call__struct.h
-- Installing: /home/waritt/fun5mini_ws/install/fun5mini_interfaces/include/fun5mini_interfaces/fun5mini_interfaces/srv/detail/eat_call__functions.c
-- Installing: /home/waritt/fun5mini_ws/install/fun5mini_interfaces/include/fun5mini_interfaces/fun5mini_interfaces/srv/detail/eat_call__functions.h
-- Installing: /home/waritt/fun5mini_ws/install/fun5mini_interfaces/include/fun5mini_interfaces/fun5mini_interfaces/srv/detail/target_call__functions.c
-- Up-to-date: /home/waritt/fun5mini_ws/install/fun5mini_interfaces/share/fun5mini_interfaces/environment/library_path.sh
-- Installing: /home/waritt/fun5mini_ws/install/fun5mini_interfaces/share/fun5mini_interfaces/environment/library_path.dsv
-- Installing: /home/waritt/fun5mini_ws/install/fun5mini_interfaces/lib/libfun5mini_interfaces__rosidl_generator_c.so
-- Set runtime path of "/home/waritt/fun5mini_ws/install/fun5mini_interfaces/lib/libfun5mini_interfaces__rosidl_generator_c.so" to ""
-- Up-to-date: /home/waritt/fun5mini_ws/install/fun5mini_interfaces/include/fun5mini_interfaces/fun5mini_interfaces
-- Up-to-date: /home/waritt/fun5mini_ws/install/fun5mini_interfaces/include/fun5mini_interfaces/fun5mini_interfaces/msg
-- Up-to-date: /home/waritt/fun5mini_ws/install/fun5mini_interfaces/include/fun5mini_interfaces/fun5mini_interfaces/msg/rosidl_typesupport_fastrtps_c__visibility_control.h
-- Up-to-date: /home/waritt/fun5mini_ws/install/fun5mini_interfaces/include/fun5mini_interfaces/fun5mini_interfaces/srv
-- Up-to-date: /home/waritt/fun5mini_ws/install/fun5mini_interfaces/include/fun5mini_interfaces/fun5mini_interfaces/srv/detail
-- Installing: /home/waritt/fun5mini_ws/install/fun5mini_interfaces/include/fun5mini_interfaces/fun5mini_interfaces/srv/detail/eat_call__rosidl_typesupport_fastrtps_c.h
-- Installing: /home/waritt/fun5mini_ws/install/fun5mini_interfaces/include/fun5mini_interfaces/fun5mini_interfaces/srv/detail/target_call__rosidl_typesupport_fastrtps_c.h
-- Installing: /home/waritt/fun5mini_ws/install/fun5mini_interfaces/lib/libfun5mini_interfaces__rosidl_typesupport_fastrtps_c.so
-- Set runtime path of "/home/waritt/fun5mini_ws/install/fun5mini_interfaces/lib/libfun5mini_interfaces__rosidl_typesupport_fastrtps_c.so" to ""
-- Up-to-date: /home/waritt/fun5mini_ws/install/fun5mini_interfaces/include/fun5mini_interfaces/fun5mini_interfaces
-- Up-to-date: /home/waritt/fun5mini_ws/install/fun5mini_interfaces/include/fun5mini_interfaces/fun5mini_interfaces/msg
-- Up-to-date: /home/waritt/fun5mini_ws/install/fun5mini_interfaces/include/fun5mini_interfaces/fun5mini_interfaces/msg/rosidl_typesupport_introspection_c__visibility_control.h
-- Up-to-date: /home/waritt/fun5mini_ws/install/fun5mini_interfaces/include/fun5mini_interfaces/fun5mini_interfaces/srv
-- Up-to-date: /home/waritt/fun5mini_ws/install/fun5mini_interfaces/include/fun5mini_interfaces/fun5mini_interfaces/srv/detail
-- Installing: /home/waritt/fun5mini_ws/install/fun5mini_interfaces/include/fun5mini_interfaces/fun5mini_interfaces/srv/detail/target_call__type_support.c
-- Installing: /home/waritt/fun5mini_ws/install/fun5mini_interfaces/include/fun5mini_interfaces/fun5mini_interfaces/srv/detail/target_call__rosidl_typesupport_introspection_c.h
-- Installing: /home/waritt/fun5mini_ws/install/fun5mini_interfaces/include/fun5mini_interfaces/fun5mini_interfaces/srv/detail/eat_call__type_support.c
-- Installing: /home/waritt/fun5mini_ws/install/fun5mini_interfaces/include/fun5mini_interfaces/fun5mini_interfaces/srv/detail/eat_call__rosidl_typesupport_introspection_c.h
-- Installing: /home/waritt/fun5mini_ws/install/fun5mini_interfaces/lib/libfun5mini_interfaces__rosidl_typesupport_introspection_c.so
-- Set runtime path of "/home/waritt/fun5mini_ws/install/fun5mini_interfaces/lib/libfun5mini_interfaces__rosidl_typesupport_introspection_c.so" to ""
-- Installing: /home/waritt/fun5mini_ws/install/fun5mini_interfaces/lib/libfun5mini_interfaces__rosidl_typesupport_c.so
-- Set runtime path of "/home/waritt/fun5mini_ws/install/fun5mini_interfaces/lib/libfun5mini_interfaces__rosidl_typesupport_c.so" to ""
-- Up-to-date: /home/waritt/fun5mini_ws/install/fun5mini_interfaces/include/fun5mini_interfaces/fun5mini_interfaces
-- Up-to-date: /home/waritt/fun5mini_ws/install/fun5mini_interfaces/include/fun5mini_interfaces/fun5mini_interfaces/srv
-- Installing: /home/waritt/fun5mini_ws/install/fun5mini_interfaces/include/fun5mini_interfaces/fun5mini_interfaces/srv/target_call.hpp
-- Installing: /home/waritt/fun5mini_ws/install/fun5mini_interfaces/include/fun5mini_interfaces/fun5mini_interfaces/srv/eat_call.hpp
-- Up-to-date: /home/waritt/fun5mini_ws/install/fun5mini_interfaces/include/fun5mini_interfaces/fun5mini_interfaces/srv/detail
-- Installing: /home/waritt/fun5mini_ws/install/fun5mini_interfaces/include/fun5mini_interfaces/fun5mini_interfaces/srv/detail/eat_call__struct.hpp
-- Installing: /home/waritt/fun5mini_ws/install/fun5mini_interfaces/include/fun5mini_interfaces/fun5mini_interfaces/srv/detail/eat_call__builder.hpp
-- Installing: /home/waritt/fun5mini_ws/install/fun5mini_interfaces/include/fun5mini_interfaces/fun5mini_interfaces/srv/detail/target_call__struct.hpp
-- Installing: /home/waritt/fun5mini_ws/install/fun5mini_interfaces/include/fun5mini_interfaces/fun5mini_interfaces/srv/detail/eat_call__traits.hpp
-- Installing: /home/waritt/fun5mini_ws/install/fun5mini_interfaces/include/fun5mini_interfaces/fun5mini_interfaces/srv/detail/target_call__builder.hpp
-- Installing: /home/waritt/fun5mini_ws/install/fun5mini_interfaces/include/fun5mini_interfaces/fun5mini_interfaces/srv/detail/target_call__traits.hpp
-- Up-to-date: /home/waritt/fun5mini_ws/install/fun5mini_interfaces/include/fun5mini_interfaces/fun5mini_interfaces
-- Up-to-date: /home/waritt/fun5mini_ws/install/fun5mini_interfaces/include/fun5mini_interfaces/fun5mini_interfaces/msg
-- Up-to-date: /home/waritt/fun5mini_ws/install/fun5mini_interfaces/include/fun5mini_interfaces/fun5mini_interfaces/msg/rosidl_typesupport_fastrtps_cpp__visibility_control.h
-- Up-to-date: /home/waritt/fun5mini_ws/install/fun5mini_interfaces/include/fun5mini_interfaces/fun5mini_interfaces/srv
-- Up-to-date: /home/waritt/fun5mini_ws/install/fun5mini_interfaces/include/fun5mini_interfaces/fun5mini_interfaces/srv/detail
-- Installing: /home/waritt/fun5mini_ws/install/fun5mini_interfaces/include/fun5mini_interfaces/fun5mini_interfaces/srv/detail/eat_call__rosidl_typesupport_fastrtps_cpp.hpp
-- Installing: /home/waritt/fun5mini_ws/install/fun5mini_interfaces/include/fun5mini_interfaces/fun5mini_interfaces/srv/detail/target_call__rosidl_typesupport_fastrtps_cpp.hpp
-- Up-to-date: /home/waritt/fun5mini_ws/install/fun5mini_interfaces/include/fun5mini_interfaces/fun5mini_interfaces/srv/detail/dds_fastrtps
-- Installing: /home/waritt/fun5mini_ws/install/fun5mini_interfaces/lib/libfun5mini_interfaces__rosidl_typesupport_fastrtps_cpp.so
-- Set runtime path of "/home/waritt/fun5mini_ws/install/fun5mini_interfaces/lib/libfun5mini_interfaces__rosidl_typesupport_fastrtps_cpp.so" to ""
-- Up-to-date: /home/waritt/fun5mini_ws/install/fun5mini_interfaces/include/fun5mini_interfaces/fun5mini_interfaces
-- Up-to-date: /home/waritt/fun5mini_ws/install/fun5mini_interfaces/include/fun5mini_interfaces/fun5mini_interfaces/srv
-- Up-to-date: /home/waritt/fun5mini_ws/install/fun5mini_interfaces/include/fun5mini_interfaces/fun5mini_interfaces/srv/detail
-- Installing: /home/waritt/fun5mini_ws/install/fun5mini_interfaces/include/fun5mini_interfaces/fun5mini_interfaces/srv/detail/eat_call__type_support.cpp
-- Installing: /home/waritt/fun5mini_ws/install/fun5mini_interfaces/include/fun5mini_interfaces/fun5mini_interfaces/srv/detail/target_call__type_support.cpp
-- Installing: /home/waritt/fun5mini_ws/install/fun5mini_interfaces/include/fun5mini_interfaces/fun5mini_interfaces/srv/detail/target_call__rosidl_typesupport_introspection_cpp.hpp
-- Installing: /home/waritt/fun5mini_ws/install/fun5mini_interfaces/include/fun5mini_interfaces/fun5mini_interfaces/srv/detail/eat_call__rosidl_typesupport_introspection_cpp.hpp
-- Installing: /home/waritt/fun5mini_ws/install/fun5mini_interfaces/lib/libfun5mini_interfaces__rosidl_typesupport_introspection_cpp.so
-- Set runtime path of "/home/waritt/fun5mini_ws/install/fun5mini_interfaces/lib/libfun5mini_interfaces__rosidl_typesupport_introspection_cpp.so" to ""
-- Installing: /home/waritt/fun5mini_ws/install/fun5mini_interfaces/lib/libfun5mini_interfaces__rosidl_typesupport_cpp.so
-- Set runtime path of "/home/waritt/fun5mini_ws/install/fun5mini_interfaces/lib/libfun5mini_interfaces__rosidl_typesupport_cpp.so" to ""
-- Up-to-date: /home/waritt/fun5mini_ws/install/fun5mini_interfaces/share/fun5mini_interfaces/environment/pythonpath.sh
-- Installing: /home/waritt/fun5mini_ws/install/fun5mini_interfaces/share/fun5mini_interfaces/environment/pythonpath.dsv
-- Up-to-date: /home/waritt/fun5mini_ws/install/fun5mini_interfaces/local/lib/python3.10/dist-packages/fun5mini_interfaces-0.0.0-py3.10.egg-info
-- Installing: /home/waritt/fun5mini_ws/install/fun5mini_interfaces/local/lib/python3.10/dist-packages/fun5mini_interfaces-0.0.0-py3.10.egg-info/SOURCES.txt
-- Installing: /home/waritt/fun5mini_ws/install/fun5mini_interfaces/local/lib/python3.10/dist-packages/fun5mini_interfaces-0.0.0-py3.10.egg-info/top_level.txt
-- Installing: /home/waritt/fun5mini_ws/install/fun5mini_interfaces/local/lib/python3.10/dist-packages/fun5mini_interfaces-0.0.0-py3.10.egg-info/PKG-INFO
-- Installing: /home/waritt/fun5mini_ws/install/fun5mini_interfaces/local/lib/python3.10/dist-packages/fun5mini_interfaces-0.0.0-py3.10.egg-info/dependency_links.txt
-- Up-to-date: /home/waritt/fun5mini_ws/install/fun5mini_interfaces/local/lib/python3.10/dist-packages/fun5mini_interfaces
-- Installing: /home/waritt/fun5mini_ws/install/fun5mini_interfaces/local/lib/python3.10/dist-packages/fun5mini_interfaces/fun5mini_interfaces_s__rosidl_typesupport_fastrtps_c.cpython-310-x86_64-linux-gnu.so
-- Installing: /home/waritt/fun5mini_ws/install/fun5mini_interfaces/local/lib/python3.10/dist-packages/fun5mini_interfaces/__init__.py
-- Installing: /home/waritt/fun5mini_ws/install/fun5mini_interfaces/local/lib/python3.10/dist-packages/fun5mini_interfaces/fun5mini_interfaces_s__rosidl_typesupport_c.cpython-310-x86_64-linux-gnu.so
-- Installing: /home/waritt/fun5mini_ws/install/fun5mini_interfaces/local/lib/python3.10/dist-packages/fun5mini_interfaces/fun5mini_interfaces_s__rosidl_typesupport_introspection_c.cpython-310-x86_64-linux-gnu.so
-- Installing: /home/waritt/fun5mini_ws/install/fun5mini_interfaces/local/lib/python3.10/dist-packages/fun5mini_interfaces/_fun5mini_interfaces_s.ep.rosidl_typesupport_introspection_c.c
-- Installing: /home/waritt/fun5mini_ws/install/fun5mini_interfaces/local/lib/python3.10/dist-packages/fun5mini_interfaces/libfun5mini_interfaces__rosidl_generator_py.so
-- Installing: /home/waritt/fun5mini_ws/install/fun5mini_interfaces/local/lib/python3.10/dist-packages/fun5mini_interfaces/_fun5mini_interfaces_s.ep.rosidl_typesupport_fastrtps_c.c
-- Installing: /home/waritt/fun5mini_ws/install/fun5mini_interfaces/local/lib/python3.10/dist-packages/fun5mini_interfaces/_fun5mini_interfaces_s.ep.rosidl_typesupport_c.c
-- Up-to-date: /home/waritt/fun5mini_ws/install/fun5mini_interfaces/local/lib/python3.10/dist-packages/fun5mini_interfaces/srv
-- Installing: /home/waritt/fun5mini_ws/install/fun5mini_interfaces/local/lib/python3.10/dist-packages/fun5mini_interfaces/srv/__init__.py
-- Installing: /home/waritt/fun5mini_ws/install/fun5mini_interfaces/local/lib/python3.10/dist-packages/fun5mini_interfaces/srv/_eat_call_s.c
-- Installing: /home/waritt/fun5mini_ws/install/fun5mini_interfaces/local/lib/python3.10/dist-packages/fun5mini_interfaces/srv/_target_call.py
-- Installing: /home/waritt/fun5mini_ws/install/fun5mini_interfaces/local/lib/python3.10/dist-packages/fun5mini_interfaces/srv/_target_call_s.c
-- Installing: /home/waritt/fun5mini_ws/install/fun5mini_interfaces/local/lib/python3.10/dist-packages/fun5mini_interfaces/srv/_eat_call.py
Listing '/home/waritt/fun5mini_ws/install/fun5mini_interfaces/local/lib/python3.10/dist-packages/fun5mini_interfaces'...
Compiling '/home/waritt/fun5mini_ws/install/fun5mini_interfaces/local/lib/python3.10/dist-packages/fun5mini_interfaces/__init__.py'...
Listing '/home/waritt/fun5mini_ws/install/fun5mini_interfaces/local/lib/python3.10/dist-packages/fun5mini_interfaces/srv'...
Compiling '/home/waritt/fun5mini_ws/install/fun5mini_interfaces/local/lib/python3.10/dist-packages/fun5mini_interfaces/srv/__init__.py'...
Compiling '/home/waritt/fun5mini_ws/install/fun5mini_interfaces/local/lib/python3.10/dist-packages/fun5mini_interfaces/srv/_eat_call.py'...
Compiling '/home/waritt/fun5mini_ws/install/fun5mini_interfaces/local/lib/python3.10/dist-packages/fun5mini_interfaces/srv/_target_call.py'...
-- Installing: /home/waritt/fun5mini_ws/install/fun5mini_interfaces/local/lib/python3.10/dist-packages/fun5mini_interfaces/fun5mini_interfaces_s__rosidl_typesupport_fastrtps_c.cpython-310-x86_64-linux-gnu.so
-- Set runtime path of "/home/waritt/fun5mini_ws/install/fun5mini_interfaces/local/lib/python3.10/dist-packages/fun5mini_interfaces/fun5mini_interfaces_s__rosidl_typesupport_fastrtps_c.cpython-310-x86_64-linux-gnu.so" to ""
-- Installing: /home/waritt/fun5mini_ws/install/fun5mini_interfaces/local/lib/python3.10/dist-packages/fun5mini_interfaces/fun5mini_interfaces_s__rosidl_typesupport_introspection_c.cpython-310-x86_64-linux-gnu.so
-- Set runtime path of "/home/waritt/fun5mini_ws/install/fun5mini_interfaces/local/lib/python3.10/dist-packages/fun5mini_interfaces/fun5mini_interfaces_s__rosidl_typesupport_introspection_c.cpython-310-x86_64-linux-gnu.so" to ""
-- Installing: /home/waritt/fun5mini_ws/install/fun5mini_interfaces/local/lib/python3.10/dist-packages/fun5mini_interfaces/fun5mini_interfaces_s__rosidl_typesupport_c.cpython-310-x86_64-linux-gnu.so
-- Set runtime path of "/home/waritt/fun5mini_ws/install/fun5mini_interfaces/local/lib/python3.10/dist-packages/fun5mini_interfaces/fun5mini_interfaces_s__rosidl_typesupport_c.cpython-310-x86_64-linux-gnu.so" to ""
-- Installing: /home/waritt/fun5mini_ws/install/fun5mini_interfaces/lib/libfun5mini_interfaces__rosidl_generator_py.so
-- Set runtime path of "/home/waritt/fun5mini_ws/install/fun5mini_interfaces/lib/libfun5mini_interfaces__rosidl_generator_py.so" to ""
-- Installing: /home/waritt/fun5mini_ws/install/fun5mini_interfaces/share/fun5mini_interfaces/srv/EatCall.idl
-- Installing: /home/waritt/fun5mini_ws/install/fun5mini_interfaces/share/fun5mini_interfaces/srv/TargetCall.idl
-- Installing: /home/waritt/fun5mini_ws/install/fun5mini_interfaces/share/fun5mini_interfaces/srv/EatCall.srv
-- Installing: /home/waritt/fun5mini_ws/install/fun5mini_interfaces/share/fun5mini_interfaces/srv/EatCall_Request.msg
-- Up-to-date: /home/waritt/fun5mini_ws/install/fun5mini_interfaces/share/fun5mini_interfaces/srv/EatCall_Response.msg
-- Installing: /home/waritt/fun5mini_ws/install/fun5mini_interfaces/share/fun5mini_interfaces/srv/TargetCall.srv
-- Installing: /home/waritt/fun5mini_ws/install/fun5mini_interfaces/share/fun5mini_interfaces/srv/TargetCall_Request.msg
-- Installing: /home/waritt/fun5mini_ws/install/fun5mini_interfaces/share/fun5mini_interfaces/srv/TargetCall_Response.msg
-- Up-to-date: /home/waritt/fun5mini_ws/install/fun5mini_interfaces/share/ament_index/resource_index/package_run_dependencies/fun5mini_interfaces
-- Installing: /home/waritt/fun5mini_ws/install/fun5mini_interfaces/share/ament_index/resource_index/parent_prefix_path/fun5mini_interfaces
-- Up-to-date: /home/waritt/fun5mini_ws/install/fun5mini_interfaces/share/fun5mini_interfaces/environment/ament_prefix_path.sh
-- Installing: /home/waritt/fun5mini_ws/install/fun5mini_interfaces/share/fun5mini_interfaces/environment/ament_prefix_path.dsv
-- Up-to-date: /home/waritt/fun5mini_ws/install/fun5mini_interfaces/share/fun5mini_interfaces/environment/path.sh
-- Installing: /home/waritt/fun5mini_ws/install/fun5mini_interfaces/share/fun5mini_interfaces/environment/path.dsv
-- Up-to-date: /home/waritt/fun5mini_ws/install/fun5mini_interfaces/share/fun5mini_interfaces/local_setup.bash
-- Up-to-date: /home/waritt/fun5mini_ws/install/fun5mini_interfaces/share/fun5mini_interfaces/local_setup.sh
-- Up-to-date: /home/waritt/fun5mini_ws/install/fun5mini_interfaces/share/fun5mini_interfaces/local_setup.zsh
-- Installing: /home/waritt/fun5mini_ws/install/fun5mini_interfaces/share/fun5mini_interfaces/local_setup.dsv
-- Installing: /home/waritt/fun5mini_ws/install/fun5mini_interfaces/share/fun5mini_interfaces/package.dsv
-- Up-to-date: /home/waritt/fun5mini_ws/install/fun5mini_interfaces/share/ament_index/resource_index/packages/fun5mini_interfaces
-- Up-to-date: /home/waritt/fun5mini_ws/install/fun5mini_interfaces/share/fun5mini_interfaces/cmake/export_fun5mini_interfaces__rosidl_generator_cExport.cmake
-- Up-to-date: /home/waritt/fun5mini_ws/install/fun5mini_interfaces/share/fun5mini_interfaces/cmake/export_fun5mini_interfaces__rosidl_generator_cExport-noconfig.cmake
-- Up-to-date: /home/waritt/fun5mini_ws/install/fun5mini_interfaces/share/fun5mini_interfaces/cmake/export_fun5mini_interfaces__rosidl_typesupport_fastrtps_cExport.cmake
-- Up-to-date: /home/waritt/fun5mini_ws/install/fun5mini_interfaces/share/fun5mini_interfaces/cmake/export_fun5mini_interfaces__rosidl_typesupport_fastrtps_cExport-noconfig.cmake
-- Up-to-date: /home/waritt/fun5mini_ws/install/fun5mini_interfaces/share/fun5mini_interfaces/cmake/fun5mini_interfaces__rosidl_typesupport_introspection_cExport.cmake
-- Up-to-date: /home/waritt/fun5mini_ws/install/fun5mini_interfaces/share/fun5mini_interfaces/cmake/fun5mini_interfaces__rosidl_typesupport_introspection_cExport-noconfig.cmake
-- Up-to-date: /home/waritt/fun5mini_ws/install/fun5mini_interfaces/share/fun5mini_interfaces/cmake/fun5mini_interfaces__rosidl_typesupport_cExport.cmake
-- Up-to-date: /home/waritt/fun5mini_ws/install/fun5mini_interfaces/share/fun5mini_interfaces/cmake/fun5mini_interfaces__rosidl_typesupport_cExport-noconfig.cmake
-- Up-to-date: /home/waritt/fun5mini_ws/install/fun5mini_interfaces/share/fun5mini_interfaces/cmake/export_fun5mini_interfaces__rosidl_generator_cppExport.cmake
-- Up-to-date: /home/waritt/fun5mini_ws/install/fun5mini_interfaces/share/fun5mini_interfaces/cmake/export_fun5mini_interfaces__rosidl_typesupport_fastrtps_cppExport.cmake
-- Up-to-date: /home/waritt/fun5mini_ws/install/fun5mini_interfaces/share/fun5mini_interfaces/cmake/export_fun5mini_interfaces__rosidl_typesupport_fastrtps_cppExport-noconfig.cmake
-- Up-to-date: /home/waritt/fun5mini_ws/install/fun5mini_interfaces/share/fun5mini_interfaces/cmake/fun5mini_interfaces__rosidl_typesupport_introspection_cppExport.cmake
-- Up-to-date: /home/waritt/fun5mini_ws/install/fun5mini_interfaces/share/fun5mini_interfaces/cmake/fun5mini_interfaces__rosidl_typesupport_introspection_cppExport-noconfig.cmake
-- Up-to-date: /home/waritt/fun5mini_ws/install/fun5mini_interfaces/share/fun5mini_interfaces/cmake/fun5mini_interfaces__rosidl_typesupport_cppExport.cmake
-- Up-to-date: /home/waritt/fun5mini_ws/install/fun5mini_interfaces/share/fun5mini_interfaces/cmake/fun5mini_interfaces__rosidl_typesupport_cppExport-noconfig.cmake
-- Up-to-date: /home/waritt/fun5mini_ws/install/fun5mini_interfaces/share/fun5mini_interfaces/cmake/export_fun5mini_interfaces__rosidl_generator_pyExport.cmake
-- Up-to-date: /home/waritt/fun5mini_ws/install/fun5mini_interfaces/share/fun5mini_interfaces/cmake/export_fun5mini_interfaces__rosidl_generator_pyExport-noconfig.cmake
-- Installing: /home/waritt/fun5mini_ws/install/fun5mini_interfaces/share/fun5mini_interfaces/cmake/rosidl_cmake-extras.cmake
-- Up-to-date: /home/waritt/fun5mini_ws/install/fun5mini_interfaces/share/fun5mini_interfaces/cmake/ament_cmake_export_include_directories-extras.cmake
-- Up-to-date: /home/waritt/fun5mini_ws/install/fun5mini_interfaces/share/fun5mini_interfaces/cmake/ament_cmake_export_libraries-extras.cmake
-- Up-to-date: /home/waritt/fun5mini_ws/install/fun5mini_interfaces/share/fun5mini_interfaces/cmake/ament_cmake_export_targets-extras.cmake
-- Up-to-date: /home/waritt/fun5mini_ws/install/fun5mini_interfaces/share/fun5mini_interfaces/cmake/rosidl_cmake_export_typesupport_targets-extras.cmake
-- Up-to-date: /home/waritt/fun5mini_ws/install/fun5mini_interfaces/share/fun5mini_interfaces/cmake/ament_cmake_export_dependencies-extras.cmake
-- Up-to-date: /home/waritt/fun5mini_ws/install/fun5mini_interfaces/share/fun5mini_interfaces/cmake/rosidl_cmake_export_typesupport_libraries-extras.cmake
-- Up-to-date: /home/waritt/fun5mini_ws/install/fun5mini_interfaces/share/fun5mini_interfaces/cmake/fun5mini_interfacesConfig.cmake
-- Up-to-date: /home/waritt/fun5mini_ws/install/fun5mini_interfaces/share/fun5mini_interfaces/cmake/fun5mini_interfacesConfig-version.cmake
-- Up-to-date: /home/waritt/fun5mini_ws/install/fun5mini_interfaces/share/fun5mini_interfaces/package.xml
