[0.011s] Invoking command in '/home/waritt/fun5mini_ws/build/fun5mini_interfaces': CMAKE_PREFIX_PATH=${CMAKE_PREFIX_PATH}:/opt/ros/humble /usr/bin/cmake --build /home/waritt/fun5mini_ws/build/fun5mini_interfaces -- -j16 -l16
[0.028s] -- Found ament_cmake: 1.3.10 (/opt/ros/humble/share/ament_cmake/cmake)
[0.119s] -- Found rosidl_default_generators: 1.2.0 (/opt/ros/humble/share/rosidl_default_generators/cmake)
[0.122s] -- Using all available rosidl_typesupport_c: rosidl_typesupport_fastrtps_c;rosidl_typesupport_introspection_c
[0.123s] -- Found rosidl_adapter: 3.1.5 (/opt/ros/humble/share/rosidl_adapter/cmake)
[0.142s] -- Using all available rosidl_typesupport_cpp: rosidl_typesupport_fastrtps_cpp;rosidl_typesupport_introspection_cpp
[0.156s] -- Found ament_lint_auto: 0.12.11 (/opt/ros/humble/share/ament_lint_auto/cmake)
[0.342s] -- Found ament_cmake_ros: 0.10.0 (/opt/ros/humble/share/ament_cmake_ros/cmake)
[0.474s] -- Using all available rosidl_typesupport_c: rosidl_typesupport_fastrtps_c;rosidl_typesupport_introspection_c
[0.646s] -- Using all available rosidl_typesupport_cpp: rosidl_typesupport_fastrtps_cpp;rosidl_typesupport_introspection_cpp
[0.663s] -- Found python_cmake_module: 0.10.0 (/opt/ros/humble/share/python_cmake_module/cmake)
[0.679s] -- Using PYTHON_EXECUTABLE: /usr/bin/python3
[0.679s] -- Using PYTHON_INCLUDE_DIRS: /usr/include/python3.10
[0.679s] -- Using PYTHON_LIBRARIES: /usr/lib/x86_64-linux-gnu/libpython3.10.so
[0.692s] -- Added test 'lint_cmake' to check CMake code style
[0.692s] -- Added test 'xmllint' to check XML markup files
[0.694s] -- Configuring done
[0.710s] -- Generating done
[0.712s] -- Build files have been written to: /home/waritt/fun5mini_ws/build/fun5mini_interfaces
[0.731s] [  2%] [34m[1mGenerating C code for ROS interfaces[0m
[0.738s] [  5%] [34m[1mGenerating C++ code for ROS interfaces[0m
[0.744s] [  5%] Built target ament_cmake_python_copy_fun5mini_interfaces
[0.945s] running egg_info
[0.945s] writing fun5mini_interfaces.egg-info/PKG-INFO
[0.945s] writing dependency_links to fun5mini_interfaces.egg-info/dependency_links.txt
[0.945s] writing top-level names to fun5mini_interfaces.egg-info/top_level.txt
[0.947s] reading manifest file 'fun5mini_interfaces.egg-info/SOURCES.txt'
[0.948s] writing manifest file 'fun5mini_interfaces.egg-info/SOURCES.txt'
[0.968s] [  5%] Built target ament_cmake_python_build_fun5mini_interfaces_egg
[0.988s] [  5%] Built target fun5mini_interfaces__cpp
[0.996s] [ 10%] [34m[1mGenerating C++ type support for eProsima Fast-RTPS[0m
[0.996s] [ 10%] [34m[1mGenerating C++ introspection for ROS interfaces[0m
[0.996s] [ 12%] [34m[1mGenerating C++ type support dispatch for ROS interfaces[0m
[0.997s] [35m[1mConsolidate compiler generated dependencies of target fun5mini_interfaces__rosidl_generator_c[0m
[1.007s] [ 17%] [32mBuilding C object CMakeFiles/fun5mini_interfaces__rosidl_generator_c.dir/rosidl_generator_c/fun5mini_interfaces/srv/detail/target_call__functions.c.o[0m
[1.007s] [ 17%] [32mBuilding C object CMakeFiles/fun5mini_interfaces__rosidl_generator_c.dir/rosidl_generator_c/fun5mini_interfaces/srv/detail/eat_call__functions.c.o[0m
[1.059s] [ 20%] [32m[1mLinking C shared library libfun5mini_interfaces__rosidl_generator_c.so[0m
[1.088s] [ 20%] Built target fun5mini_interfaces__rosidl_generator_c
[1.099s] [ 23%] [34m[1mGenerating C type support for eProsima Fast-RTPS[0m
[1.099s] [ 25%] [34m[1mGenerating C type support dispatch for ROS interfaces[0m
[1.099s] [ 28%] [34m[1mGenerating C introspection for ROS interfaces[0m
[1.263s] [35m[1mConsolidate compiler generated dependencies of target fun5mini_interfaces__rosidl_typesupport_fastrtps_cpp[0m
[1.263s] [35m[1mConsolidate compiler generated dependencies of target fun5mini_interfaces__rosidl_typesupport_introspection_cpp[0m
[1.275s] [ 35%] [32mBuilding CXX object CMakeFiles/fun5mini_interfaces__rosidl_typesupport_introspection_cpp.dir/rosidl_typesupport_introspection_cpp/fun5mini_interfaces/srv/detail/eat_call__type_support.cpp.o[0m
[1.275s] [ 35%] [32mBuilding CXX object CMakeFiles/fun5mini_interfaces__rosidl_typesupport_fastrtps_cpp.dir/rosidl_typesupport_fastrtps_cpp/fun5mini_interfaces/srv/detail/dds_fastrtps/target_call__type_support.cpp.o[0m
[1.275s] [ 35%] [32mBuilding CXX object CMakeFiles/fun5mini_interfaces__rosidl_typesupport_fastrtps_cpp.dir/rosidl_typesupport_fastrtps_cpp/fun5mini_interfaces/srv/detail/dds_fastrtps/eat_call__type_support.cpp.o[0m
[1.275s] [ 38%] [32mBuilding CXX object CMakeFiles/fun5mini_interfaces__rosidl_typesupport_introspection_cpp.dir/rosidl_typesupport_introspection_cpp/fun5mini_interfaces/srv/detail/target_call__type_support.cpp.o[0m
[1.309s] [35m[1mConsolidate compiler generated dependencies of target fun5mini_interfaces__rosidl_typesupport_cpp[0m
[1.323s] [ 41%] [32mBuilding CXX object CMakeFiles/fun5mini_interfaces__rosidl_typesupport_cpp.dir/rosidl_typesupport_cpp/fun5mini_interfaces/srv/eat_call__type_support.cpp.o[0m
[1.325s] [ 43%] [32mBuilding CXX object CMakeFiles/fun5mini_interfaces__rosidl_typesupport_cpp.dir/rosidl_typesupport_cpp/fun5mini_interfaces/srv/target_call__type_support.cpp.o[0m
[1.335s] [35m[1mConsolidate compiler generated dependencies of target fun5mini_interfaces__rosidl_typesupport_c[0m
[1.347s] [ 46%] [32mBuilding CXX object CMakeFiles/fun5mini_interfaces__rosidl_typesupport_c.dir/rosidl_typesupport_c/fun5mini_interfaces/srv/eat_call__type_support.cpp.o[0m
[1.350s] [ 48%] [32mBuilding CXX object CMakeFiles/fun5mini_interfaces__rosidl_typesupport_c.dir/rosidl_typesupport_c/fun5mini_interfaces/srv/target_call__type_support.cpp.o[0m
[1.392s] [35m[1mConsolidate compiler generated dependencies of target fun5mini_interfaces__rosidl_typesupport_fastrtps_c[0m
[1.396s] [ 51%] [32m[1mLinking CXX shared library libfun5mini_interfaces__rosidl_typesupport_c.so[0m
[1.404s] [35m[1mConsolidate compiler generated dependencies of target fun5mini_interfaces__rosidl_typesupport_introspection_c[0m
[1.409s] [ 53%] [32mBuilding CXX object CMakeFiles/fun5mini_interfaces__rosidl_typesupport_fastrtps_c.dir/rosidl_typesupport_fastrtps_c/fun5mini_interfaces/srv/detail/target_call__type_support_c.cpp.o[0m
[1.409s] [ 56%] [32mBuilding CXX object CMakeFiles/fun5mini_interfaces__rosidl_typesupport_fastrtps_c.dir/rosidl_typesupport_fastrtps_c/fun5mini_interfaces/srv/detail/eat_call__type_support_c.cpp.o[0m
[1.420s] [ 61%] [32mBuilding C object CMakeFiles/fun5mini_interfaces__rosidl_typesupport_introspection_c.dir/rosidl_typesupport_introspection_c/fun5mini_interfaces/srv/detail/target_call__type_support.c.o[0m
[1.422s] [ 61%] [32mBuilding C object CMakeFiles/fun5mini_interfaces__rosidl_typesupport_introspection_c.dir/rosidl_typesupport_introspection_c/fun5mini_interfaces/srv/detail/eat_call__type_support.c.o[0m
[1.456s] [ 61%] Built target fun5mini_interfaces__rosidl_typesupport_c
[1.467s] [ 64%] [32m[1mLinking C shared library libfun5mini_interfaces__rosidl_typesupport_introspection_c.so[0m
[1.498s] [ 64%] Built target fun5mini_interfaces__rosidl_typesupport_introspection_c
[1.645s] [ 66%] [32m[1mLinking CXX shared library libfun5mini_interfaces__rosidl_typesupport_cpp.so[0m
[1.675s] [ 69%] [32m[1mLinking CXX shared library libfun5mini_interfaces__rosidl_typesupport_introspection_cpp.so[0m
[1.676s] [ 69%] Built target fun5mini_interfaces__rosidl_typesupport_cpp
[1.679s] [ 71%] [32m[1mLinking CXX shared library libfun5mini_interfaces__rosidl_typesupport_fastrtps_c.so[0m
[1.695s] [ 74%] [32m[1mLinking CXX shared library libfun5mini_interfaces__rosidl_typesupport_fastrtps_cpp.so[0m
[1.702s] [ 74%] Built target fun5mini_interfaces__rosidl_typesupport_introspection_cpp
[1.728s] [ 74%] Built target fun5mini_interfaces__rosidl_typesupport_fastrtps_c
[1.743s] [ 74%] Built target fun5mini_interfaces__rosidl_typesupport_fastrtps_cpp
[1.757s] [ 74%] Built target fun5mini_interfaces
[1.771s] [ 76%] [34m[1mGenerating Python code for ROS interfaces[0m
[2.072s] [ 76%] Built target fun5mini_interfaces__py
[2.079s] [35m[1mConsolidate compiler generated dependencies of target fun5mini_interfaces__rosidl_generator_py[0m
[2.088s] [ 82%] [32mBuilding C object CMakeFiles/fun5mini_interfaces__rosidl_generator_py.dir/rosidl_generator_py/fun5mini_interfaces/srv/_target_call_s.c.o[0m
[2.088s] [ 82%] [32mBuilding C object CMakeFiles/fun5mini_interfaces__rosidl_generator_py.dir/rosidl_generator_py/fun5mini_interfaces/srv/_eat_call_s.c.o[0m
[2.149s] [ 84%] [32m[1mLinking C shared library rosidl_generator_py/fun5mini_interfaces/libfun5mini_interfaces__rosidl_generator_py.so[0m
[2.180s] [ 84%] Built target fun5mini_interfaces__rosidl_generator_py
[2.191s] [35m[1mConsolidate compiler generated dependencies of target fun5mini_interfaces__rosidl_typesupport_fastrtps_c__pyext[0m
[2.192s] [35m[1mConsolidate compiler generated dependencies of target fun5mini_interfaces__rosidl_typesupport_introspection_c__pyext[0m
[2.192s] [35m[1mConsolidate compiler generated dependencies of target fun5mini_interfaces__rosidl_typesupport_c__pyext[0m
[2.202s] [ 87%] [32mBuilding C object CMakeFiles/fun5mini_interfaces__rosidl_typesupport_fastrtps_c__pyext.dir/rosidl_generator_py/fun5mini_interfaces/_fun5mini_interfaces_s.ep.rosidl_typesupport_fastrtps_c.c.o[0m
[2.202s] [ 89%] [32mBuilding C object CMakeFiles/fun5mini_interfaces__rosidl_typesupport_c__pyext.dir/rosidl_generator_py/fun5mini_interfaces/_fun5mini_interfaces_s.ep.rosidl_typesupport_c.c.o[0m
[2.202s] [ 92%] [32mBuilding C object CMakeFiles/fun5mini_interfaces__rosidl_typesupport_introspection_c__pyext.dir/rosidl_generator_py/fun5mini_interfaces/_fun5mini_interfaces_s.ep.rosidl_typesupport_introspection_c.c.o[0m
[2.266s] [100%] [32m[1mLinking C shared library rosidl_generator_py/fun5mini_interfaces/fun5mini_interfaces_s__rosidl_typesupport_introspection_c.cpython-310-x86_64-linux-gnu.so[0m
[2.266s] [100%] [32m[1mLinking C shared library rosidl_generator_py/fun5mini_interfaces/fun5mini_interfaces_s__rosidl_typesupport_fastrtps_c.cpython-310-x86_64-linux-gnu.so[0m
[2.266s] [100%] [32m[1mLinking C shared library rosidl_generator_py/fun5mini_interfaces/fun5mini_interfaces_s__rosidl_typesupport_c.cpython-310-x86_64-linux-gnu.so[0m
[2.289s] [100%] Built target fun5mini_interfaces__rosidl_typesupport_c__pyext
[2.289s] [100%] Built target fun5mini_interfaces__rosidl_typesupport_introspection_c__pyext
[2.289s] [100%] Built target fun5mini_interfaces__rosidl_typesupport_fastrtps_c__pyext
[2.297s] Invoked command in '/home/waritt/fun5mini_ws/build/fun5mini_interfaces' returned '0': CMAKE_PREFIX_PATH=${CMAKE_PREFIX_PATH}:/opt/ros/humble /usr/bin/cmake --build /home/waritt/fun5mini_ws/build/fun5mini_interfaces -- -j16 -l16
[2.367s] Invoking command in '/home/waritt/fun5mini_ws/build/fun5mini_interfaces': CMAKE_PREFIX_PATH=${CMAKE_PREFIX_PATH}:/opt/ros/humble /usr/bin/cmake --install /home/waritt/fun5mini_ws/build/fun5mini_interfaces
[2.372s] -- Install configuration: ""
[2.373s] -- Installing: /home/waritt/fun5mini_ws/install/fun5mini_interfaces/share/ament_index/resource_index/rosidl_interfaces/fun5mini_interfaces
[2.373s] -- Up-to-date: /home/waritt/fun5mini_ws/install/fun5mini_interfaces/include/fun5mini_interfaces/fun5mini_interfaces
[2.373s] -- Up-to-date: /home/waritt/fun5mini_ws/install/fun5mini_interfaces/include/fun5mini_interfaces/fun5mini_interfaces/msg
[2.373s] -- Up-to-date: /home/waritt/fun5mini_ws/install/fun5mini_interfaces/include/fun5mini_interfaces/fun5mini_interfaces/msg/rosidl_generator_c__visibility_control.h
[2.373s] -- Up-to-date: /home/waritt/fun5mini_ws/install/fun5mini_interfaces/include/fun5mini_interfaces/fun5mini_interfaces/srv
[2.373s] -- Installing: /home/waritt/fun5mini_ws/install/fun5mini_interfaces/include/fun5mini_interfaces/fun5mini_interfaces/srv/eat_call.h
[2.373s] -- Installing: /home/waritt/fun5mini_ws/install/fun5mini_interfaces/include/fun5mini_interfaces/fun5mini_interfaces/srv/target_call.h
[2.373s] -- Up-to-date: /home/waritt/fun5mini_ws/install/fun5mini_interfaces/include/fun5mini_interfaces/fun5mini_interfaces/srv/detail
[2.373s] -- Installing: /home/waritt/fun5mini_ws/install/fun5mini_interfaces/include/fun5mini_interfaces/fun5mini_interfaces/srv/detail/target_call__struct.h
[2.373s] -- Installing: /home/waritt/fun5mini_ws/install/fun5mini_interfaces/include/fun5mini_interfaces/fun5mini_interfaces/srv/detail/target_call__functions.h
[2.373s] -- Installing: /home/waritt/fun5mini_ws/install/fun5mini_interfaces/include/fun5mini_interfaces/fun5mini_interfaces/srv/detail/eat_call__type_support.h
[2.373s] -- Installing: /home/waritt/fun5mini_ws/install/fun5mini_interfaces/include/fun5mini_interfaces/fun5mini_interfaces/srv/detail/target_call__type_support.h
[2.373s] -- Installing: /home/waritt/fun5mini_ws/install/fun5mini_interfaces/include/fun5mini_interfaces/fun5mini_interfaces/srv/detail/eat_call__struct.h
[2.373s] -- Installing: /home/waritt/fun5mini_ws/install/fun5mini_interfaces/include/fun5mini_interfaces/fun5mini_interfaces/srv/detail/eat_call__functions.c
[2.373s] -- Installing: /home/waritt/fun5mini_ws/install/fun5mini_interfaces/include/fun5mini_interfaces/fun5mini_interfaces/srv/detail/eat_call__functions.h
[2.373s] -- Installing: /home/waritt/fun5mini_ws/install/fun5mini_interfaces/include/fun5mini_interfaces/fun5mini_interfaces/srv/detail/target_call__functions.c
[2.373s] -- Up-to-date: /home/waritt/fun5mini_ws/install/fun5mini_interfaces/share/fun5mini_interfaces/environment/library_path.sh
[2.373s] -- Installing: /home/waritt/fun5mini_ws/install/fun5mini_interfaces/share/fun5mini_interfaces/environment/library_path.dsv
[2.373s] -- Installing: /home/waritt/fun5mini_ws/install/fun5mini_interfaces/lib/libfun5mini_interfaces__rosidl_generator_c.so
[2.374s] -- Set runtime path of "/home/waritt/fun5mini_ws/install/fun5mini_interfaces/lib/libfun5mini_interfaces__rosidl_generator_c.so" to ""
[2.374s] -- Up-to-date: /home/waritt/fun5mini_ws/install/fun5mini_interfaces/include/fun5mini_interfaces/fun5mini_interfaces
[2.374s] -- Up-to-date: /home/waritt/fun5mini_ws/install/fun5mini_interfaces/include/fun5mini_interfaces/fun5mini_interfaces/msg
[2.374s] -- Up-to-date: /home/waritt/fun5mini_ws/install/fun5mini_interfaces/include/fun5mini_interfaces/fun5mini_interfaces/msg/rosidl_typesupport_fastrtps_c__visibility_control.h
[2.374s] -- Up-to-date: /home/waritt/fun5mini_ws/install/fun5mini_interfaces/include/fun5mini_interfaces/fun5mini_interfaces/srv
[2.374s] -- Up-to-date: /home/waritt/fun5mini_ws/install/fun5mini_interfaces/include/fun5mini_interfaces/fun5mini_interfaces/srv/detail
[2.374s] -- Installing: /home/waritt/fun5mini_ws/install/fun5mini_interfaces/include/fun5mini_interfaces/fun5mini_interfaces/srv/detail/eat_call__rosidl_typesupport_fastrtps_c.h
[2.374s] -- Installing: /home/waritt/fun5mini_ws/install/fun5mini_interfaces/include/fun5mini_interfaces/fun5mini_interfaces/srv/detail/target_call__rosidl_typesupport_fastrtps_c.h
[2.374s] -- Installing: /home/waritt/fun5mini_ws/install/fun5mini_interfaces/lib/libfun5mini_interfaces__rosidl_typesupport_fastrtps_c.so
[2.374s] -- Set runtime path of "/home/waritt/fun5mini_ws/install/fun5mini_interfaces/lib/libfun5mini_interfaces__rosidl_typesupport_fastrtps_c.so" to ""
[2.374s] -- Up-to-date: /home/waritt/fun5mini_ws/install/fun5mini_interfaces/include/fun5mini_interfaces/fun5mini_interfaces
[2.374s] -- Up-to-date: /home/waritt/fun5mini_ws/install/fun5mini_interfaces/include/fun5mini_interfaces/fun5mini_interfaces/msg
[2.374s] -- Up-to-date: /home/waritt/fun5mini_ws/install/fun5mini_interfaces/include/fun5mini_interfaces/fun5mini_interfaces/msg/rosidl_typesupport_introspection_c__visibility_control.h
[2.374s] -- Up-to-date: /home/waritt/fun5mini_ws/install/fun5mini_interfaces/include/fun5mini_interfaces/fun5mini_interfaces/srv
[2.374s] -- Up-to-date: /home/waritt/fun5mini_ws/install/fun5mini_interfaces/include/fun5mini_interfaces/fun5mini_interfaces/srv/detail
[2.374s] -- Installing: /home/waritt/fun5mini_ws/install/fun5mini_interfaces/include/fun5mini_interfaces/fun5mini_interfaces/srv/detail/target_call__type_support.c
[2.374s] -- Installing: /home/waritt/fun5mini_ws/install/fun5mini_interfaces/include/fun5mini_interfaces/fun5mini_interfaces/srv/detail/target_call__rosidl_typesupport_introspection_c.h
[2.374s] -- Installing: /home/waritt/fun5mini_ws/install/fun5mini_interfaces/include/fun5mini_interfaces/fun5mini_interfaces/srv/detail/eat_call__type_support.c
[2.375s] -- Installing: /home/waritt/fun5mini_ws/install/fun5mini_interfaces/include/fun5mini_interfaces/fun5mini_interfaces/srv/detail/eat_call__rosidl_typesupport_introspection_c.h
[2.375s] -- Installing: /home/waritt/fun5mini_ws/install/fun5mini_interfaces/lib/libfun5mini_interfaces__rosidl_typesupport_introspection_c.so
[2.375s] -- Set runtime path of "/home/waritt/fun5mini_ws/install/fun5mini_interfaces/lib/libfun5mini_interfaces__rosidl_typesupport_introspection_c.so" to ""
[2.375s] -- Installing: /home/waritt/fun5mini_ws/install/fun5mini_interfaces/lib/libfun5mini_interfaces__rosidl_typesupport_c.so
[2.375s] -- Set runtime path of "/home/waritt/fun5mini_ws/install/fun5mini_interfaces/lib/libfun5mini_interfaces__rosidl_typesupport_c.so" to ""
[2.375s] -- Up-to-date: /home/waritt/fun5mini_ws/install/fun5mini_interfaces/include/fun5mini_interfaces/fun5mini_interfaces
[2.375s] -- Up-to-date: /home/waritt/fun5mini_ws/install/fun5mini_interfaces/include/fun5mini_interfaces/fun5mini_interfaces/srv
[2.375s] -- Installing: /home/waritt/fun5mini_ws/install/fun5mini_interfaces/include/fun5mini_interfaces/fun5mini_interfaces/srv/target_call.hpp
[2.375s] -- Installing: /home/waritt/fun5mini_ws/install/fun5mini_interfaces/include/fun5mini_interfaces/fun5mini_interfaces/srv/eat_call.hpp
[2.375s] -- Up-to-date: /home/waritt/fun5mini_ws/install/fun5mini_interfaces/include/fun5mini_interfaces/fun5mini_interfaces/srv/detail
[2.375s] -- Installing: /home/waritt/fun5mini_ws/install/fun5mini_interfaces/include/fun5mini_interfaces/fun5mini_interfaces/srv/detail/eat_call__struct.hpp
[2.375s] -- Installing: /home/waritt/fun5mini_ws/install/fun5mini_interfaces/include/fun5mini_interfaces/fun5mini_interfaces/srv/detail/eat_call__builder.hpp
[2.375s] -- Installing: /home/waritt/fun5mini_ws/install/fun5mini_interfaces/include/fun5mini_interfaces/fun5mini_interfaces/srv/detail/target_call__struct.hpp
[2.375s] -- Installing: /home/waritt/fun5mini_ws/install/fun5mini_interfaces/include/fun5mini_interfaces/fun5mini_interfaces/srv/detail/eat_call__traits.hpp
[2.375s] -- Installing: /home/waritt/fun5mini_ws/install/fun5mini_interfaces/include/fun5mini_interfaces/fun5mini_interfaces/srv/detail/target_call__builder.hpp
[2.375s] -- Installing: /home/waritt/fun5mini_ws/install/fun5mini_interfaces/include/fun5mini_interfaces/fun5mini_interfaces/srv/detail/target_call__traits.hpp
[2.376s] -- Up-to-date: /home/waritt/fun5mini_ws/install/fun5mini_interfaces/include/fun5mini_interfaces/fun5mini_interfaces
[2.376s] -- Up-to-date: /home/waritt/fun5mini_ws/install/fun5mini_interfaces/include/fun5mini_interfaces/fun5mini_interfaces/msg
[2.376s] -- Up-to-date: /home/waritt/fun5mini_ws/install/fun5mini_interfaces/include/fun5mini_interfaces/fun5mini_interfaces/msg/rosidl_typesupport_fastrtps_cpp__visibility_control.h
[2.376s] -- Up-to-date: /home/waritt/fun5mini_ws/install/fun5mini_interfaces/include/fun5mini_interfaces/fun5mini_interfaces/srv
[2.376s] -- Up-to-date: /home/waritt/fun5mini_ws/install/fun5mini_interfaces/include/fun5mini_interfaces/fun5mini_interfaces/srv/detail
[2.376s] -- Installing: /home/waritt/fun5mini_ws/install/fun5mini_interfaces/include/fun5mini_interfaces/fun5mini_interfaces/srv/detail/eat_call__rosidl_typesupport_fastrtps_cpp.hpp
[2.376s] -- Installing: /home/waritt/fun5mini_ws/install/fun5mini_interfaces/include/fun5mini_interfaces/fun5mini_interfaces/srv/detail/target_call__rosidl_typesupport_fastrtps_cpp.hpp
[2.376s] -- Up-to-date: /home/waritt/fun5mini_ws/install/fun5mini_interfaces/include/fun5mini_interfaces/fun5mini_interfaces/srv/detail/dds_fastrtps
[2.376s] -- Installing: /home/waritt/fun5mini_ws/install/fun5mini_interfaces/lib/libfun5mini_interfaces__rosidl_typesupport_fastrtps_cpp.so
[2.376s] -- Set runtime path of "/home/waritt/fun5mini_ws/install/fun5mini_interfaces/lib/libfun5mini_interfaces__rosidl_typesupport_fastrtps_cpp.so" to ""
[2.376s] -- Up-to-date: /home/waritt/fun5mini_ws/install/fun5mini_interfaces/include/fun5mini_interfaces/fun5mini_interfaces
[2.376s] -- Up-to-date: /home/waritt/fun5mini_ws/install/fun5mini_interfaces/include/fun5mini_interfaces/fun5mini_interfaces/srv
[2.376s] -- Up-to-date: /home/waritt/fun5mini_ws/install/fun5mini_interfaces/include/fun5mini_interfaces/fun5mini_interfaces/srv/detail
[2.376s] -- Installing: /home/waritt/fun5mini_ws/install/fun5mini_interfaces/include/fun5mini_interfaces/fun5mini_interfaces/srv/detail/eat_call__type_support.cpp
[2.376s] -- Installing: /home/waritt/fun5mini_ws/install/fun5mini_interfaces/include/fun5mini_interfaces/fun5mini_interfaces/srv/detail/target_call__type_support.cpp
[2.376s] -- Installing: /home/waritt/fun5mini_ws/install/fun5mini_interfaces/include/fun5mini_interfaces/fun5mini_interfaces/srv/detail/target_call__rosidl_typesupport_introspection_cpp.hpp
[2.376s] -- Installing: /home/waritt/fun5mini_ws/install/fun5mini_interfaces/include/fun5mini_interfaces/fun5mini_interfaces/srv/detail/eat_call__rosidl_typesupport_introspection_cpp.hpp
[2.376s] -- Installing: /home/waritt/fun5mini_ws/install/fun5mini_interfaces/lib/libfun5mini_interfaces__rosidl_typesupport_introspection_cpp.so
[2.377s] -- Set runtime path of "/home/waritt/fun5mini_ws/install/fun5mini_interfaces/lib/libfun5mini_interfaces__rosidl_typesupport_introspection_cpp.so" to ""
[2.377s] -- Installing: /home/waritt/fun5mini_ws/install/fun5mini_interfaces/lib/libfun5mini_interfaces__rosidl_typesupport_cpp.so
[2.377s] -- Set runtime path of "/home/waritt/fun5mini_ws/install/fun5mini_interfaces/lib/libfun5mini_interfaces__rosidl_typesupport_cpp.so" to ""
[2.377s] -- Up-to-date: /home/waritt/fun5mini_ws/install/fun5mini_interfaces/share/fun5mini_interfaces/environment/pythonpath.sh
[2.377s] -- Installing: /home/waritt/fun5mini_ws/install/fun5mini_interfaces/share/fun5mini_interfaces/environment/pythonpath.dsv
[2.377s] -- Up-to-date: /home/waritt/fun5mini_ws/install/fun5mini_interfaces/local/lib/python3.10/dist-packages/fun5mini_interfaces-0.0.0-py3.10.egg-info
[2.377s] -- Installing: /home/waritt/fun5mini_ws/install/fun5mini_interfaces/local/lib/python3.10/dist-packages/fun5mini_interfaces-0.0.0-py3.10.egg-info/SOURCES.txt
[2.377s] -- Installing: /home/waritt/fun5mini_ws/install/fun5mini_interfaces/local/lib/python3.10/dist-packages/fun5mini_interfaces-0.0.0-py3.10.egg-info/top_level.txt
[2.377s] -- Installing: /home/waritt/fun5mini_ws/install/fun5mini_interfaces/local/lib/python3.10/dist-packages/fun5mini_interfaces-0.0.0-py3.10.egg-info/PKG-INFO
[2.377s] -- Installing: /home/waritt/fun5mini_ws/install/fun5mini_interfaces/local/lib/python3.10/dist-packages/fun5mini_interfaces-0.0.0-py3.10.egg-info/dependency_links.txt
[2.377s] -- Up-to-date: /home/waritt/fun5mini_ws/install/fun5mini_interfaces/local/lib/python3.10/dist-packages/fun5mini_interfaces
[2.377s] -- Installing: /home/waritt/fun5mini_ws/install/fun5mini_interfaces/local/lib/python3.10/dist-packages/fun5mini_interfaces/fun5mini_interfaces_s__rosidl_typesupport_fastrtps_c.cpython-310-x86_64-linux-gnu.so
[2.377s] -- Installing: /home/waritt/fun5mini_ws/install/fun5mini_interfaces/local/lib/python3.10/dist-packages/fun5mini_interfaces/__init__.py
[2.377s] -- Installing: /home/waritt/fun5mini_ws/install/fun5mini_interfaces/local/lib/python3.10/dist-packages/fun5mini_interfaces/fun5mini_interfaces_s__rosidl_typesupport_c.cpython-310-x86_64-linux-gnu.so
[2.377s] -- Installing: /home/waritt/fun5mini_ws/install/fun5mini_interfaces/local/lib/python3.10/dist-packages/fun5mini_interfaces/fun5mini_interfaces_s__rosidl_typesupport_introspection_c.cpython-310-x86_64-linux-gnu.so
[2.378s] -- Installing: /home/waritt/fun5mini_ws/install/fun5mini_interfaces/local/lib/python3.10/dist-packages/fun5mini_interfaces/_fun5mini_interfaces_s.ep.rosidl_typesupport_introspection_c.c
[2.378s] -- Installing: /home/waritt/fun5mini_ws/install/fun5mini_interfaces/local/lib/python3.10/dist-packages/fun5mini_interfaces/libfun5mini_interfaces__rosidl_generator_py.so
[2.378s] -- Installing: /home/waritt/fun5mini_ws/install/fun5mini_interfaces/local/lib/python3.10/dist-packages/fun5mini_interfaces/_fun5mini_interfaces_s.ep.rosidl_typesupport_fastrtps_c.c
[2.378s] -- Installing: /home/waritt/fun5mini_ws/install/fun5mini_interfaces/local/lib/python3.10/dist-packages/fun5mini_interfaces/_fun5mini_interfaces_s.ep.rosidl_typesupport_c.c
[2.378s] -- Up-to-date: /home/waritt/fun5mini_ws/install/fun5mini_interfaces/local/lib/python3.10/dist-packages/fun5mini_interfaces/srv
[2.378s] -- Installing: /home/waritt/fun5mini_ws/install/fun5mini_interfaces/local/lib/python3.10/dist-packages/fun5mini_interfaces/srv/__init__.py
[2.378s] -- Installing: /home/waritt/fun5mini_ws/install/fun5mini_interfaces/local/lib/python3.10/dist-packages/fun5mini_interfaces/srv/_eat_call_s.c
[2.378s] -- Installing: /home/waritt/fun5mini_ws/install/fun5mini_interfaces/local/lib/python3.10/dist-packages/fun5mini_interfaces/srv/_target_call.py
[2.378s] -- Installing: /home/waritt/fun5mini_ws/install/fun5mini_interfaces/local/lib/python3.10/dist-packages/fun5mini_interfaces/srv/_target_call_s.c
[2.378s] -- Installing: /home/waritt/fun5mini_ws/install/fun5mini_interfaces/local/lib/python3.10/dist-packages/fun5mini_interfaces/srv/_eat_call.py
[2.406s] Listing '/home/waritt/fun5mini_ws/install/fun5mini_interfaces/local/lib/python3.10/dist-packages/fun5mini_interfaces'...
[2.406s] Compiling '/home/waritt/fun5mini_ws/install/fun5mini_interfaces/local/lib/python3.10/dist-packages/fun5mini_interfaces/__init__.py'...
[2.406s] Listing '/home/waritt/fun5mini_ws/install/fun5mini_interfaces/local/lib/python3.10/dist-packages/fun5mini_interfaces/srv'...
[2.406s] Compiling '/home/waritt/fun5mini_ws/install/fun5mini_interfaces/local/lib/python3.10/dist-packages/fun5mini_interfaces/srv/__init__.py'...
[2.406s] Compiling '/home/waritt/fun5mini_ws/install/fun5mini_interfaces/local/lib/python3.10/dist-packages/fun5mini_interfaces/srv/_eat_call.py'...
[2.406s] Compiling '/home/waritt/fun5mini_ws/install/fun5mini_interfaces/local/lib/python3.10/dist-packages/fun5mini_interfaces/srv/_target_call.py'...
[2.408s] -- Installing: /home/waritt/fun5mini_ws/install/fun5mini_interfaces/local/lib/python3.10/dist-packages/fun5mini_interfaces/fun5mini_interfaces_s__rosidl_typesupport_fastrtps_c.cpython-310-x86_64-linux-gnu.so
[2.408s] -- Set runtime path of "/home/waritt/fun5mini_ws/install/fun5mini_interfaces/local/lib/python3.10/dist-packages/fun5mini_interfaces/fun5mini_interfaces_s__rosidl_typesupport_fastrtps_c.cpython-310-x86_64-linux-gnu.so" to ""
[2.408s] -- Installing: /home/waritt/fun5mini_ws/install/fun5mini_interfaces/local/lib/python3.10/dist-packages/fun5mini_interfaces/fun5mini_interfaces_s__rosidl_typesupport_introspection_c.cpython-310-x86_64-linux-gnu.so
[2.409s] -- Set runtime path of "/home/waritt/fun5mini_ws/install/fun5mini_interfaces/local/lib/python3.10/dist-packages/fun5mini_interfaces/fun5mini_interfaces_s__rosidl_typesupport_introspection_c.cpython-310-x86_64-linux-gnu.so" to ""
[2.409s] -- Installing: /home/waritt/fun5mini_ws/install/fun5mini_interfaces/local/lib/python3.10/dist-packages/fun5mini_interfaces/fun5mini_interfaces_s__rosidl_typesupport_c.cpython-310-x86_64-linux-gnu.so
[2.409s] -- Set runtime path of "/home/waritt/fun5mini_ws/install/fun5mini_interfaces/local/lib/python3.10/dist-packages/fun5mini_interfaces/fun5mini_interfaces_s__rosidl_typesupport_c.cpython-310-x86_64-linux-gnu.so" to ""
[2.409s] -- Installing: /home/waritt/fun5mini_ws/install/fun5mini_interfaces/lib/libfun5mini_interfaces__rosidl_generator_py.so
[2.409s] -- Set runtime path of "/home/waritt/fun5mini_ws/install/fun5mini_interfaces/lib/libfun5mini_interfaces__rosidl_generator_py.so" to ""
[2.409s] -- Installing: /home/waritt/fun5mini_ws/install/fun5mini_interfaces/share/fun5mini_interfaces/srv/EatCall.idl
[2.409s] -- Installing: /home/waritt/fun5mini_ws/install/fun5mini_interfaces/share/fun5mini_interfaces/srv/TargetCall.idl
[2.409s] -- Installing: /home/waritt/fun5mini_ws/install/fun5mini_interfaces/share/fun5mini_interfaces/srv/EatCall.srv
[2.409s] -- Installing: /home/waritt/fun5mini_ws/install/fun5mini_interfaces/share/fun5mini_interfaces/srv/EatCall_Request.msg
[2.410s] -- Up-to-date: /home/waritt/fun5mini_ws/install/fun5mini_interfaces/share/fun5mini_interfaces/srv/EatCall_Response.msg
[2.410s] -- Installing: /home/waritt/fun5mini_ws/install/fun5mini_interfaces/share/fun5mini_interfaces/srv/TargetCall.srv
[2.410s] -- Installing: /home/waritt/fun5mini_ws/install/fun5mini_interfaces/share/fun5mini_interfaces/srv/TargetCall_Request.msg
[2.410s] -- Installing: /home/waritt/fun5mini_ws/install/fun5mini_interfaces/share/fun5mini_interfaces/srv/TargetCall_Response.msg
[2.410s] -- Up-to-date: /home/waritt/fun5mini_ws/install/fun5mini_interfaces/share/ament_index/resource_index/package_run_dependencies/fun5mini_interfaces
[2.410s] -- Installing: /home/waritt/fun5mini_ws/install/fun5mini_interfaces/share/ament_index/resource_index/parent_prefix_path/fun5mini_interfaces
[2.410s] -- Up-to-date: /home/waritt/fun5mini_ws/install/fun5mini_interfaces/share/fun5mini_interfaces/environment/ament_prefix_path.sh
[2.410s] -- Installing: /home/waritt/fun5mini_ws/install/fun5mini_interfaces/share/fun5mini_interfaces/environment/ament_prefix_path.dsv
[2.410s] -- Up-to-date: /home/waritt/fun5mini_ws/install/fun5mini_interfaces/share/fun5mini_interfaces/environment/path.sh
[2.410s] -- Installing: /home/waritt/fun5mini_ws/install/fun5mini_interfaces/share/fun5mini_interfaces/environment/path.dsv
[2.410s] -- Up-to-date: /home/waritt/fun5mini_ws/install/fun5mini_interfaces/share/fun5mini_interfaces/local_setup.bash
[2.410s] -- Up-to-date: /home/waritt/fun5mini_ws/install/fun5mini_interfaces/share/fun5mini_interfaces/local_setup.sh
[2.410s] -- Up-to-date: /home/waritt/fun5mini_ws/install/fun5mini_interfaces/share/fun5mini_interfaces/local_setup.zsh
[2.410s] -- Installing: /home/waritt/fun5mini_ws/install/fun5mini_interfaces/share/fun5mini_interfaces/local_setup.dsv
[2.410s] -- Installing: /home/waritt/fun5mini_ws/install/fun5mini_interfaces/share/fun5mini_interfaces/package.dsv
[2.410s] -- Up-to-date: /home/waritt/fun5mini_ws/install/fun5mini_interfaces/share/ament_index/resource_index/packages/fun5mini_interfaces
[2.410s] -- Up-to-date: /home/waritt/fun5mini_ws/install/fun5mini_interfaces/share/fun5mini_interfaces/cmake/export_fun5mini_interfaces__rosidl_generator_cExport.cmake
[2.410s] -- Up-to-date: /home/waritt/fun5mini_ws/install/fun5mini_interfaces/share/fun5mini_interfaces/cmake/export_fun5mini_interfaces__rosidl_generator_cExport-noconfig.cmake
[2.410s] -- Up-to-date: /home/waritt/fun5mini_ws/install/fun5mini_interfaces/share/fun5mini_interfaces/cmake/export_fun5mini_interfaces__rosidl_typesupport_fastrtps_cExport.cmake
[2.411s] -- Up-to-date: /home/waritt/fun5mini_ws/install/fun5mini_interfaces/share/fun5mini_interfaces/cmake/export_fun5mini_interfaces__rosidl_typesupport_fastrtps_cExport-noconfig.cmake
[2.411s] -- Up-to-date: /home/waritt/fun5mini_ws/install/fun5mini_interfaces/share/fun5mini_interfaces/cmake/fun5mini_interfaces__rosidl_typesupport_introspection_cExport.cmake
[2.411s] -- Up-to-date: /home/waritt/fun5mini_ws/install/fun5mini_interfaces/share/fun5mini_interfaces/cmake/fun5mini_interfaces__rosidl_typesupport_introspection_cExport-noconfig.cmake
[2.411s] -- Up-to-date: /home/waritt/fun5mini_ws/install/fun5mini_interfaces/share/fun5mini_interfaces/cmake/fun5mini_interfaces__rosidl_typesupport_cExport.cmake
[2.411s] -- Up-to-date: /home/waritt/fun5mini_ws/install/fun5mini_interfaces/share/fun5mini_interfaces/cmake/fun5mini_interfaces__rosidl_typesupport_cExport-noconfig.cmake
[2.411s] -- Up-to-date: /home/waritt/fun5mini_ws/install/fun5mini_interfaces/share/fun5mini_interfaces/cmake/export_fun5mini_interfaces__rosidl_generator_cppExport.cmake
[2.411s] -- Up-to-date: /home/waritt/fun5mini_ws/install/fun5mini_interfaces/share/fun5mini_interfaces/cmake/export_fun5mini_interfaces__rosidl_typesupport_fastrtps_cppExport.cmake
[2.411s] -- Up-to-date: /home/waritt/fun5mini_ws/install/fun5mini_interfaces/share/fun5mini_interfaces/cmake/export_fun5mini_interfaces__rosidl_typesupport_fastrtps_cppExport-noconfig.cmake
[2.411s] -- Up-to-date: /home/waritt/fun5mini_ws/install/fun5mini_interfaces/share/fun5mini_interfaces/cmake/fun5mini_interfaces__rosidl_typesupport_introspection_cppExport.cmake
[2.411s] -- Up-to-date: /home/waritt/fun5mini_ws/install/fun5mini_interfaces/share/fun5mini_interfaces/cmake/fun5mini_interfaces__rosidl_typesupport_introspection_cppExport-noconfig.cmake
[2.411s] -- Up-to-date: /home/waritt/fun5mini_ws/install/fun5mini_interfaces/share/fun5mini_interfaces/cmake/fun5mini_interfaces__rosidl_typesupport_cppExport.cmake
[2.411s] -- Up-to-date: /home/waritt/fun5mini_ws/install/fun5mini_interfaces/share/fun5mini_interfaces/cmake/fun5mini_interfaces__rosidl_typesupport_cppExport-noconfig.cmake
[2.411s] -- Up-to-date: /home/waritt/fun5mini_ws/install/fun5mini_interfaces/share/fun5mini_interfaces/cmake/export_fun5mini_interfaces__rosidl_generator_pyExport.cmake
[2.411s] -- Up-to-date: /home/waritt/fun5mini_ws/install/fun5mini_interfaces/share/fun5mini_interfaces/cmake/export_fun5mini_interfaces__rosidl_generator_pyExport-noconfig.cmake
[2.411s] -- Installing: /home/waritt/fun5mini_ws/install/fun5mini_interfaces/share/fun5mini_interfaces/cmake/rosidl_cmake-extras.cmake
[2.411s] -- Up-to-date: /home/waritt/fun5mini_ws/install/fun5mini_interfaces/share/fun5mini_interfaces/cmake/ament_cmake_export_include_directories-extras.cmake
[2.411s] -- Up-to-date: /home/waritt/fun5mini_ws/install/fun5mini_interfaces/share/fun5mini_interfaces/cmake/ament_cmake_export_libraries-extras.cmake
[2.411s] -- Up-to-date: /home/waritt/fun5mini_ws/install/fun5mini_interfaces/share/fun5mini_interfaces/cmake/ament_cmake_export_targets-extras.cmake
[2.411s] -- Up-to-date: /home/waritt/fun5mini_ws/install/fun5mini_interfaces/share/fun5mini_interfaces/cmake/rosidl_cmake_export_typesupport_targets-extras.cmake
[2.411s] -- Up-to-date: /home/waritt/fun5mini_ws/install/fun5mini_interfaces/share/fun5mini_interfaces/cmake/ament_cmake_export_dependencies-extras.cmake
[2.411s] -- Up-to-date: /home/waritt/fun5mini_ws/install/fun5mini_interfaces/share/fun5mini_interfaces/cmake/rosidl_cmake_export_typesupport_libraries-extras.cmake
[2.411s] -- Up-to-date: /home/waritt/fun5mini_ws/install/fun5mini_interfaces/share/fun5mini_interfaces/cmake/fun5mini_interfacesConfig.cmake
[2.411s] -- Up-to-date: /home/waritt/fun5mini_ws/install/fun5mini_interfaces/share/fun5mini_interfaces/cmake/fun5mini_interfacesConfig-version.cmake
[2.411s] -- Up-to-date: /home/waritt/fun5mini_ws/install/fun5mini_interfaces/share/fun5mini_interfaces/package.xml
[2.413s] Invoked command in '/home/waritt/fun5mini_ws/build/fun5mini_interfaces' returned '0': CMAKE_PREFIX_PATH=${CMAKE_PREFIX_PATH}:/opt/ros/humble /usr/bin/cmake --install /home/waritt/fun5mini_ws/build/fun5mini_interfaces
