[0.008s] Invoking command in '/home/waritt/fun5mini_ws/build/turtle_game': CMAKE_PREFIX_PATH=${CMAKE_PREFIX_PATH}:/opt/ros/humble /usr/bin/cmake /home/waritt/fun5mini_ws/src/turtle_game -DCMAKE_INSTALL_PREFIX=/home/waritt/fun5mini_ws/install/turtle_game
[0.081s] -- The C compiler identification is GNU 11.4.0
[0.139s] -- The CXX compiler identification is GNU 11.4.0
[0.146s] -- Detecting C compiler ABI info
[0.192s] -- Detecting C compiler ABI info - done
[0.196s] -- Check for working C compiler: /usr/bin/cc - skipped
[0.197s] -- Detecting C compile features
[0.197s] -- Detecting C compile features - done
[0.199s] -- Detecting CXX compiler ABI info
[0.250s] -- Detecting CXX compiler ABI info - done
[0.255s] -- Check for working CXX compiler: /usr/bin/c++ - skipped
[0.255s] -- Detecting CXX compile features
[0.256s] -- Detecting CXX compile features - done
[0.261s] -- Found ament_cmake: 1.3.10 (/opt/ros/humble/share/ament_cmake/cmake)
[0.374s] -- Found Python3: /usr/bin/python3 (found version "3.10.12") found components: Interpreter 
[0.456s] -- Found rclcpp: 16.0.10 (/opt/ros/humble/share/rclcpp/cmake)
[0.500s] -- Found rosidl_generator_c: 3.1.5 (/opt/ros/humble/share/rosidl_generator_c/cmake)
[0.506s] -- Found rosidl_adapter: 3.1.5 (/opt/ros/humble/share/rosidl_adapter/cmake)
[0.515s] -- Found rosidl_generator_cpp: 3.1.5 (/opt/ros/humble/share/rosidl_generator_cpp/cmake)
[0.527s] -- Using all available rosidl_typesupport_c: rosidl_typesupport_fastrtps_c;rosidl_typesupport_introspection_c
[0.543s] -- Using all available rosidl_typesupport_cpp: rosidl_typesupport_fastrtps_cpp;rosidl_typesupport_introspection_cpp
[0.586s] -- Found rmw_implementation_cmake: 6.1.2 (/opt/ros/humble/share/rmw_implementation_cmake/cmake)
[0.589s] -- Found rmw_fastrtps_cpp: 6.2.7 (/opt/ros/humble/share/rmw_fastrtps_cpp/cmake)
[0.661s] -- Found OpenSSL: /usr/lib/x86_64-linux-gnu/libcrypto.so (found version "3.0.2")  
[0.680s] -- Found FastRTPS: /opt/ros/humble/include  
[0.707s] -- Using RMW implementation 'rmw_fastrtps_cpp' as default
[0.717s] -- Looking for pthread.h
[0.774s] -- Looking for pthread.h - found
[0.774s] -- Performing Test CMAKE_HAVE_LIBC_PTHREAD
[0.835s] -- Performing Test CMAKE_HAVE_LIBC_PTHREAD - Success
[0.836s] -- Found Threads: TRUE  
[0.881s] -- Found rclpy: 3.3.14 (/opt/ros/humble/share/rclpy/cmake)
[0.984s] -- Configuring done
[0.990s] -- Generating done
[0.991s] -- Build files have been written to: /home/waritt/fun5mini_ws/build/turtle_game
[0.998s] Invoked command in '/home/waritt/fun5mini_ws/build/turtle_game' returned '0': CMAKE_PREFIX_PATH=${CMAKE_PREFIX_PATH}:/opt/ros/humble /usr/bin/cmake /home/waritt/fun5mini_ws/src/turtle_game -DCMAKE_INSTALL_PREFIX=/home/waritt/fun5mini_ws/install/turtle_game
[0.998s] Invoking command in '/home/waritt/fun5mini_ws/build/turtle_game': CMAKE_PREFIX_PATH=${CMAKE_PREFIX_PATH}:/opt/ros/humble /usr/bin/cmake --build /home/waritt/fun5mini_ws/build/turtle_game -- -j16 -l16
[1.044s] [ 50%] [32mBuilding CXX object CMakeFiles/cpp_node_test.dir/src/cpp_node.cpp.o[0m
[1.048s] [ 50%] Built target ament_cmake_python_copy_turtle_game
[1.213s] running egg_info
[1.213s] creating turtle_game.egg-info
[1.213s] writing turtle_game.egg-info/PKG-INFO
[1.213s] writing dependency_links to turtle_game.egg-info/dependency_links.txt
[1.213s] writing top-level names to turtle_game.egg-info/top_level.txt
[1.213s] writing manifest file 'turtle_game.egg-info/SOURCES.txt'
[1.215s] reading manifest file 'turtle_game.egg-info/SOURCES.txt'
[1.215s] writing manifest file 'turtle_game.egg-info/SOURCES.txt'
[1.222s] [100%] [32m[1mLinking CXX executable cpp_node_test[0m
[1.231s] [100%] Built target ament_cmake_python_build_turtle_game_egg
[1.290s] [100%] Built target cpp_node_test
[1.297s] Invoked command in '/home/waritt/fun5mini_ws/build/turtle_game' returned '0': CMAKE_PREFIX_PATH=${CMAKE_PREFIX_PATH}:/opt/ros/humble /usr/bin/cmake --build /home/waritt/fun5mini_ws/build/turtle_game -- -j16 -l16
[1.374s] Invoking command in '/home/waritt/fun5mini_ws/build/turtle_game': CMAKE_PREFIX_PATH=${CMAKE_PREFIX_PATH}:/opt/ros/humble /usr/bin/cmake --install /home/waritt/fun5mini_ws/build/turtle_game
[1.382s] -- Install configuration: ""
[1.382s] -- Installing: /home/waritt/fun5mini_ws/install/turtle_game/share/turtle_game/environment/pythonpath.sh
[1.382s] -- Installing: /home/waritt/fun5mini_ws/install/turtle_game/share/turtle_game/environment/pythonpath.dsv
[1.382s] -- Installing: /home/waritt/fun5mini_ws/install/turtle_game/local/lib/python3.10/dist-packages/turtle_game-0.0.0-py3.10.egg-info
[1.382s] -- Installing: /home/waritt/fun5mini_ws/install/turtle_game/local/lib/python3.10/dist-packages/turtle_game-0.0.0-py3.10.egg-info/SOURCES.txt
[1.383s] -- Installing: /home/waritt/fun5mini_ws/install/turtle_game/local/lib/python3.10/dist-packages/turtle_game-0.0.0-py3.10.egg-info/top_level.txt
[1.383s] -- Installing: /home/waritt/fun5mini_ws/install/turtle_game/local/lib/python3.10/dist-packages/turtle_game-0.0.0-py3.10.egg-info/PKG-INFO
[1.383s] -- Installing: /home/waritt/fun5mini_ws/install/turtle_game/local/lib/python3.10/dist-packages/turtle_game-0.0.0-py3.10.egg-info/dependency_links.txt
[1.383s] -- Installing: /home/waritt/fun5mini_ws/install/turtle_game/local/lib/python3.10/dist-packages/turtle_game
[1.383s] -- Installing: /home/waritt/fun5mini_ws/install/turtle_game/local/lib/python3.10/dist-packages/turtle_game/__init__.py
[1.383s] -- Installing: /home/waritt/fun5mini_ws/install/turtle_game/local/lib/python3.10/dist-packages/turtle_game/dummy_module.py
[1.409s] Listing '/home/waritt/fun5mini_ws/install/turtle_game/local/lib/python3.10/dist-packages/turtle_game'...
[1.409s] Compiling '/home/waritt/fun5mini_ws/install/turtle_game/local/lib/python3.10/dist-packages/turtle_game/__init__.py'...
[1.409s] Compiling '/home/waritt/fun5mini_ws/install/turtle_game/local/lib/python3.10/dist-packages/turtle_game/dummy_module.py'...
[1.411s] -- Installing: /home/waritt/fun5mini_ws/install/turtle_game/lib/turtle_game/dummy_script.py
[1.411s] -- Installing: /home/waritt/fun5mini_ws/install/turtle_game/lib/turtle_game/cpp_node_test
[1.411s] -- Set runtime path of "/home/waritt/fun5mini_ws/install/turtle_game/lib/turtle_game/cpp_node_test" to ""
[1.411s] -- Up-to-date: /home/waritt/fun5mini_ws/install/turtle_game/share/turtle_game
[1.412s] -- Installing: /home/waritt/fun5mini_ws/install/turtle_game/share/ament_index/resource_index/package_run_dependencies/turtle_game
[1.412s] -- Installing: /home/waritt/fun5mini_ws/install/turtle_game/share/ament_index/resource_index/parent_prefix_path/turtle_game
[1.412s] -- Installing: /home/waritt/fun5mini_ws/install/turtle_game/share/turtle_game/environment/ament_prefix_path.sh
[1.412s] -- Installing: /home/waritt/fun5mini_ws/install/turtle_game/share/turtle_game/environment/ament_prefix_path.dsv
[1.412s] -- Installing: /home/waritt/fun5mini_ws/install/turtle_game/share/turtle_game/environment/path.sh
[1.412s] -- Installing: /home/waritt/fun5mini_ws/install/turtle_game/share/turtle_game/environment/path.dsv
[1.412s] -- Installing: /home/waritt/fun5mini_ws/install/turtle_game/share/turtle_game/local_setup.bash
[1.412s] -- Installing: /home/waritt/fun5mini_ws/install/turtle_game/share/turtle_game/local_setup.sh
[1.412s] -- Installing: /home/waritt/fun5mini_ws/install/turtle_game/share/turtle_game/local_setup.zsh
[1.412s] -- Installing: /home/waritt/fun5mini_ws/install/turtle_game/share/turtle_game/local_setup.dsv
[1.412s] -- Installing: /home/waritt/fun5mini_ws/install/turtle_game/share/turtle_game/package.dsv
[1.412s] -- Installing: /home/waritt/fun5mini_ws/install/turtle_game/share/ament_index/resource_index/packages/turtle_game
[1.412s] -- Installing: /home/waritt/fun5mini_ws/install/turtle_game/share/turtle_game/cmake/turtle_gameConfig.cmake
[1.412s] -- Installing: /home/waritt/fun5mini_ws/install/turtle_game/share/turtle_game/cmake/turtle_gameConfig-version.cmake
[1.412s] -- Installing: /home/waritt/fun5mini_ws/install/turtle_game/share/turtle_game/package.xml
[1.414s] Invoked command in '/home/waritt/fun5mini_ws/build/turtle_game' returned '0': CMAKE_PREFIX_PATH=${CMAKE_PREFIX_PATH}:/opt/ros/humble /usr/bin/cmake --install /home/waritt/fun5mini_ws/build/turtle_game
