[0.011s] Invoking command in '/home/waritt/fun5mini_ws/build/fun5mini_interfaces': CMAKE_PREFIX_PATH=${CMAKE_PREFIX_PATH}:/opt/ros/humble /usr/bin/cmake /home/waritt/fun5mini_ws/src/fun5mini_interfaces -DCMAKE_INSTALL_PREFIX=/home/waritt/fun5mini_ws/install/fun5mini_interfaces
[0.048s] -- The C compiler identification is GNU 11.4.0
[0.083s] -- The CXX compiler identification is GNU 11.4.0
[0.088s] -- Detecting C compiler ABI info
[0.134s] -- Detecting C compiler ABI info - done
[0.139s] -- Check for working C compiler: /usr/bin/cc - skipped
[0.139s] -- Detecting C compile features
[0.139s] -- Detecting C compile features - done
[0.141s] -- Detecting CXX compiler ABI info
[0.194s] -- Detecting CXX compiler ABI info - done
[0.199s] -- Check for working CXX compiler: /usr/bin/c++ - skipped
[0.199s] -- Detecting CXX compile features
[0.200s] -- Detecting CXX compile features - done
[0.202s] -- Found ament_cmake: 1.3.10 (/opt/ros/humble/share/ament_cmake/cmake)
[0.325s] -- Found Python3: /usr/bin/python3 (found version "3.10.12") found components: Interpreter 
[0.407s] -- Found rosidl_default_generators: 1.2.0 (/opt/ros/humble/share/rosidl_default_generators/cmake)
[0.415s] -- Using all available rosidl_typesupport_c: rosidl_typesupport_fastrtps_c;rosidl_typesupport_introspection_c
[0.426s] -- Found rosidl_adapter: 3.1.5 (/opt/ros/humble/share/rosidl_adapter/cmake)
[0.465s] -- Using all available rosidl_typesupport_cpp: rosidl_typesupport_fastrtps_cpp;rosidl_typesupport_introspection_cpp
[0.495s] -- Found ament_lint_auto: 0.12.11 (/opt/ros/humble/share/ament_lint_auto/cmake)
[0.707s] -- Found ament_cmake_ros: 0.10.0 (/opt/ros/humble/share/ament_cmake_ros/cmake)
[0.845s] -- Using all available rosidl_typesupport_c: rosidl_typesupport_fastrtps_c;rosidl_typesupport_introspection_c
[1.020s] -- Using all available rosidl_typesupport_cpp: rosidl_typesupport_fastrtps_cpp;rosidl_typesupport_introspection_cpp
[1.037s] -- Found PythonInterp: /usr/bin/python3 (found suitable version "3.10.12", minimum required is "3.6") 
[1.039s] -- Found python_cmake_module: 0.10.0 (/opt/ros/humble/share/python_cmake_module/cmake)
[1.059s] -- Found PythonLibs: /usr/lib/x86_64-linux-gnu/libpython3.10.so (found suitable version "3.10.12", minimum required is "3.5") 
[1.059s] -- Using PYTHON_EXECUTABLE: /usr/bin/python3
[1.059s] -- Using PYTHON_INCLUDE_DIRS: /usr/include/python3.10
[1.059s] -- Using PYTHON_LIBRARIES: /usr/lib/x86_64-linux-gnu/libpython3.10.so
[1.076s] -- Found PythonExtra: .so  
[1.105s] -- Added test 'lint_cmake' to check CMake code style
[1.106s] -- Added test 'xmllint' to check XML markup files
[1.108s] -- Configuring done
[1.125s] -- Generating done
[1.126s] -- Build files have been written to: /home/waritt/fun5mini_ws/build/fun5mini_interfaces
[1.131s] Invoked command in '/home/waritt/fun5mini_ws/build/fun5mini_interfaces' returned '0': CMAKE_PREFIX_PATH=${CMAKE_PREFIX_PATH}:/opt/ros/humble /usr/bin/cmake /home/waritt/fun5mini_ws/src/fun5mini_interfaces -DCMAKE_INSTALL_PREFIX=/home/waritt/fun5mini_ws/install/fun5mini_interfaces
[1.132s] Invoking command in '/home/waritt/fun5mini_ws/build/fun5mini_interfaces': CMAKE_PREFIX_PATH=${CMAKE_PREFIX_PATH}:/opt/ros/humble /usr/bin/cmake --build /home/waritt/fun5mini_ws/build/fun5mini_interfaces -- -j16 -l16
[1.163s] [  2%] [34m[1mGenerating C code for ROS interfaces[0m
[1.171s] [  5%] [34m[1mGenerating C++ code for ROS interfaces[0m
[1.178s] [  5%] Built target ament_cmake_python_copy_fun5mini_interfaces
[1.386s] running egg_info
[1.387s] creating fun5mini_interfaces.egg-info
[1.387s] writing fun5mini_interfaces.egg-info/PKG-INFO
[1.387s] writing dependency_links to fun5mini_interfaces.egg-info/dependency_links.txt
[1.387s] writing top-level names to fun5mini_interfaces.egg-info/top_level.txt
[1.387s] writing manifest file 'fun5mini_interfaces.egg-info/SOURCES.txt'
[1.389s] reading manifest file 'fun5mini_interfaces.egg-info/SOURCES.txt'
[1.390s] writing manifest file 'fun5mini_interfaces.egg-info/SOURCES.txt'
[1.418s] [  5%] Built target ament_cmake_python_build_fun5mini_interfaces_egg
[1.462s] [  5%] Built target fun5mini_interfaces__cpp
[1.472s] [ 10%] [34m[1mGenerating C++ type support for eProsima Fast-RTPS[0m
[1.472s] [ 10%] [34m[1mGenerating C++ introspection for ROS interfaces[0m
[1.472s] [ 12%] [34m[1mGenerating C++ type support dispatch for ROS interfaces[0m
[1.534s] [ 17%] [32mBuilding C object CMakeFiles/fun5mini_interfaces__rosidl_generator_c.dir/rosidl_generator_c/fun5mini_interfaces/srv/detail/eat_call__functions.c.o[0m
[1.534s] [ 17%] [32mBuilding C object CMakeFiles/fun5mini_interfaces__rosidl_generator_c.dir/rosidl_generator_c/fun5mini_interfaces/srv/detail/target_call__functions.c.o[0m
[1.577s] [ 20%] [32m[1mLinking C shared library libfun5mini_interfaces__rosidl_generator_c.so[0m
[1.604s] [ 20%] Built target fun5mini_interfaces__rosidl_generator_c
[1.613s] [ 28%] [34m[1mGenerating C type support for eProsima Fast-RTPS[0m
[1.613s] [ 28%] [34m[1mGenerating C type support dispatch for ROS interfaces[0m
[1.613s] [ 28%] [34m[1mGenerating C introspection for ROS interfaces[0m
[1.706s] [ 33%] [32mBuilding CXX object CMakeFiles/fun5mini_interfaces__rosidl_typesupport_cpp.dir/rosidl_typesupport_cpp/fun5mini_interfaces/srv/eat_call__type_support.cpp.o[0m
[1.706s] [ 33%] [32mBuilding CXX object CMakeFiles/fun5mini_interfaces__rosidl_typesupport_cpp.dir/rosidl_typesupport_cpp/fun5mini_interfaces/srv/target_call__type_support.cpp.o[0m
[1.732s] [ 35%] [32mBuilding CXX object CMakeFiles/fun5mini_interfaces__rosidl_typesupport_introspection_cpp.dir/rosidl_typesupport_introspection_cpp/fun5mini_interfaces/srv/detail/eat_call__type_support.cpp.o[0m
[1.734s] [ 38%] [32mBuilding CXX object CMakeFiles/fun5mini_interfaces__rosidl_typesupport_introspection_cpp.dir/rosidl_typesupport_introspection_cpp/fun5mini_interfaces/srv/detail/target_call__type_support.cpp.o[0m
[1.763s] [ 43%] [32mBuilding CXX object CMakeFiles/fun5mini_interfaces__rosidl_typesupport_fastrtps_cpp.dir/rosidl_typesupport_fastrtps_cpp/fun5mini_interfaces/srv/detail/dds_fastrtps/target_call__type_support.cpp.o[0m
[1.763s] [ 43%] [32mBuilding CXX object CMakeFiles/fun5mini_interfaces__rosidl_typesupport_fastrtps_cpp.dir/rosidl_typesupport_fastrtps_cpp/fun5mini_interfaces/srv/detail/dds_fastrtps/eat_call__type_support.cpp.o[0m
[1.873s] [ 46%] [32mBuilding CXX object CMakeFiles/fun5mini_interfaces__rosidl_typesupport_c.dir/rosidl_typesupport_c/fun5mini_interfaces/srv/eat_call__type_support.cpp.o[0m
[1.877s] [ 48%] [32mBuilding CXX object CMakeFiles/fun5mini_interfaces__rosidl_typesupport_c.dir/rosidl_typesupport_c/fun5mini_interfaces/srv/target_call__type_support.cpp.o[0m
[1.916s] [ 51%] [32m[1mLinking CXX shared library libfun5mini_interfaces__rosidl_typesupport_c.so[0m
[1.917s] [ 53%] [32mBuilding C object CMakeFiles/fun5mini_interfaces__rosidl_typesupport_introspection_c.dir/rosidl_typesupport_introspection_c/fun5mini_interfaces/srv/detail/eat_call__type_support.c.o[0m
[1.921s] [ 56%] [32mBuilding C object CMakeFiles/fun5mini_interfaces__rosidl_typesupport_introspection_c.dir/rosidl_typesupport_introspection_c/fun5mini_interfaces/srv/detail/target_call__type_support.c.o[0m
[1.929s] [ 58%] [32mBuilding CXX object CMakeFiles/fun5mini_interfaces__rosidl_typesupport_fastrtps_c.dir/rosidl_typesupport_fastrtps_c/fun5mini_interfaces/srv/detail/eat_call__type_support_c.cpp.o[0m
[1.930s] [ 61%] [32mBuilding CXX object CMakeFiles/fun5mini_interfaces__rosidl_typesupport_fastrtps_c.dir/rosidl_typesupport_fastrtps_c/fun5mini_interfaces/srv/detail/target_call__type_support_c.cpp.o[0m
[1.954s] [ 64%] [32m[1mLinking CXX shared library libfun5mini_interfaces__rosidl_typesupport_cpp.so[0m
[1.954s] [ 66%] [32m[1mLinking C shared library libfun5mini_interfaces__rosidl_typesupport_introspection_c.so[0m
[1.955s] [ 66%] Built target fun5mini_interfaces__rosidl_typesupport_c
[1.981s] [ 66%] Built target fun5mini_interfaces__rosidl_typesupport_introspection_c
[1.989s] [ 66%] Built target fun5mini_interfaces__rosidl_typesupport_cpp
[2.138s] [ 69%] [32m[1mLinking CXX shared library libfun5mini_interfaces__rosidl_typesupport_introspection_cpp.so[0m
[2.170s] [ 69%] Built target fun5mini_interfaces__rosidl_typesupport_introspection_cpp
[2.171s] [ 71%] [32m[1mLinking CXX shared library libfun5mini_interfaces__rosidl_typesupport_fastrtps_c.so[0m
[2.190s] [ 74%] [32m[1mLinking CXX shared library libfun5mini_interfaces__rosidl_typesupport_fastrtps_cpp.so[0m
[2.220s] [ 74%] Built target fun5mini_interfaces__rosidl_typesupport_fastrtps_c
[2.239s] [ 74%] Built target fun5mini_interfaces__rosidl_typesupport_fastrtps_cpp
[2.253s] [ 74%] Built target fun5mini_interfaces
[2.266s] [ 76%] [34m[1mGenerating Python code for ROS interfaces[0m
[2.614s] [ 76%] Built target fun5mini_interfaces__py
[2.631s] [ 79%] [32mBuilding C object CMakeFiles/fun5mini_interfaces__rosidl_generator_py.dir/rosidl_generator_py/fun5mini_interfaces/srv/_target_call_s.c.o[0m
[2.632s] [ 82%] [32mBuilding C object CMakeFiles/fun5mini_interfaces__rosidl_generator_py.dir/rosidl_generator_py/fun5mini_interfaces/srv/_eat_call_s.c.o[0m
[2.708s] [ 84%] [32m[1mLinking C shared library rosidl_generator_py/fun5mini_interfaces/libfun5mini_interfaces__rosidl_generator_py.so[0m
[2.739s] [ 84%] Built target fun5mini_interfaces__rosidl_generator_py
[2.755s] [ 92%] [32mBuilding C object CMakeFiles/fun5mini_interfaces__rosidl_typesupport_c__pyext.dir/rosidl_generator_py/fun5mini_interfaces/_fun5mini_interfaces_s.ep.rosidl_typesupport_c.c.o[0m
[2.755s] [ 92%] [32mBuilding C object CMakeFiles/fun5mini_interfaces__rosidl_typesupport_fastrtps_c__pyext.dir/rosidl_generator_py/fun5mini_interfaces/_fun5mini_interfaces_s.ep.rosidl_typesupport_fastrtps_c.c.o[0m
[2.755s] [ 92%] [32mBuilding C object CMakeFiles/fun5mini_interfaces__rosidl_typesupport_introspection_c__pyext.dir/rosidl_generator_py/fun5mini_interfaces/_fun5mini_interfaces_s.ep.rosidl_typesupport_introspection_c.c.o[0m
[2.823s] [ 97%] [32m[1mLinking C shared library rosidl_generator_py/fun5mini_interfaces/fun5mini_interfaces_s__rosidl_typesupport_introspection_c.cpython-310-x86_64-linux-gnu.so[0m
[2.823s] [ 97%] [32m[1mLinking C shared library rosidl_generator_py/fun5mini_interfaces/fun5mini_interfaces_s__rosidl_typesupport_c.cpython-310-x86_64-linux-gnu.so[0m
[2.823s] [100%] [32m[1mLinking C shared library rosidl_generator_py/fun5mini_interfaces/fun5mini_interfaces_s__rosidl_typesupport_fastrtps_c.cpython-310-x86_64-linux-gnu.so[0m
[2.846s] [100%] Built target fun5mini_interfaces__rosidl_typesupport_c__pyext
[2.846s] [100%] Built target fun5mini_interfaces__rosidl_typesupport_fastrtps_c__pyext
[2.846s] [100%] Built target fun5mini_interfaces__rosidl_typesupport_introspection_c__pyext
[2.854s] Invoked command in '/home/waritt/fun5mini_ws/build/fun5mini_interfaces' returned '0': CMAKE_PREFIX_PATH=${CMAKE_PREFIX_PATH}:/opt/ros/humble /usr/bin/cmake --build /home/waritt/fun5mini_ws/build/fun5mini_interfaces -- -j16 -l16
[2.921s] Invoking command in '/home/waritt/fun5mini_ws/build/fun5mini_interfaces': CMAKE_PREFIX_PATH=${CMAKE_PREFIX_PATH}:/opt/ros/humble /usr/bin/cmake --install /home/waritt/fun5mini_ws/build/fun5mini_interfaces
[2.927s] -- Install configuration: ""
[2.927s] -- Installing: /home/waritt/fun5mini_ws/install/fun5mini_interfaces/share/ament_index/resource_index/rosidl_interfaces/fun5mini_interfaces
[2.927s] -- Installing: /home/waritt/fun5mini_ws/install/fun5mini_interfaces/include/fun5mini_interfaces/fun5mini_interfaces
[2.927s] -- Installing: /home/waritt/fun5mini_ws/install/fun5mini_interfaces/include/fun5mini_interfaces/fun5mini_interfaces/msg
[2.927s] -- Installing: /home/waritt/fun5mini_ws/install/fun5mini_interfaces/include/fun5mini_interfaces/fun5mini_interfaces/msg/rosidl_generator_c__visibility_control.h
[2.927s] -- Installing: /home/waritt/fun5mini_ws/install/fun5mini_interfaces/include/fun5mini_interfaces/fun5mini_interfaces/srv
[2.927s] -- Installing: /home/waritt/fun5mini_ws/install/fun5mini_interfaces/include/fun5mini_interfaces/fun5mini_interfaces/srv/eat_call.h
[2.928s] -- Installing: /home/waritt/fun5mini_ws/install/fun5mini_interfaces/include/fun5mini_interfaces/fun5mini_interfaces/srv/target_call.h
[2.928s] -- Installing: /home/waritt/fun5mini_ws/install/fun5mini_interfaces/include/fun5mini_interfaces/fun5mini_interfaces/srv/detail
[2.928s] -- Installing: /home/waritt/fun5mini_ws/install/fun5mini_interfaces/include/fun5mini_interfaces/fun5mini_interfaces/srv/detail/target_call__struct.h
[2.928s] -- Installing: /home/waritt/fun5mini_ws/install/fun5mini_interfaces/include/fun5mini_interfaces/fun5mini_interfaces/srv/detail/target_call__functions.h
[2.928s] -- Installing: /home/waritt/fun5mini_ws/install/fun5mini_interfaces/include/fun5mini_interfaces/fun5mini_interfaces/srv/detail/eat_call__type_support.h
[2.928s] -- Installing: /home/waritt/fun5mini_ws/install/fun5mini_interfaces/include/fun5mini_interfaces/fun5mini_interfaces/srv/detail/target_call__type_support.h
[2.928s] -- Installing: /home/waritt/fun5mini_ws/install/fun5mini_interfaces/include/fun5mini_interfaces/fun5mini_interfaces/srv/detail/eat_call__struct.h
[2.928s] -- Installing: /home/waritt/fun5mini_ws/install/fun5mini_interfaces/include/fun5mini_interfaces/fun5mini_interfaces/srv/detail/eat_call__functions.c
[2.928s] -- Installing: /home/waritt/fun5mini_ws/install/fun5mini_interfaces/include/fun5mini_interfaces/fun5mini_interfaces/srv/detail/eat_call__functions.h
[2.928s] -- Installing: /home/waritt/fun5mini_ws/install/fun5mini_interfaces/include/fun5mini_interfaces/fun5mini_interfaces/srv/detail/target_call__functions.c
[2.928s] -- Installing: /home/waritt/fun5mini_ws/install/fun5mini_interfaces/share/fun5mini_interfaces/environment/library_path.sh
[2.928s] -- Installing: /home/waritt/fun5mini_ws/install/fun5mini_interfaces/share/fun5mini_interfaces/environment/library_path.dsv
[2.928s] -- Installing: /home/waritt/fun5mini_ws/install/fun5mini_interfaces/lib/libfun5mini_interfaces__rosidl_generator_c.so
[2.928s] -- Set runtime path of "/home/waritt/fun5mini_ws/install/fun5mini_interfaces/lib/libfun5mini_interfaces__rosidl_generator_c.so" to ""
[2.928s] -- Up-to-date: /home/waritt/fun5mini_ws/install/fun5mini_interfaces/include/fun5mini_interfaces/fun5mini_interfaces
[2.928s] -- Up-to-date: /home/waritt/fun5mini_ws/install/fun5mini_interfaces/include/fun5mini_interfaces/fun5mini_interfaces/msg
[2.929s] -- Installing: /home/waritt/fun5mini_ws/install/fun5mini_interfaces/include/fun5mini_interfaces/fun5mini_interfaces/msg/rosidl_typesupport_fastrtps_c__visibility_control.h
[2.929s] -- Up-to-date: /home/waritt/fun5mini_ws/install/fun5mini_interfaces/include/fun5mini_interfaces/fun5mini_interfaces/srv
[2.929s] -- Up-to-date: /home/waritt/fun5mini_ws/install/fun5mini_interfaces/include/fun5mini_interfaces/fun5mini_interfaces/srv/detail
[2.929s] -- Installing: /home/waritt/fun5mini_ws/install/fun5mini_interfaces/include/fun5mini_interfaces/fun5mini_interfaces/srv/detail/eat_call__rosidl_typesupport_fastrtps_c.h
[2.929s] -- Installing: /home/waritt/fun5mini_ws/install/fun5mini_interfaces/include/fun5mini_interfaces/fun5mini_interfaces/srv/detail/target_call__rosidl_typesupport_fastrtps_c.h
[2.929s] -- Installing: /home/waritt/fun5mini_ws/install/fun5mini_interfaces/lib/libfun5mini_interfaces__rosidl_typesupport_fastrtps_c.so
[2.929s] -- Set runtime path of "/home/waritt/fun5mini_ws/install/fun5mini_interfaces/lib/libfun5mini_interfaces__rosidl_typesupport_fastrtps_c.so" to ""
[2.929s] -- Up-to-date: /home/waritt/fun5mini_ws/install/fun5mini_interfaces/include/fun5mini_interfaces/fun5mini_interfaces
[2.929s] -- Up-to-date: /home/waritt/fun5mini_ws/install/fun5mini_interfaces/include/fun5mini_interfaces/fun5mini_interfaces/msg
[2.929s] -- Installing: /home/waritt/fun5mini_ws/install/fun5mini_interfaces/include/fun5mini_interfaces/fun5mini_interfaces/msg/rosidl_typesupport_introspection_c__visibility_control.h
[2.929s] -- Up-to-date: /home/waritt/fun5mini_ws/install/fun5mini_interfaces/include/fun5mini_interfaces/fun5mini_interfaces/srv
[2.929s] -- Up-to-date: /home/waritt/fun5mini_ws/install/fun5mini_interfaces/include/fun5mini_interfaces/fun5mini_interfaces/srv/detail
[2.929s] -- Installing: /home/waritt/fun5mini_ws/install/fun5mini_interfaces/include/fun5mini_interfaces/fun5mini_interfaces/srv/detail/target_call__type_support.c
[2.929s] -- Installing: /home/waritt/fun5mini_ws/install/fun5mini_interfaces/include/fun5mini_interfaces/fun5mini_interfaces/srv/detail/target_call__rosidl_typesupport_introspection_c.h
[2.929s] -- Installing: /home/waritt/fun5mini_ws/install/fun5mini_interfaces/include/fun5mini_interfaces/fun5mini_interfaces/srv/detail/eat_call__type_support.c
[2.929s] -- Installing: /home/waritt/fun5mini_ws/install/fun5mini_interfaces/include/fun5mini_interfaces/fun5mini_interfaces/srv/detail/eat_call__rosidl_typesupport_introspection_c.h
[2.929s] -- Installing: /home/waritt/fun5mini_ws/install/fun5mini_interfaces/lib/libfun5mini_interfaces__rosidl_typesupport_introspection_c.so
[2.929s] -- Set runtime path of "/home/waritt/fun5mini_ws/install/fun5mini_interfaces/lib/libfun5mini_interfaces__rosidl_typesupport_introspection_c.so" to ""
[2.929s] -- Installing: /home/waritt/fun5mini_ws/install/fun5mini_interfaces/lib/libfun5mini_interfaces__rosidl_typesupport_c.so
[2.930s] -- Set runtime path of "/home/waritt/fun5mini_ws/install/fun5mini_interfaces/lib/libfun5mini_interfaces__rosidl_typesupport_c.so" to ""
[2.930s] -- Up-to-date: /home/waritt/fun5mini_ws/install/fun5mini_interfaces/include/fun5mini_interfaces/fun5mini_interfaces
[2.930s] -- Up-to-date: /home/waritt/fun5mini_ws/install/fun5mini_interfaces/include/fun5mini_interfaces/fun5mini_interfaces/srv
[2.930s] -- Installing: /home/waritt/fun5mini_ws/install/fun5mini_interfaces/include/fun5mini_interfaces/fun5mini_interfaces/srv/target_call.hpp
[2.930s] -- Installing: /home/waritt/fun5mini_ws/install/fun5mini_interfaces/include/fun5mini_interfaces/fun5mini_interfaces/srv/eat_call.hpp
[2.930s] -- Up-to-date: /home/waritt/fun5mini_ws/install/fun5mini_interfaces/include/fun5mini_interfaces/fun5mini_interfaces/srv/detail
[2.930s] -- Installing: /home/waritt/fun5mini_ws/install/fun5mini_interfaces/include/fun5mini_interfaces/fun5mini_interfaces/srv/detail/eat_call__struct.hpp
[2.930s] -- Installing: /home/waritt/fun5mini_ws/install/fun5mini_interfaces/include/fun5mini_interfaces/fun5mini_interfaces/srv/detail/eat_call__builder.hpp
[2.930s] -- Installing: /home/waritt/fun5mini_ws/install/fun5mini_interfaces/include/fun5mini_interfaces/fun5mini_interfaces/srv/detail/target_call__struct.hpp
[2.930s] -- Installing: /home/waritt/fun5mini_ws/install/fun5mini_interfaces/include/fun5mini_interfaces/fun5mini_interfaces/srv/detail/eat_call__traits.hpp
[2.930s] -- Installing: /home/waritt/fun5mini_ws/install/fun5mini_interfaces/include/fun5mini_interfaces/fun5mini_interfaces/srv/detail/target_call__builder.hpp
[2.930s] -- Installing: /home/waritt/fun5mini_ws/install/fun5mini_interfaces/include/fun5mini_interfaces/fun5mini_interfaces/srv/detail/target_call__traits.hpp
[2.930s] -- Up-to-date: /home/waritt/fun5mini_ws/install/fun5mini_interfaces/include/fun5mini_interfaces/fun5mini_interfaces
[2.930s] -- Up-to-date: /home/waritt/fun5mini_ws/install/fun5mini_interfaces/include/fun5mini_interfaces/fun5mini_interfaces/msg
[2.930s] -- Installing: /home/waritt/fun5mini_ws/install/fun5mini_interfaces/include/fun5mini_interfaces/fun5mini_interfaces/msg/rosidl_typesupport_fastrtps_cpp__visibility_control.h
[2.930s] -- Up-to-date: /home/waritt/fun5mini_ws/install/fun5mini_interfaces/include/fun5mini_interfaces/fun5mini_interfaces/srv
[2.930s] -- Up-to-date: /home/waritt/fun5mini_ws/install/fun5mini_interfaces/include/fun5mini_interfaces/fun5mini_interfaces/srv/detail
[2.930s] -- Installing: /home/waritt/fun5mini_ws/install/fun5mini_interfaces/include/fun5mini_interfaces/fun5mini_interfaces/srv/detail/eat_call__rosidl_typesupport_fastrtps_cpp.hpp
[2.930s] -- Installing: /home/waritt/fun5mini_ws/install/fun5mini_interfaces/include/fun5mini_interfaces/fun5mini_interfaces/srv/detail/target_call__rosidl_typesupport_fastrtps_cpp.hpp
[2.930s] -- Installing: /home/waritt/fun5mini_ws/install/fun5mini_interfaces/include/fun5mini_interfaces/fun5mini_interfaces/srv/detail/dds_fastrtps
[2.930s] -- Installing: /home/waritt/fun5mini_ws/install/fun5mini_interfaces/lib/libfun5mini_interfaces__rosidl_typesupport_fastrtps_cpp.so
[2.930s] -- Set runtime path of "/home/waritt/fun5mini_ws/install/fun5mini_interfaces/lib/libfun5mini_interfaces__rosidl_typesupport_fastrtps_cpp.so" to ""
[2.931s] -- Up-to-date: /home/waritt/fun5mini_ws/install/fun5mini_interfaces/include/fun5mini_interfaces/fun5mini_interfaces
[2.931s] -- Up-to-date: /home/waritt/fun5mini_ws/install/fun5mini_interfaces/include/fun5mini_interfaces/fun5mini_interfaces/srv
[2.931s] -- Up-to-date: /home/waritt/fun5mini_ws/install/fun5mini_interfaces/include/fun5mini_interfaces/fun5mini_interfaces/srv/detail
[2.931s] -- Installing: /home/waritt/fun5mini_ws/install/fun5mini_interfaces/include/fun5mini_interfaces/fun5mini_interfaces/srv/detail/eat_call__type_support.cpp
[2.931s] -- Installing: /home/waritt/fun5mini_ws/install/fun5mini_interfaces/include/fun5mini_interfaces/fun5mini_interfaces/srv/detail/target_call__type_support.cpp
[2.931s] -- Installing: /home/waritt/fun5mini_ws/install/fun5mini_interfaces/include/fun5mini_interfaces/fun5mini_interfaces/srv/detail/target_call__rosidl_typesupport_introspection_cpp.hpp
[2.931s] -- Installing: /home/waritt/fun5mini_ws/install/fun5mini_interfaces/include/fun5mini_interfaces/fun5mini_interfaces/srv/detail/eat_call__rosidl_typesupport_introspection_cpp.hpp
[2.931s] -- Installing: /home/waritt/fun5mini_ws/install/fun5mini_interfaces/lib/libfun5mini_interfaces__rosidl_typesupport_introspection_cpp.so
[2.931s] -- Set runtime path of "/home/waritt/fun5mini_ws/install/fun5mini_interfaces/lib/libfun5mini_interfaces__rosidl_typesupport_introspection_cpp.so" to ""
[2.931s] -- Installing: /home/waritt/fun5mini_ws/install/fun5mini_interfaces/lib/libfun5mini_interfaces__rosidl_typesupport_cpp.so
[2.931s] -- Set runtime path of "/home/waritt/fun5mini_ws/install/fun5mini_interfaces/lib/libfun5mini_interfaces__rosidl_typesupport_cpp.so" to ""
[2.931s] -- Installing: /home/waritt/fun5mini_ws/install/fun5mini_interfaces/share/fun5mini_interfaces/environment/pythonpath.sh
[2.931s] -- Installing: /home/waritt/fun5mini_ws/install/fun5mini_interfaces/share/fun5mini_interfaces/environment/pythonpath.dsv
[2.931s] -- Installing: /home/waritt/fun5mini_ws/install/fun5mini_interfaces/local/lib/python3.10/dist-packages/fun5mini_interfaces-0.0.0-py3.10.egg-info
[2.931s] -- Installing: /home/waritt/fun5mini_ws/install/fun5mini_interfaces/local/lib/python3.10/dist-packages/fun5mini_interfaces-0.0.0-py3.10.egg-info/SOURCES.txt
[2.931s] -- Installing: /home/waritt/fun5mini_ws/install/fun5mini_interfaces/local/lib/python3.10/dist-packages/fun5mini_interfaces-0.0.0-py3.10.egg-info/top_level.txt
[2.931s] -- Installing: /home/waritt/fun5mini_ws/install/fun5mini_interfaces/local/lib/python3.10/dist-packages/fun5mini_interfaces-0.0.0-py3.10.egg-info/PKG-INFO
[2.931s] -- Installing: /home/waritt/fun5mini_ws/install/fun5mini_interfaces/local/lib/python3.10/dist-packages/fun5mini_interfaces-0.0.0-py3.10.egg-info/dependency_links.txt
[2.932s] -- Installing: /home/waritt/fun5mini_ws/install/fun5mini_interfaces/local/lib/python3.10/dist-packages/fun5mini_interfaces
[2.932s] -- Installing: /home/waritt/fun5mini_ws/install/fun5mini_interfaces/local/lib/python3.10/dist-packages/fun5mini_interfaces/fun5mini_interfaces_s__rosidl_typesupport_fastrtps_c.cpython-310-x86_64-linux-gnu.so
[2.932s] -- Installing: /home/waritt/fun5mini_ws/install/fun5mini_interfaces/local/lib/python3.10/dist-packages/fun5mini_interfaces/__init__.py
[2.932s] -- Installing: /home/waritt/fun5mini_ws/install/fun5mini_interfaces/local/lib/python3.10/dist-packages/fun5mini_interfaces/fun5mini_interfaces_s__rosidl_typesupport_c.cpython-310-x86_64-linux-gnu.so
[2.932s] -- Installing: /home/waritt/fun5mini_ws/install/fun5mini_interfaces/local/lib/python3.10/dist-packages/fun5mini_interfaces/fun5mini_interfaces_s__rosidl_typesupport_introspection_c.cpython-310-x86_64-linux-gnu.so
[2.932s] -- Installing: /home/waritt/fun5mini_ws/install/fun5mini_interfaces/local/lib/python3.10/dist-packages/fun5mini_interfaces/_fun5mini_interfaces_s.ep.rosidl_typesupport_introspection_c.c
[2.932s] -- Installing: /home/waritt/fun5mini_ws/install/fun5mini_interfaces/local/lib/python3.10/dist-packages/fun5mini_interfaces/libfun5mini_interfaces__rosidl_generator_py.so
[2.932s] -- Installing: /home/waritt/fun5mini_ws/install/fun5mini_interfaces/local/lib/python3.10/dist-packages/fun5mini_interfaces/_fun5mini_interfaces_s.ep.rosidl_typesupport_fastrtps_c.c
[2.932s] -- Installing: /home/waritt/fun5mini_ws/install/fun5mini_interfaces/local/lib/python3.10/dist-packages/fun5mini_interfaces/_fun5mini_interfaces_s.ep.rosidl_typesupport_c.c
[2.932s] -- Installing: /home/waritt/fun5mini_ws/install/fun5mini_interfaces/local/lib/python3.10/dist-packages/fun5mini_interfaces/srv
[2.932s] -- Installing: /home/waritt/fun5mini_ws/install/fun5mini_interfaces/local/lib/python3.10/dist-packages/fun5mini_interfaces/srv/__init__.py
[2.932s] -- Installing: /home/waritt/fun5mini_ws/install/fun5mini_interfaces/local/lib/python3.10/dist-packages/fun5mini_interfaces/srv/_eat_call_s.c
[2.932s] -- Installing: /home/waritt/fun5mini_ws/install/fun5mini_interfaces/local/lib/python3.10/dist-packages/fun5mini_interfaces/srv/_target_call.py
[2.932s] -- Installing: /home/waritt/fun5mini_ws/install/fun5mini_interfaces/local/lib/python3.10/dist-packages/fun5mini_interfaces/srv/_target_call_s.c
[2.932s] -- Installing: /home/waritt/fun5mini_ws/install/fun5mini_interfaces/local/lib/python3.10/dist-packages/fun5mini_interfaces/srv/_eat_call.py
[2.960s] Listing '/home/waritt/fun5mini_ws/install/fun5mini_interfaces/local/lib/python3.10/dist-packages/fun5mini_interfaces'...
[2.960s] Compiling '/home/waritt/fun5mini_ws/install/fun5mini_interfaces/local/lib/python3.10/dist-packages/fun5mini_interfaces/__init__.py'...
[2.960s] Listing '/home/waritt/fun5mini_ws/install/fun5mini_interfaces/local/lib/python3.10/dist-packages/fun5mini_interfaces/srv'...
[2.960s] Compiling '/home/waritt/fun5mini_ws/install/fun5mini_interfaces/local/lib/python3.10/dist-packages/fun5mini_interfaces/srv/__init__.py'...
[2.960s] Compiling '/home/waritt/fun5mini_ws/install/fun5mini_interfaces/local/lib/python3.10/dist-packages/fun5mini_interfaces/srv/_eat_call.py'...
[2.960s] Compiling '/home/waritt/fun5mini_ws/install/fun5mini_interfaces/local/lib/python3.10/dist-packages/fun5mini_interfaces/srv/_target_call.py'...
[2.963s] -- Installing: /home/waritt/fun5mini_ws/install/fun5mini_interfaces/local/lib/python3.10/dist-packages/fun5mini_interfaces/fun5mini_interfaces_s__rosidl_typesupport_fastrtps_c.cpython-310-x86_64-linux-gnu.so
[2.963s] -- Set runtime path of "/home/waritt/fun5mini_ws/install/fun5mini_interfaces/local/lib/python3.10/dist-packages/fun5mini_interfaces/fun5mini_interfaces_s__rosidl_typesupport_fastrtps_c.cpython-310-x86_64-linux-gnu.so" to ""
[2.963s] -- Installing: /home/waritt/fun5mini_ws/install/fun5mini_interfaces/local/lib/python3.10/dist-packages/fun5mini_interfaces/fun5mini_interfaces_s__rosidl_typesupport_introspection_c.cpython-310-x86_64-linux-gnu.so
[2.963s] -- Set runtime path of "/home/waritt/fun5mini_ws/install/fun5mini_interfaces/local/lib/python3.10/dist-packages/fun5mini_interfaces/fun5mini_interfaces_s__rosidl_typesupport_introspection_c.cpython-310-x86_64-linux-gnu.so" to ""
[2.963s] -- Installing: /home/waritt/fun5mini_ws/install/fun5mini_interfaces/local/lib/python3.10/dist-packages/fun5mini_interfaces/fun5mini_interfaces_s__rosidl_typesupport_c.cpython-310-x86_64-linux-gnu.so
[2.963s] -- Set runtime path of "/home/waritt/fun5mini_ws/install/fun5mini_interfaces/local/lib/python3.10/dist-packages/fun5mini_interfaces/fun5mini_interfaces_s__rosidl_typesupport_c.cpython-310-x86_64-linux-gnu.so" to ""
[2.963s] -- Installing: /home/waritt/fun5mini_ws/install/fun5mini_interfaces/lib/libfun5mini_interfaces__rosidl_generator_py.so
[2.964s] -- Set runtime path of "/home/waritt/fun5mini_ws/install/fun5mini_interfaces/lib/libfun5mini_interfaces__rosidl_generator_py.so" to ""
[2.964s] -- Installing: /home/waritt/fun5mini_ws/install/fun5mini_interfaces/share/fun5mini_interfaces/srv/EatCall.idl
[2.964s] -- Installing: /home/waritt/fun5mini_ws/install/fun5mini_interfaces/share/fun5mini_interfaces/srv/TargetCall.idl
[2.964s] -- Installing: /home/waritt/fun5mini_ws/install/fun5mini_interfaces/share/fun5mini_interfaces/srv/EatCall.srv
[2.964s] -- Installing: /home/waritt/fun5mini_ws/install/fun5mini_interfaces/share/fun5mini_interfaces/srv/EatCall_Request.msg
[2.964s] -- Installing: /home/waritt/fun5mini_ws/install/fun5mini_interfaces/share/fun5mini_interfaces/srv/EatCall_Response.msg
[2.964s] -- Installing: /home/waritt/fun5mini_ws/install/fun5mini_interfaces/share/fun5mini_interfaces/srv/TargetCall.srv
[2.964s] -- Installing: /home/waritt/fun5mini_ws/install/fun5mini_interfaces/share/fun5mini_interfaces/srv/TargetCall_Request.msg
[2.964s] -- Installing: /home/waritt/fun5mini_ws/install/fun5mini_interfaces/share/fun5mini_interfaces/srv/TargetCall_Response.msg
[2.964s] -- Installing: /home/waritt/fun5mini_ws/install/fun5mini_interfaces/share/ament_index/resource_index/package_run_dependencies/fun5mini_interfaces
[2.964s] -- Installing: /home/waritt/fun5mini_ws/install/fun5mini_interfaces/share/ament_index/resource_index/parent_prefix_path/fun5mini_interfaces
[2.964s] -- Installing: /home/waritt/fun5mini_ws/install/fun5mini_interfaces/share/fun5mini_interfaces/environment/ament_prefix_path.sh
[2.964s] -- Installing: /home/waritt/fun5mini_ws/install/fun5mini_interfaces/share/fun5mini_interfaces/environment/ament_prefix_path.dsv
[2.964s] -- Installing: /home/waritt/fun5mini_ws/install/fun5mini_interfaces/share/fun5mini_interfaces/environment/path.sh
[2.964s] -- Installing: /home/waritt/fun5mini_ws/install/fun5mini_interfaces/share/fun5mini_interfaces/environment/path.dsv
[2.964s] -- Installing: /home/waritt/fun5mini_ws/install/fun5mini_interfaces/share/fun5mini_interfaces/local_setup.bash
[2.964s] -- Installing: /home/waritt/fun5mini_ws/install/fun5mini_interfaces/share/fun5mini_interfaces/local_setup.sh
[2.965s] -- Installing: /home/waritt/fun5mini_ws/install/fun5mini_interfaces/share/fun5mini_interfaces/local_setup.zsh
[2.965s] -- Installing: /home/waritt/fun5mini_ws/install/fun5mini_interfaces/share/fun5mini_interfaces/local_setup.dsv
[2.965s] -- Installing: /home/waritt/fun5mini_ws/install/fun5mini_interfaces/share/fun5mini_interfaces/package.dsv
[2.965s] -- Installing: /home/waritt/fun5mini_ws/install/fun5mini_interfaces/share/ament_index/resource_index/packages/fun5mini_interfaces
[2.965s] -- Installing: /home/waritt/fun5mini_ws/install/fun5mini_interfaces/share/fun5mini_interfaces/cmake/export_fun5mini_interfaces__rosidl_generator_cExport.cmake
[2.965s] -- Installing: /home/waritt/fun5mini_ws/install/fun5mini_interfaces/share/fun5mini_interfaces/cmake/export_fun5mini_interfaces__rosidl_generator_cExport-noconfig.cmake
[2.965s] -- Installing: /home/waritt/fun5mini_ws/install/fun5mini_interfaces/share/fun5mini_interfaces/cmake/export_fun5mini_interfaces__rosidl_typesupport_fastrtps_cExport.cmake
[2.965s] -- Installing: /home/waritt/fun5mini_ws/install/fun5mini_interfaces/share/fun5mini_interfaces/cmake/export_fun5mini_interfaces__rosidl_typesupport_fastrtps_cExport-noconfig.cmake
[2.965s] -- Installing: /home/waritt/fun5mini_ws/install/fun5mini_interfaces/share/fun5mini_interfaces/cmake/fun5mini_interfaces__rosidl_typesupport_introspection_cExport.cmake
[2.965s] -- Installing: /home/waritt/fun5mini_ws/install/fun5mini_interfaces/share/fun5mini_interfaces/cmake/fun5mini_interfaces__rosidl_typesupport_introspection_cExport-noconfig.cmake
[2.965s] -- Installing: /home/waritt/fun5mini_ws/install/fun5mini_interfaces/share/fun5mini_interfaces/cmake/fun5mini_interfaces__rosidl_typesupport_cExport.cmake
[2.965s] -- Installing: /home/waritt/fun5mini_ws/install/fun5mini_interfaces/share/fun5mini_interfaces/cmake/fun5mini_interfaces__rosidl_typesupport_cExport-noconfig.cmake
[2.965s] -- Installing: /home/waritt/fun5mini_ws/install/fun5mini_interfaces/share/fun5mini_interfaces/cmake/export_fun5mini_interfaces__rosidl_generator_cppExport.cmake
[2.965s] -- Installing: /home/waritt/fun5mini_ws/install/fun5mini_interfaces/share/fun5mini_interfaces/cmake/export_fun5mini_interfaces__rosidl_typesupport_fastrtps_cppExport.cmake
[2.965s] -- Installing: /home/waritt/fun5mini_ws/install/fun5mini_interfaces/share/fun5mini_interfaces/cmake/export_fun5mini_interfaces__rosidl_typesupport_fastrtps_cppExport-noconfig.cmake
[2.965s] -- Installing: /home/waritt/fun5mini_ws/install/fun5mini_interfaces/share/fun5mini_interfaces/cmake/fun5mini_interfaces__rosidl_typesupport_introspection_cppExport.cmake
[2.966s] -- Installing: /home/waritt/fun5mini_ws/install/fun5mini_interfaces/share/fun5mini_interfaces/cmake/fun5mini_interfaces__rosidl_typesupport_introspection_cppExport-noconfig.cmake
[2.966s] -- Installing: /home/waritt/fun5mini_ws/install/fun5mini_interfaces/share/fun5mini_interfaces/cmake/fun5mini_interfaces__rosidl_typesupport_cppExport.cmake
[2.966s] -- Installing: /home/waritt/fun5mini_ws/install/fun5mini_interfaces/share/fun5mini_interfaces/cmake/fun5mini_interfaces__rosidl_typesupport_cppExport-noconfig.cmake
[2.966s] -- Installing: /home/waritt/fun5mini_ws/install/fun5mini_interfaces/share/fun5mini_interfaces/cmake/export_fun5mini_interfaces__rosidl_generator_pyExport.cmake
[2.966s] -- Installing: /home/waritt/fun5mini_ws/install/fun5mini_interfaces/share/fun5mini_interfaces/cmake/export_fun5mini_interfaces__rosidl_generator_pyExport-noconfig.cmake
[2.966s] -- Installing: /home/waritt/fun5mini_ws/install/fun5mini_interfaces/share/fun5mini_interfaces/cmake/rosidl_cmake-extras.cmake
[2.966s] -- Installing: /home/waritt/fun5mini_ws/install/fun5mini_interfaces/share/fun5mini_interfaces/cmake/ament_cmake_export_include_directories-extras.cmake
[2.966s] -- Installing: /home/waritt/fun5mini_ws/install/fun5mini_interfaces/share/fun5mini_interfaces/cmake/ament_cmake_export_libraries-extras.cmake
[2.966s] -- Installing: /home/waritt/fun5mini_ws/install/fun5mini_interfaces/share/fun5mini_interfaces/cmake/ament_cmake_export_targets-extras.cmake
[2.966s] -- Installing: /home/waritt/fun5mini_ws/install/fun5mini_interfaces/share/fun5mini_interfaces/cmake/rosidl_cmake_export_typesupport_targets-extras.cmake
[2.966s] -- Installing: /home/waritt/fun5mini_ws/install/fun5mini_interfaces/share/fun5mini_interfaces/cmake/ament_cmake_export_dependencies-extras.cmake
[2.966s] -- Installing: /home/waritt/fun5mini_ws/install/fun5mini_interfaces/share/fun5mini_interfaces/cmake/rosidl_cmake_export_typesupport_libraries-extras.cmake
[2.966s] -- Installing: /home/waritt/fun5mini_ws/install/fun5mini_interfaces/share/fun5mini_interfaces/cmake/fun5mini_interfacesConfig.cmake
[2.966s] -- Installing: /home/waritt/fun5mini_ws/install/fun5mini_interfaces/share/fun5mini_interfaces/cmake/fun5mini_interfacesConfig-version.cmake
[2.966s] -- Installing: /home/waritt/fun5mini_ws/install/fun5mini_interfaces/share/fun5mini_interfaces/package.xml
[2.968s] Invoked command in '/home/waritt/fun5mini_ws/build/fun5mini_interfaces' returned '0': CMAKE_PREFIX_PATH=${CMAKE_PREFIX_PATH}:/opt/ros/humble /usr/bin/cmake --install /home/waritt/fun5mini_ws/build/fun5mini_interfaces
