[0.009s] Invoking command in '/home/waritt/fun5mini_ws/build/turtle_game': CMAKE_PREFIX_PATH=${CMAKE_PREFIX_PATH}:/opt/ros/humble /usr/bin/cmake --build /home/waritt/fun5mini_ws/build/turtle_game -- -j16 -l16
[0.042s] [35m[1mConsolidate compiler generated dependencies of target cpp_node_test[0m
[0.055s] [100%] Built target cpp_node_test
[0.057s] [100%] Built target ament_cmake_python_copy_turtle_game
[0.234s] running egg_info
[0.234s] writing turtle_game.egg-info/PKG-INFO
[0.234s] writing dependency_links to turtle_game.egg-info/dependency_links.txt
[0.234s] writing top-level names to turtle_game.egg-info/top_level.txt
[0.236s] reading manifest file 'turtle_game.egg-info/SOURCES.txt'
[0.236s] writing manifest file 'turtle_game.egg-info/SOURCES.txt'
[0.253s] [100%] Built target ament_cmake_python_build_turtle_game_egg
[0.260s] Invoked command in '/home/waritt/fun5mini_ws/build/turtle_game' returned '0': CMAKE_PREFIX_PATH=${CMAKE_PREFIX_PATH}:/opt/ros/humble /usr/bin/cmake --build /home/waritt/fun5mini_ws/build/turtle_game -- -j16 -l16
[0.317s] Invoking command in '/home/waritt/fun5mini_ws/build/turtle_game': CMAKE_PREFIX_PATH=${CMAKE_PREFIX_PATH}:/opt/ros/humble /usr/bin/cmake --install /home/waritt/fun5mini_ws/build/turtle_game
[0.325s] -- Install configuration: ""
[0.325s] -- Up-to-date: /home/waritt/fun5mini_ws/install/turtle_game/share/turtle_game/environment/pythonpath.sh
[0.325s] -- Up-to-date: /home/waritt/fun5mini_ws/install/turtle_game/share/turtle_game/environment/pythonpath.dsv
[0.325s] -- Up-to-date: /home/waritt/fun5mini_ws/install/turtle_game/local/lib/python3.10/dist-packages/turtle_game-0.0.0-py3.10.egg-info
[0.325s] -- Installing: /home/waritt/fun5mini_ws/install/turtle_game/local/lib/python3.10/dist-packages/turtle_game-0.0.0-py3.10.egg-info/SOURCES.txt
[0.325s] -- Installing: /home/waritt/fun5mini_ws/install/turtle_game/local/lib/python3.10/dist-packages/turtle_game-0.0.0-py3.10.egg-info/top_level.txt
[0.325s] -- Installing: /home/waritt/fun5mini_ws/install/turtle_game/local/lib/python3.10/dist-packages/turtle_game-0.0.0-py3.10.egg-info/PKG-INFO
[0.325s] -- Installing: /home/waritt/fun5mini_ws/install/turtle_game/local/lib/python3.10/dist-packages/turtle_game-0.0.0-py3.10.egg-info/dependency_links.txt
[0.325s] -- Up-to-date: /home/waritt/fun5mini_ws/install/turtle_game/local/lib/python3.10/dist-packages/turtle_game
[0.325s] -- Up-to-date: /home/waritt/fun5mini_ws/install/turtle_game/local/lib/python3.10/dist-packages/turtle_game/__init__.py
[0.325s] -- Up-to-date: /home/waritt/fun5mini_ws/install/turtle_game/local/lib/python3.10/dist-packages/turtle_game/dummy_module.py
[0.353s] Listing '/home/waritt/fun5mini_ws/install/turtle_game/local/lib/python3.10/dist-packages/turtle_game'...
[0.356s] -- Up-to-date: /home/waritt/fun5mini_ws/install/turtle_game/lib/turtle_game/dummy_script.py
[0.356s] -- Up-to-date: /home/waritt/fun5mini_ws/install/turtle_game/lib/turtle_game/cpp_node_test
[0.356s] -- Up-to-date: /home/waritt/fun5mini_ws/install/turtle_game/share/turtle_game
[0.356s] -- Up-to-date: /home/waritt/fun5mini_ws/install/turtle_game/share/ament_index/resource_index/package_run_dependencies/turtle_game
[0.356s] -- Up-to-date: /home/waritt/fun5mini_ws/install/turtle_game/share/ament_index/resource_index/parent_prefix_path/turtle_game
[0.356s] -- Up-to-date: /home/waritt/fun5mini_ws/install/turtle_game/share/turtle_game/environment/ament_prefix_path.sh
[0.356s] -- Up-to-date: /home/waritt/fun5mini_ws/install/turtle_game/share/turtle_game/environment/ament_prefix_path.dsv
[0.356s] -- Up-to-date: /home/waritt/fun5mini_ws/install/turtle_game/share/turtle_game/environment/path.sh
[0.356s] -- Up-to-date: /home/waritt/fun5mini_ws/install/turtle_game/share/turtle_game/environment/path.dsv
[0.356s] -- Up-to-date: /home/waritt/fun5mini_ws/install/turtle_game/share/turtle_game/local_setup.bash
[0.356s] -- Up-to-date: /home/waritt/fun5mini_ws/install/turtle_game/share/turtle_game/local_setup.sh
[0.356s] -- Up-to-date: /home/waritt/fun5mini_ws/install/turtle_game/share/turtle_game/local_setup.zsh
[0.356s] -- Up-to-date: /home/waritt/fun5mini_ws/install/turtle_game/share/turtle_game/local_setup.dsv
[0.356s] -- Up-to-date: /home/waritt/fun5mini_ws/install/turtle_game/share/turtle_game/package.dsv
[0.356s] -- Up-to-date: /home/waritt/fun5mini_ws/install/turtle_game/share/ament_index/resource_index/packages/turtle_game
[0.356s] -- Up-to-date: /home/waritt/fun5mini_ws/install/turtle_game/share/turtle_game/cmake/turtle_gameConfig.cmake
[0.356s] -- Up-to-date: /home/waritt/fun5mini_ws/install/turtle_game/share/turtle_game/cmake/turtle_gameConfig-version.cmake
[0.356s] -- Up-to-date: /home/waritt/fun5mini_ws/install/turtle_game/share/turtle_game/package.xml
[0.357s] Invoked command in '/home/waritt/fun5mini_ws/build/turtle_game' returned '0': CMAKE_PREFIX_PATH=${CMAKE_PREFIX_PATH}:/opt/ros/humble /usr/bin/cmake --install /home/waritt/fun5mini_ws/build/turtle_game
