[0.011s] Invoking command in '/home/waritt/fun5mini_ws/build/fun5mini_interfaces': CMAKE_PREFIX_PATH=${CMAKE_PREFIX_PATH}:/opt/ros/humble /usr/bin/cmake /home/waritt/fun5mini_ws/src/fun5mini_interfaces -DCMAKE_INSTALL_PREFIX=/home/waritt/fun5mini_ws/install/fun5mini_interfaces
[0.090s] -- The C compiler identification is GNU 11.4.0
[0.147s] -- The CXX compiler identification is GNU 11.4.0
[0.154s] -- Detecting C compiler ABI info
[0.202s] -- Detecting C compiler ABI info - done
[0.206s] -- Check for working C compiler: /usr/bin/cc - skipped
[0.207s] -- Detecting C compile features
[0.207s] -- Detecting C compile features - done
[0.209s] -- Detecting CXX compiler ABI info
[0.265s] -- Detecting CXX compiler ABI info - done
[0.270s] -- Check for working CXX compiler: /usr/bin/c++ - skipped
[0.270s] -- Detecting CXX compile features
[0.271s] -- Detecting CXX compile features - done
[0.274s] -- Found ament_cmake: 1.3.10 (/opt/ros/humble/share/ament_cmake/cmake)
[0.401s] -- Found Python3: /usr/bin/python3 (found version "3.10.12") found components: Interpreter 
[0.490s] -- Found rosidl_default_generators: 1.2.0 (/opt/ros/humble/share/rosidl_default_generators/cmake)
[0.495s] -- Using all available rosidl_typesupport_c: rosidl_typesupport_fastrtps_c;rosidl_typesupport_introspection_c
[0.504s] -- Found rosidl_adapter: 3.1.5 (/opt/ros/humble/share/rosidl_adapter/cmake)
[0.547s] -- Using all available rosidl_typesupport_cpp: rosidl_typesupport_fastrtps_cpp;rosidl_typesupport_introspection_cpp
[0.580s] -- Found ament_lint_auto: 0.12.11 (/opt/ros/humble/share/ament_lint_auto/cmake)
[0.789s] -- Found ament_cmake_ros: 0.10.0 (/opt/ros/humble/share/ament_cmake_ros/cmake)
[0.929s] -- Using all available rosidl_typesupport_c: rosidl_typesupport_fastrtps_c;rosidl_typesupport_introspection_c
[1.110s] -- Using all available rosidl_typesupport_cpp: rosidl_typesupport_fastrtps_cpp;rosidl_typesupport_introspection_cpp
[1.130s] -- Found PythonInterp: /usr/bin/python3 (found suitable version "3.10.12", minimum required is "3.6") 
[1.134s] -- Found python_cmake_module: 0.10.0 (/opt/ros/humble/share/python_cmake_module/cmake)
[1.159s] -- Found PythonLibs: /usr/lib/x86_64-linux-gnu/libpython3.10.so (found suitable version "3.10.12", minimum required is "3.5") 
[1.159s] -- Using PYTHON_EXECUTABLE: /usr/bin/python3
[1.159s] -- Using PYTHON_INCLUDE_DIRS: /usr/include/python3.10
[1.159s] -- Using PYTHON_LIBRARIES: /usr/lib/x86_64-linux-gnu/libpython3.10.so
[1.176s] -- Found PythonExtra: .so  
[1.219s] -- Added test 'lint_cmake' to check CMake code style
[1.220s] -- Added test 'xmllint' to check XML markup files
[1.226s] -- Configuring done
[1.243s] -- Generating done
[1.244s] -- Build files have been written to: /home/waritt/fun5mini_ws/build/fun5mini_interfaces
[1.249s] Invoked command in '/home/waritt/fun5mini_ws/build/fun5mini_interfaces' returned '0': CMAKE_PREFIX_PATH=${CMAKE_PREFIX_PATH}:/opt/ros/humble /usr/bin/cmake /home/waritt/fun5mini_ws/src/fun5mini_interfaces -DCMAKE_INSTALL_PREFIX=/home/waritt/fun5mini_ws/install/fun5mini_interfaces
[1.250s] Invoking command in '/home/waritt/fun5mini_ws/build/fun5mini_interfaces': CMAKE_PREFIX_PATH=${CMAKE_PREFIX_PATH}:/opt/ros/humble /usr/bin/cmake --build /home/waritt/fun5mini_ws/build/fun5mini_interfaces -- -j16 -l16
[1.277s] [  2%] [34m[1mGenerating C code for ROS interfaces[0m
[1.285s] [  5%] [34m[1mGenerating C++ code for ROS interfaces[0m
[1.290s] [  5%] Built target ament_cmake_python_copy_fun5mini_interfaces
[1.467s] running egg_info
[1.467s] creating fun5mini_interfaces.egg-info
[1.467s] writing fun5mini_interfaces.egg-info/PKG-INFO
[1.467s] writing dependency_links to fun5mini_interfaces.egg-info/dependency_links.txt
[1.468s] writing top-level names to fun5mini_interfaces.egg-info/top_level.txt
[1.468s] writing manifest file 'fun5mini_interfaces.egg-info/SOURCES.txt'
[1.469s] reading manifest file 'fun5mini_interfaces.egg-info/SOURCES.txt'
[1.469s] writing manifest file 'fun5mini_interfaces.egg-info/SOURCES.txt'
[1.486s] [  5%] Built target ament_cmake_python_build_fun5mini_interfaces_egg
[1.513s] [  5%] Built target fun5mini_interfaces__cpp
[1.520s] [ 10%] [34m[1mGenerating C++ type support for eProsima Fast-RTPS[0m
[1.520s] [ 10%] [34m[1mGenerating C++ introspection for ROS interfaces[0m
[1.520s] [ 12%] [34m[1mGenerating C++ type support dispatch for ROS interfaces[0m
[1.523s] [ 15%] [32mBuilding C object CMakeFiles/fun5mini_interfaces__rosidl_generator_c.dir/rosidl_generator_c/fun5mini_interfaces/srv/detail/eat_call__functions.c.o[0m
[1.523s] [ 17%] [32mBuilding C object CMakeFiles/fun5mini_interfaces__rosidl_generator_c.dir/rosidl_generator_c/fun5mini_interfaces/srv/detail/target_call__functions.c.o[0m
[1.567s] [ 20%] [32m[1mLinking C shared library libfun5mini_interfaces__rosidl_generator_c.so[0m
[1.592s] [ 20%] Built target fun5mini_interfaces__rosidl_generator_c
[1.600s] [ 28%] [34m[1mGenerating C introspection for ROS interfaces[0m
[1.601s] [ 28%] [34m[1mGenerating C type support for eProsima Fast-RTPS[0m
[1.601s] [ 28%] [34m[1mGenerating C type support dispatch for ROS interfaces[0m
[1.738s] [ 30%] [32mBuilding CXX object CMakeFiles/fun5mini_interfaces__rosidl_typesupport_cpp.dir/rosidl_typesupport_cpp/fun5mini_interfaces/srv/eat_call__type_support.cpp.o[0m
[1.738s] [ 33%] [32mBuilding CXX object CMakeFiles/fun5mini_interfaces__rosidl_typesupport_cpp.dir/rosidl_typesupport_cpp/fun5mini_interfaces/srv/target_call__type_support.cpp.o[0m
[1.760s] [ 35%] [32mBuilding CXX object CMakeFiles/fun5mini_interfaces__rosidl_typesupport_introspection_cpp.dir/rosidl_typesupport_introspection_cpp/fun5mini_interfaces/srv/detail/eat_call__type_support.cpp.o[0m
[1.760s] [ 38%] [32mBuilding CXX object CMakeFiles/fun5mini_interfaces__rosidl_typesupport_introspection_cpp.dir/rosidl_typesupport_introspection_cpp/fun5mini_interfaces/srv/detail/target_call__type_support.cpp.o[0m
[1.781s] [ 41%] [32mBuilding CXX object CMakeFiles/fun5mini_interfaces__rosidl_typesupport_fastrtps_cpp.dir/rosidl_typesupport_fastrtps_cpp/fun5mini_interfaces/srv/detail/dds_fastrtps/eat_call__type_support.cpp.o[0m
[1.785s] [ 43%] [32mBuilding CXX object CMakeFiles/fun5mini_interfaces__rosidl_typesupport_fastrtps_cpp.dir/rosidl_typesupport_fastrtps_cpp/fun5mini_interfaces/srv/detail/dds_fastrtps/target_call__type_support.cpp.o[0m
[1.828s] [ 46%] [32mBuilding CXX object CMakeFiles/fun5mini_interfaces__rosidl_typesupport_c.dir/rosidl_typesupport_c/fun5mini_interfaces/srv/eat_call__type_support.cpp.o[0m
[1.832s] [ 48%] [32mBuilding CXX object CMakeFiles/fun5mini_interfaces__rosidl_typesupport_c.dir/rosidl_typesupport_c/fun5mini_interfaces/srv/target_call__type_support.cpp.o[0m
[1.866s] [ 51%] [32m[1mLinking CXX shared library libfun5mini_interfaces__rosidl_typesupport_c.so[0m
[1.875s] [ 53%] [32mBuilding C object CMakeFiles/fun5mini_interfaces__rosidl_typesupport_introspection_c.dir/rosidl_typesupport_introspection_c/fun5mini_interfaces/srv/detail/eat_call__type_support.c.o[0m
[1.875s] [ 56%] [32mBuilding C object CMakeFiles/fun5mini_interfaces__rosidl_typesupport_introspection_c.dir/rosidl_typesupport_introspection_c/fun5mini_interfaces/srv/detail/target_call__type_support.c.o[0m
[1.889s] [ 58%] [32mBuilding CXX object CMakeFiles/fun5mini_interfaces__rosidl_typesupport_fastrtps_c.dir/rosidl_typesupport_fastrtps_c/fun5mini_interfaces/srv/detail/target_call__type_support_c.cpp.o[0m
[1.892s] [ 61%] [32mBuilding CXX object CMakeFiles/fun5mini_interfaces__rosidl_typesupport_fastrtps_c.dir/rosidl_typesupport_fastrtps_c/fun5mini_interfaces/srv/detail/eat_call__type_support_c.cpp.o[0m
[1.911s] [ 61%] Built target fun5mini_interfaces__rosidl_typesupport_c
[1.914s] [ 64%] [32m[1mLinking C shared library libfun5mini_interfaces__rosidl_typesupport_introspection_c.so[0m
[1.939s] [ 64%] Built target fun5mini_interfaces__rosidl_typesupport_introspection_c
[2.046s] [ 66%] [32m[1mLinking CXX shared library libfun5mini_interfaces__rosidl_typesupport_cpp.so[0m
[2.079s] [ 69%] [32m[1mLinking CXX shared library libfun5mini_interfaces__rosidl_typesupport_introspection_cpp.so[0m
[2.079s] [ 69%] Built target fun5mini_interfaces__rosidl_typesupport_cpp
[2.108s] [ 69%] Built target fun5mini_interfaces__rosidl_typesupport_introspection_cpp
[2.153s] [ 71%] [32m[1mLinking CXX shared library libfun5mini_interfaces__rosidl_typesupport_fastrtps_c.so[0m
[2.169s] [ 74%] [32m[1mLinking CXX shared library libfun5mini_interfaces__rosidl_typesupport_fastrtps_cpp.so[0m
[2.201s] [ 74%] Built target fun5mini_interfaces__rosidl_typesupport_fastrtps_c
[2.216s] [ 74%] Built target fun5mini_interfaces__rosidl_typesupport_fastrtps_cpp
[2.229s] [ 74%] Built target fun5mini_interfaces
[2.242s] [ 76%] [34m[1mGenerating Python code for ROS interfaces[0m
[2.547s] [ 76%] Built target fun5mini_interfaces__py
[2.561s] [ 79%] [32mBuilding C object CMakeFiles/fun5mini_interfaces__rosidl_generator_py.dir/rosidl_generator_py/fun5mini_interfaces/srv/_eat_call_s.c.o[0m
[2.561s] [ 82%] [32mBuilding C object CMakeFiles/fun5mini_interfaces__rosidl_generator_py.dir/rosidl_generator_py/fun5mini_interfaces/srv/_target_call_s.c.o[0m
[2.638s] [ 84%] [32m[1mLinking C shared library rosidl_generator_py/fun5mini_interfaces/libfun5mini_interfaces__rosidl_generator_py.so[0m
[2.664s] [ 84%] Built target fun5mini_interfaces__rosidl_generator_py
[2.678s] [ 87%] [32mBuilding C object CMakeFiles/fun5mini_interfaces__rosidl_typesupport_c__pyext.dir/rosidl_generator_py/fun5mini_interfaces/_fun5mini_interfaces_s.ep.rosidl_typesupport_c.c.o[0m
[2.678s] [ 89%] [32mBuilding C object CMakeFiles/fun5mini_interfaces__rosidl_typesupport_fastrtps_c__pyext.dir/rosidl_generator_py/fun5mini_interfaces/_fun5mini_interfaces_s.ep.rosidl_typesupport_fastrtps_c.c.o[0m
[2.678s] [ 92%] [32mBuilding C object CMakeFiles/fun5mini_interfaces__rosidl_typesupport_introspection_c__pyext.dir/rosidl_generator_py/fun5mini_interfaces/_fun5mini_interfaces_s.ep.rosidl_typesupport_introspection_c.c.o[0m
[2.742s] [ 94%] [32m[1mLinking C shared library rosidl_generator_py/fun5mini_interfaces/fun5mini_interfaces_s__rosidl_typesupport_c.cpython-310-x86_64-linux-gnu.so[0m
[2.742s] [100%] [32m[1mLinking C shared library rosidl_generator_py/fun5mini_interfaces/fun5mini_interfaces_s__rosidl_typesupport_introspection_c.cpython-310-x86_64-linux-gnu.so[0m
[2.742s] [100%] [32m[1mLinking C shared library rosidl_generator_py/fun5mini_interfaces/fun5mini_interfaces_s__rosidl_typesupport_fastrtps_c.cpython-310-x86_64-linux-gnu.so[0m
[2.764s] [100%] Built target fun5mini_interfaces__rosidl_typesupport_c__pyext
[2.764s] [100%] Built target fun5mini_interfaces__rosidl_typesupport_introspection_c__pyext
[2.764s] [100%] Built target fun5mini_interfaces__rosidl_typesupport_fastrtps_c__pyext
[2.771s] Invoked command in '/home/waritt/fun5mini_ws/build/fun5mini_interfaces' returned '0': CMAKE_PREFIX_PATH=${CMAKE_PREFIX_PATH}:/opt/ros/humble /usr/bin/cmake --build /home/waritt/fun5mini_ws/build/fun5mini_interfaces -- -j16 -l16
[2.840s] Invoking command in '/home/waritt/fun5mini_ws/build/fun5mini_interfaces': CMAKE_PREFIX_PATH=${CMAKE_PREFIX_PATH}:/opt/ros/humble /usr/bin/cmake --install /home/waritt/fun5mini_ws/build/fun5mini_interfaces
[2.846s] -- Install configuration: ""
[2.846s] -- Installing: /home/waritt/fun5mini_ws/install/fun5mini_interfaces/share/ament_index/resource_index/rosidl_interfaces/fun5mini_interfaces
[2.846s] -- Installing: /home/waritt/fun5mini_ws/install/fun5mini_interfaces/include/fun5mini_interfaces/fun5mini_interfaces
[2.846s] -- Installing: /home/waritt/fun5mini_ws/install/fun5mini_interfaces/include/fun5mini_interfaces/fun5mini_interfaces/msg
[2.846s] -- Installing: /home/waritt/fun5mini_ws/install/fun5mini_interfaces/include/fun5mini_interfaces/fun5mini_interfaces/msg/rosidl_generator_c__visibility_control.h
[2.846s] -- Installing: /home/waritt/fun5mini_ws/install/fun5mini_interfaces/include/fun5mini_interfaces/fun5mini_interfaces/srv
[2.846s] -- Installing: /home/waritt/fun5mini_ws/install/fun5mini_interfaces/include/fun5mini_interfaces/fun5mini_interfaces/srv/eat_call.h
[2.846s] -- Installing: /home/waritt/fun5mini_ws/install/fun5mini_interfaces/include/fun5mini_interfaces/fun5mini_interfaces/srv/target_call.h
[2.846s] -- Installing: /home/waritt/fun5mini_ws/install/fun5mini_interfaces/include/fun5mini_interfaces/fun5mini_interfaces/srv/detail
[2.846s] -- Installing: /home/waritt/fun5mini_ws/install/fun5mini_interfaces/include/fun5mini_interfaces/fun5mini_interfaces/srv/detail/target_call__struct.h
[2.846s] -- Installing: /home/waritt/fun5mini_ws/install/fun5mini_interfaces/include/fun5mini_interfaces/fun5mini_interfaces/srv/detail/target_call__functions.h
[2.846s] -- Installing: /home/waritt/fun5mini_ws/install/fun5mini_interfaces/include/fun5mini_interfaces/fun5mini_interfaces/srv/detail/eat_call__type_support.h
[2.846s] -- Installing: /home/waritt/fun5mini_ws/install/fun5mini_interfaces/include/fun5mini_interfaces/fun5mini_interfaces/srv/detail/target_call__type_support.h
[2.846s] -- Installing: /home/waritt/fun5mini_ws/install/fun5mini_interfaces/include/fun5mini_interfaces/fun5mini_interfaces/srv/detail/eat_call__struct.h
[2.846s] -- Installing: /home/waritt/fun5mini_ws/install/fun5mini_interfaces/include/fun5mini_interfaces/fun5mini_interfaces/srv/detail/eat_call__functions.c
[2.846s] -- Installing: /home/waritt/fun5mini_ws/install/fun5mini_interfaces/include/fun5mini_interfaces/fun5mini_interfaces/srv/detail/eat_call__functions.h
[2.846s] -- Installing: /home/waritt/fun5mini_ws/install/fun5mini_interfaces/include/fun5mini_interfaces/fun5mini_interfaces/srv/detail/target_call__functions.c
[2.846s] -- Installing: /home/waritt/fun5mini_ws/install/fun5mini_interfaces/share/fun5mini_interfaces/environment/library_path.sh
[2.847s] -- Installing: /home/waritt/fun5mini_ws/install/fun5mini_interfaces/share/fun5mini_interfaces/environment/library_path.dsv
[2.847s] -- Installing: /home/waritt/fun5mini_ws/install/fun5mini_interfaces/lib/libfun5mini_interfaces__rosidl_generator_c.so
[2.847s] -- Set runtime path of "/home/waritt/fun5mini_ws/install/fun5mini_interfaces/lib/libfun5mini_interfaces__rosidl_generator_c.so" to ""
[2.847s] -- Up-to-date: /home/waritt/fun5mini_ws/install/fun5mini_interfaces/include/fun5mini_interfaces/fun5mini_interfaces
[2.847s] -- Up-to-date: /home/waritt/fun5mini_ws/install/fun5mini_interfaces/include/fun5mini_interfaces/fun5mini_interfaces/msg
[2.847s] -- Installing: /home/waritt/fun5mini_ws/install/fun5mini_interfaces/include/fun5mini_interfaces/fun5mini_interfaces/msg/rosidl_typesupport_fastrtps_c__visibility_control.h
[2.847s] -- Up-to-date: /home/waritt/fun5mini_ws/install/fun5mini_interfaces/include/fun5mini_interfaces/fun5mini_interfaces/srv
[2.847s] -- Up-to-date: /home/waritt/fun5mini_ws/install/fun5mini_interfaces/include/fun5mini_interfaces/fun5mini_interfaces/srv/detail
[2.847s] -- Installing: /home/waritt/fun5mini_ws/install/fun5mini_interfaces/include/fun5mini_interfaces/fun5mini_interfaces/srv/detail/eat_call__rosidl_typesupport_fastrtps_c.h
[2.847s] -- Installing: /home/waritt/fun5mini_ws/install/fun5mini_interfaces/include/fun5mini_interfaces/fun5mini_interfaces/srv/detail/target_call__rosidl_typesupport_fastrtps_c.h
[2.847s] -- Installing: /home/waritt/fun5mini_ws/install/fun5mini_interfaces/lib/libfun5mini_interfaces__rosidl_typesupport_fastrtps_c.so
[2.847s] -- Set runtime path of "/home/waritt/fun5mini_ws/install/fun5mini_interfaces/lib/libfun5mini_interfaces__rosidl_typesupport_fastrtps_c.so" to ""
[2.847s] -- Up-to-date: /home/waritt/fun5mini_ws/install/fun5mini_interfaces/include/fun5mini_interfaces/fun5mini_interfaces
[2.847s] -- Up-to-date: /home/waritt/fun5mini_ws/install/fun5mini_interfaces/include/fun5mini_interfaces/fun5mini_interfaces/msg
[2.847s] -- Installing: /home/waritt/fun5mini_ws/install/fun5mini_interfaces/include/fun5mini_interfaces/fun5mini_interfaces/msg/rosidl_typesupport_introspection_c__visibility_control.h
[2.848s] -- Up-to-date: /home/waritt/fun5mini_ws/install/fun5mini_interfaces/include/fun5mini_interfaces/fun5mini_interfaces/srv
[2.848s] -- Up-to-date: /home/waritt/fun5mini_ws/install/fun5mini_interfaces/include/fun5mini_interfaces/fun5mini_interfaces/srv/detail
[2.848s] -- Installing: /home/waritt/fun5mini_ws/install/fun5mini_interfaces/include/fun5mini_interfaces/fun5mini_interfaces/srv/detail/target_call__type_support.c
[2.848s] -- Installing: /home/waritt/fun5mini_ws/install/fun5mini_interfaces/include/fun5mini_interfaces/fun5mini_interfaces/srv/detail/target_call__rosidl_typesupport_introspection_c.h
[2.848s] -- Installing: /home/waritt/fun5mini_ws/install/fun5mini_interfaces/include/fun5mini_interfaces/fun5mini_interfaces/srv/detail/eat_call__type_support.c
[2.848s] -- Installing: /home/waritt/fun5mini_ws/install/fun5mini_interfaces/include/fun5mini_interfaces/fun5mini_interfaces/srv/detail/eat_call__rosidl_typesupport_introspection_c.h
[2.848s] -- Installing: /home/waritt/fun5mini_ws/install/fun5mini_interfaces/lib/libfun5mini_interfaces__rosidl_typesupport_introspection_c.so
[2.848s] -- Set runtime path of "/home/waritt/fun5mini_ws/install/fun5mini_interfaces/lib/libfun5mini_interfaces__rosidl_typesupport_introspection_c.so" to ""
[2.848s] -- Installing: /home/waritt/fun5mini_ws/install/fun5mini_interfaces/lib/libfun5mini_interfaces__rosidl_typesupport_c.so
[2.848s] -- Set runtime path of "/home/waritt/fun5mini_ws/install/fun5mini_interfaces/lib/libfun5mini_interfaces__rosidl_typesupport_c.so" to ""
[2.848s] -- Up-to-date: /home/waritt/fun5mini_ws/install/fun5mini_interfaces/include/fun5mini_interfaces/fun5mini_interfaces
[2.848s] -- Up-to-date: /home/waritt/fun5mini_ws/install/fun5mini_interfaces/include/fun5mini_interfaces/fun5mini_interfaces/srv
[2.848s] -- Installing: /home/waritt/fun5mini_ws/install/fun5mini_interfaces/include/fun5mini_interfaces/fun5mini_interfaces/srv/target_call.hpp
[2.848s] -- Installing: /home/waritt/fun5mini_ws/install/fun5mini_interfaces/include/fun5mini_interfaces/fun5mini_interfaces/srv/eat_call.hpp
[2.848s] -- Up-to-date: /home/waritt/fun5mini_ws/install/fun5mini_interfaces/include/fun5mini_interfaces/fun5mini_interfaces/srv/detail
[2.848s] -- Installing: /home/waritt/fun5mini_ws/install/fun5mini_interfaces/include/fun5mini_interfaces/fun5mini_interfaces/srv/detail/eat_call__struct.hpp
[2.848s] -- Installing: /home/waritt/fun5mini_ws/install/fun5mini_interfaces/include/fun5mini_interfaces/fun5mini_interfaces/srv/detail/eat_call__builder.hpp
[2.848s] -- Installing: /home/waritt/fun5mini_ws/install/fun5mini_interfaces/include/fun5mini_interfaces/fun5mini_interfaces/srv/detail/target_call__struct.hpp
[2.848s] -- Installing: /home/waritt/fun5mini_ws/install/fun5mini_interfaces/include/fun5mini_interfaces/fun5mini_interfaces/srv/detail/eat_call__traits.hpp
[2.848s] -- Installing: /home/waritt/fun5mini_ws/install/fun5mini_interfaces/include/fun5mini_interfaces/fun5mini_interfaces/srv/detail/target_call__builder.hpp
[2.849s] -- Installing: /home/waritt/fun5mini_ws/install/fun5mini_interfaces/include/fun5mini_interfaces/fun5mini_interfaces/srv/detail/target_call__traits.hpp
[2.849s] -- Up-to-date: /home/waritt/fun5mini_ws/install/fun5mini_interfaces/include/fun5mini_interfaces/fun5mini_interfaces
[2.849s] -- Up-to-date: /home/waritt/fun5mini_ws/install/fun5mini_interfaces/include/fun5mini_interfaces/fun5mini_interfaces/msg
[2.849s] -- Installing: /home/waritt/fun5mini_ws/install/fun5mini_interfaces/include/fun5mini_interfaces/fun5mini_interfaces/msg/rosidl_typesupport_fastrtps_cpp__visibility_control.h
[2.849s] -- Up-to-date: /home/waritt/fun5mini_ws/install/fun5mini_interfaces/include/fun5mini_interfaces/fun5mini_interfaces/srv
[2.849s] -- Up-to-date: /home/waritt/fun5mini_ws/install/fun5mini_interfaces/include/fun5mini_interfaces/fun5mini_interfaces/srv/detail
[2.849s] -- Installing: /home/waritt/fun5mini_ws/install/fun5mini_interfaces/include/fun5mini_interfaces/fun5mini_interfaces/srv/detail/eat_call__rosidl_typesupport_fastrtps_cpp.hpp
[2.849s] -- Installing: /home/waritt/fun5mini_ws/install/fun5mini_interfaces/include/fun5mini_interfaces/fun5mini_interfaces/srv/detail/target_call__rosidl_typesupport_fastrtps_cpp.hpp
[2.849s] -- Installing: /home/waritt/fun5mini_ws/install/fun5mini_interfaces/include/fun5mini_interfaces/fun5mini_interfaces/srv/detail/dds_fastrtps
[2.849s] -- Installing: /home/waritt/fun5mini_ws/install/fun5mini_interfaces/lib/libfun5mini_interfaces__rosidl_typesupport_fastrtps_cpp.so
[2.849s] -- Set runtime path of "/home/waritt/fun5mini_ws/install/fun5mini_interfaces/lib/libfun5mini_interfaces__rosidl_typesupport_fastrtps_cpp.so" to ""
[2.849s] -- Up-to-date: /home/waritt/fun5mini_ws/install/fun5mini_interfaces/include/fun5mini_interfaces/fun5mini_interfaces
[2.849s] -- Up-to-date: /home/waritt/fun5mini_ws/install/fun5mini_interfaces/include/fun5mini_interfaces/fun5mini_interfaces/srv
[2.849s] -- Up-to-date: /home/waritt/fun5mini_ws/install/fun5mini_interfaces/include/fun5mini_interfaces/fun5mini_interfaces/srv/detail
[2.849s] -- Installing: /home/waritt/fun5mini_ws/install/fun5mini_interfaces/include/fun5mini_interfaces/fun5mini_interfaces/srv/detail/eat_call__type_support.cpp
[2.849s] -- Installing: /home/waritt/fun5mini_ws/install/fun5mini_interfaces/include/fun5mini_interfaces/fun5mini_interfaces/srv/detail/target_call__type_support.cpp
[2.849s] -- Installing: /home/waritt/fun5mini_ws/install/fun5mini_interfaces/include/fun5mini_interfaces/fun5mini_interfaces/srv/detail/target_call__rosidl_typesupport_introspection_cpp.hpp
[2.849s] -- Installing: /home/waritt/fun5mini_ws/install/fun5mini_interfaces/include/fun5mini_interfaces/fun5mini_interfaces/srv/detail/eat_call__rosidl_typesupport_introspection_cpp.hpp
[2.849s] -- Installing: /home/waritt/fun5mini_ws/install/fun5mini_interfaces/lib/libfun5mini_interfaces__rosidl_typesupport_introspection_cpp.so
[2.849s] -- Set runtime path of "/home/waritt/fun5mini_ws/install/fun5mini_interfaces/lib/libfun5mini_interfaces__rosidl_typesupport_introspection_cpp.so" to ""
[2.849s] -- Installing: /home/waritt/fun5mini_ws/install/fun5mini_interfaces/lib/libfun5mini_interfaces__rosidl_typesupport_cpp.so
[2.850s] -- Set runtime path of "/home/waritt/fun5mini_ws/install/fun5mini_interfaces/lib/libfun5mini_interfaces__rosidl_typesupport_cpp.so" to ""
[2.850s] -- Installing: /home/waritt/fun5mini_ws/install/fun5mini_interfaces/share/fun5mini_interfaces/environment/pythonpath.sh
[2.850s] -- Installing: /home/waritt/fun5mini_ws/install/fun5mini_interfaces/share/fun5mini_interfaces/environment/pythonpath.dsv
[2.850s] -- Installing: /home/waritt/fun5mini_ws/install/fun5mini_interfaces/local/lib/python3.10/dist-packages/fun5mini_interfaces-0.0.0-py3.10.egg-info
[2.850s] -- Installing: /home/waritt/fun5mini_ws/install/fun5mini_interfaces/local/lib/python3.10/dist-packages/fun5mini_interfaces-0.0.0-py3.10.egg-info/SOURCES.txt
[2.850s] -- Installing: /home/waritt/fun5mini_ws/install/fun5mini_interfaces/local/lib/python3.10/dist-packages/fun5mini_interfaces-0.0.0-py3.10.egg-info/top_level.txt
[2.850s] -- Installing: /home/waritt/fun5mini_ws/install/fun5mini_interfaces/local/lib/python3.10/dist-packages/fun5mini_interfaces-0.0.0-py3.10.egg-info/PKG-INFO
[2.850s] -- Installing: /home/waritt/fun5mini_ws/install/fun5mini_interfaces/local/lib/python3.10/dist-packages/fun5mini_interfaces-0.0.0-py3.10.egg-info/dependency_links.txt
[2.850s] -- Installing: /home/waritt/fun5mini_ws/install/fun5mini_interfaces/local/lib/python3.10/dist-packages/fun5mini_interfaces
[2.850s] -- Installing: /home/waritt/fun5mini_ws/install/fun5mini_interfaces/local/lib/python3.10/dist-packages/fun5mini_interfaces/fun5mini_interfaces_s__rosidl_typesupport_fastrtps_c.cpython-310-x86_64-linux-gnu.so
[2.850s] -- Installing: /home/waritt/fun5mini_ws/install/fun5mini_interfaces/local/lib/python3.10/dist-packages/fun5mini_interfaces/__init__.py
[2.850s] -- Installing: /home/waritt/fun5mini_ws/install/fun5mini_interfaces/local/lib/python3.10/dist-packages/fun5mini_interfaces/fun5mini_interfaces_s__rosidl_typesupport_c.cpython-310-x86_64-linux-gnu.so
[2.850s] -- Installing: /home/waritt/fun5mini_ws/install/fun5mini_interfaces/local/lib/python3.10/dist-packages/fun5mini_interfaces/fun5mini_interfaces_s__rosidl_typesupport_introspection_c.cpython-310-x86_64-linux-gnu.so
[2.850s] -- Installing: /home/waritt/fun5mini_ws/install/fun5mini_interfaces/local/lib/python3.10/dist-packages/fun5mini_interfaces/_fun5mini_interfaces_s.ep.rosidl_typesupport_introspection_c.c
[2.850s] -- Installing: /home/waritt/fun5mini_ws/install/fun5mini_interfaces/local/lib/python3.10/dist-packages/fun5mini_interfaces/libfun5mini_interfaces__rosidl_generator_py.so
[2.850s] -- Installing: /home/waritt/fun5mini_ws/install/fun5mini_interfaces/local/lib/python3.10/dist-packages/fun5mini_interfaces/_fun5mini_interfaces_s.ep.rosidl_typesupport_fastrtps_c.c
[2.850s] -- Installing: /home/waritt/fun5mini_ws/install/fun5mini_interfaces/local/lib/python3.10/dist-packages/fun5mini_interfaces/_fun5mini_interfaces_s.ep.rosidl_typesupport_c.c
[2.850s] -- Installing: /home/waritt/fun5mini_ws/install/fun5mini_interfaces/local/lib/python3.10/dist-packages/fun5mini_interfaces/srv
[2.851s] -- Installing: /home/waritt/fun5mini_ws/install/fun5mini_interfaces/local/lib/python3.10/dist-packages/fun5mini_interfaces/srv/__init__.py
[2.851s] -- Installing: /home/waritt/fun5mini_ws/install/fun5mini_interfaces/local/lib/python3.10/dist-packages/fun5mini_interfaces/srv/_eat_call_s.c
[2.851s] -- Installing: /home/waritt/fun5mini_ws/install/fun5mini_interfaces/local/lib/python3.10/dist-packages/fun5mini_interfaces/srv/_target_call.py
[2.851s] -- Installing: /home/waritt/fun5mini_ws/install/fun5mini_interfaces/local/lib/python3.10/dist-packages/fun5mini_interfaces/srv/_target_call_s.c
[2.851s] -- Installing: /home/waritt/fun5mini_ws/install/fun5mini_interfaces/local/lib/python3.10/dist-packages/fun5mini_interfaces/srv/_eat_call.py
[2.879s] Listing '/home/waritt/fun5mini_ws/install/fun5mini_interfaces/local/lib/python3.10/dist-packages/fun5mini_interfaces'...
[2.879s] Compiling '/home/waritt/fun5mini_ws/install/fun5mini_interfaces/local/lib/python3.10/dist-packages/fun5mini_interfaces/__init__.py'...
[2.879s] Listing '/home/waritt/fun5mini_ws/install/fun5mini_interfaces/local/lib/python3.10/dist-packages/fun5mini_interfaces/srv'...
[2.879s] Compiling '/home/waritt/fun5mini_ws/install/fun5mini_interfaces/local/lib/python3.10/dist-packages/fun5mini_interfaces/srv/__init__.py'...
[2.879s] Compiling '/home/waritt/fun5mini_ws/install/fun5mini_interfaces/local/lib/python3.10/dist-packages/fun5mini_interfaces/srv/_eat_call.py'...
[2.879s] Compiling '/home/waritt/fun5mini_ws/install/fun5mini_interfaces/local/lib/python3.10/dist-packages/fun5mini_interfaces/srv/_target_call.py'...
[2.881s] -- Installing: /home/waritt/fun5mini_ws/install/fun5mini_interfaces/local/lib/python3.10/dist-packages/fun5mini_interfaces/fun5mini_interfaces_s__rosidl_typesupport_fastrtps_c.cpython-310-x86_64-linux-gnu.so
[2.881s] -- Set runtime path of "/home/waritt/fun5mini_ws/install/fun5mini_interfaces/local/lib/python3.10/dist-packages/fun5mini_interfaces/fun5mini_interfaces_s__rosidl_typesupport_fastrtps_c.cpython-310-x86_64-linux-gnu.so" to ""
[2.882s] -- Installing: /home/waritt/fun5mini_ws/install/fun5mini_interfaces/local/lib/python3.10/dist-packages/fun5mini_interfaces/fun5mini_interfaces_s__rosidl_typesupport_introspection_c.cpython-310-x86_64-linux-gnu.so
[2.882s] -- Set runtime path of "/home/waritt/fun5mini_ws/install/fun5mini_interfaces/local/lib/python3.10/dist-packages/fun5mini_interfaces/fun5mini_interfaces_s__rosidl_typesupport_introspection_c.cpython-310-x86_64-linux-gnu.so" to ""
[2.882s] -- Installing: /home/waritt/fun5mini_ws/install/fun5mini_interfaces/local/lib/python3.10/dist-packages/fun5mini_interfaces/fun5mini_interfaces_s__rosidl_typesupport_c.cpython-310-x86_64-linux-gnu.so
[2.882s] -- Set runtime path of "/home/waritt/fun5mini_ws/install/fun5mini_interfaces/local/lib/python3.10/dist-packages/fun5mini_interfaces/fun5mini_interfaces_s__rosidl_typesupport_c.cpython-310-x86_64-linux-gnu.so" to ""
[2.882s] -- Installing: /home/waritt/fun5mini_ws/install/fun5mini_interfaces/lib/libfun5mini_interfaces__rosidl_generator_py.so
[2.882s] -- Set runtime path of "/home/waritt/fun5mini_ws/install/fun5mini_interfaces/lib/libfun5mini_interfaces__rosidl_generator_py.so" to ""
[2.882s] -- Installing: /home/waritt/fun5mini_ws/install/fun5mini_interfaces/share/fun5mini_interfaces/srv/EatCall.idl
[2.882s] -- Installing: /home/waritt/fun5mini_ws/install/fun5mini_interfaces/share/fun5mini_interfaces/srv/TargetCall.idl
[2.882s] -- Installing: /home/waritt/fun5mini_ws/install/fun5mini_interfaces/share/fun5mini_interfaces/srv/EatCall.srv
[2.882s] -- Installing: /home/waritt/fun5mini_ws/install/fun5mini_interfaces/share/fun5mini_interfaces/srv/EatCall_Request.msg
[2.882s] -- Installing: /home/waritt/fun5mini_ws/install/fun5mini_interfaces/share/fun5mini_interfaces/srv/EatCall_Response.msg
[2.882s] -- Installing: /home/waritt/fun5mini_ws/install/fun5mini_interfaces/share/fun5mini_interfaces/srv/TargetCall.srv
[2.882s] -- Installing: /home/waritt/fun5mini_ws/install/fun5mini_interfaces/share/fun5mini_interfaces/srv/TargetCall_Request.msg
[2.883s] -- Installing: /home/waritt/fun5mini_ws/install/fun5mini_interfaces/share/fun5mini_interfaces/srv/TargetCall_Response.msg
[2.883s] -- Installing: /home/waritt/fun5mini_ws/install/fun5mini_interfaces/share/ament_index/resource_index/package_run_dependencies/fun5mini_interfaces
[2.883s] -- Installing: /home/waritt/fun5mini_ws/install/fun5mini_interfaces/share/ament_index/resource_index/parent_prefix_path/fun5mini_interfaces
[2.883s] -- Installing: /home/waritt/fun5mini_ws/install/fun5mini_interfaces/share/fun5mini_interfaces/environment/ament_prefix_path.sh
[2.883s] -- Installing: /home/waritt/fun5mini_ws/install/fun5mini_interfaces/share/fun5mini_interfaces/environment/ament_prefix_path.dsv
[2.883s] -- Installing: /home/waritt/fun5mini_ws/install/fun5mini_interfaces/share/fun5mini_interfaces/environment/path.sh
[2.883s] -- Installing: /home/waritt/fun5mini_ws/install/fun5mini_interfaces/share/fun5mini_interfaces/environment/path.dsv
[2.883s] -- Installing: /home/waritt/fun5mini_ws/install/fun5mini_interfaces/share/fun5mini_interfaces/local_setup.bash
[2.883s] -- Installing: /home/waritt/fun5mini_ws/install/fun5mini_interfaces/share/fun5mini_interfaces/local_setup.sh
[2.883s] -- Installing: /home/waritt/fun5mini_ws/install/fun5mini_interfaces/share/fun5mini_interfaces/local_setup.zsh
[2.883s] -- Installing: /home/waritt/fun5mini_ws/install/fun5mini_interfaces/share/fun5mini_interfaces/local_setup.dsv
[2.883s] -- Installing: /home/waritt/fun5mini_ws/install/fun5mini_interfaces/share/fun5mini_interfaces/package.dsv
[2.883s] -- Installing: /home/waritt/fun5mini_ws/install/fun5mini_interfaces/share/ament_index/resource_index/packages/fun5mini_interfaces
[2.883s] -- Installing: /home/waritt/fun5mini_ws/install/fun5mini_interfaces/share/fun5mini_interfaces/cmake/export_fun5mini_interfaces__rosidl_generator_cExport.cmake
[2.883s] -- Installing: /home/waritt/fun5mini_ws/install/fun5mini_interfaces/share/fun5mini_interfaces/cmake/export_fun5mini_interfaces__rosidl_generator_cExport-noconfig.cmake
[2.884s] -- Installing: /home/waritt/fun5mini_ws/install/fun5mini_interfaces/share/fun5mini_interfaces/cmake/export_fun5mini_interfaces__rosidl_typesupport_fastrtps_cExport.cmake
[2.884s] -- Installing: /home/waritt/fun5mini_ws/install/fun5mini_interfaces/share/fun5mini_interfaces/cmake/export_fun5mini_interfaces__rosidl_typesupport_fastrtps_cExport-noconfig.cmake
[2.884s] -- Installing: /home/waritt/fun5mini_ws/install/fun5mini_interfaces/share/fun5mini_interfaces/cmake/fun5mini_interfaces__rosidl_typesupport_introspection_cExport.cmake
[2.884s] -- Installing: /home/waritt/fun5mini_ws/install/fun5mini_interfaces/share/fun5mini_interfaces/cmake/fun5mini_interfaces__rosidl_typesupport_introspection_cExport-noconfig.cmake
[2.884s] -- Installing: /home/waritt/fun5mini_ws/install/fun5mini_interfaces/share/fun5mini_interfaces/cmake/fun5mini_interfaces__rosidl_typesupport_cExport.cmake
[2.884s] -- Installing: /home/waritt/fun5mini_ws/install/fun5mini_interfaces/share/fun5mini_interfaces/cmake/fun5mini_interfaces__rosidl_typesupport_cExport-noconfig.cmake
[2.884s] -- Installing: /home/waritt/fun5mini_ws/install/fun5mini_interfaces/share/fun5mini_interfaces/cmake/export_fun5mini_interfaces__rosidl_generator_cppExport.cmake
[2.884s] -- Installing: /home/waritt/fun5mini_ws/install/fun5mini_interfaces/share/fun5mini_interfaces/cmake/export_fun5mini_interfaces__rosidl_typesupport_fastrtps_cppExport.cmake
[2.884s] -- Installing: /home/waritt/fun5mini_ws/install/fun5mini_interfaces/share/fun5mini_interfaces/cmake/export_fun5mini_interfaces__rosidl_typesupport_fastrtps_cppExport-noconfig.cmake
[2.884s] -- Installing: /home/waritt/fun5mini_ws/install/fun5mini_interfaces/share/fun5mini_interfaces/cmake/fun5mini_interfaces__rosidl_typesupport_introspection_cppExport.cmake
[2.884s] -- Installing: /home/waritt/fun5mini_ws/install/fun5mini_interfaces/share/fun5mini_interfaces/cmake/fun5mini_interfaces__rosidl_typesupport_introspection_cppExport-noconfig.cmake
[2.884s] -- Installing: /home/waritt/fun5mini_ws/install/fun5mini_interfaces/share/fun5mini_interfaces/cmake/fun5mini_interfaces__rosidl_typesupport_cppExport.cmake
[2.884s] -- Installing: /home/waritt/fun5mini_ws/install/fun5mini_interfaces/share/fun5mini_interfaces/cmake/fun5mini_interfaces__rosidl_typesupport_cppExport-noconfig.cmake
[2.884s] -- Installing: /home/waritt/fun5mini_ws/install/fun5mini_interfaces/share/fun5mini_interfaces/cmake/export_fun5mini_interfaces__rosidl_generator_pyExport.cmake
[2.884s] -- Installing: /home/waritt/fun5mini_ws/install/fun5mini_interfaces/share/fun5mini_interfaces/cmake/export_fun5mini_interfaces__rosidl_generator_pyExport-noconfig.cmake
[2.884s] -- Installing: /home/waritt/fun5mini_ws/install/fun5mini_interfaces/share/fun5mini_interfaces/cmake/rosidl_cmake-extras.cmake
[2.884s] -- Installing: /home/waritt/fun5mini_ws/install/fun5mini_interfaces/share/fun5mini_interfaces/cmake/ament_cmake_export_include_directories-extras.cmake
[2.885s] -- Installing: /home/waritt/fun5mini_ws/install/fun5mini_interfaces/share/fun5mini_interfaces/cmake/ament_cmake_export_libraries-extras.cmake
[2.885s] -- Installing: /home/waritt/fun5mini_ws/install/fun5mini_interfaces/share/fun5mini_interfaces/cmake/ament_cmake_export_targets-extras.cmake
[2.885s] -- Installing: /home/waritt/fun5mini_ws/install/fun5mini_interfaces/share/fun5mini_interfaces/cmake/rosidl_cmake_export_typesupport_targets-extras.cmake
[2.885s] -- Installing: /home/waritt/fun5mini_ws/install/fun5mini_interfaces/share/fun5mini_interfaces/cmake/ament_cmake_export_dependencies-extras.cmake
[2.885s] -- Installing: /home/waritt/fun5mini_ws/install/fun5mini_interfaces/share/fun5mini_interfaces/cmake/rosidl_cmake_export_typesupport_libraries-extras.cmake
[2.885s] -- Installing: /home/waritt/fun5mini_ws/install/fun5mini_interfaces/share/fun5mini_interfaces/cmake/fun5mini_interfacesConfig.cmake
[2.885s] -- Installing: /home/waritt/fun5mini_ws/install/fun5mini_interfaces/share/fun5mini_interfaces/cmake/fun5mini_interfacesConfig-version.cmake
[2.885s] -- Installing: /home/waritt/fun5mini_ws/install/fun5mini_interfaces/share/fun5mini_interfaces/package.xml
[2.887s] Invoked command in '/home/waritt/fun5mini_ws/build/fun5mini_interfaces' returned '0': CMAKE_PREFIX_PATH=${CMAKE_PREFIX_PATH}:/opt/ros/humble /usr/bin/cmake --install /home/waritt/fun5mini_ws/build/fun5mini_interfaces
