[0.007s] Invoking command in '/home/waritt/fun5mini_ws/build/turtle_game': CMAKE_PREFIX_PATH=${CMAKE_PREFIX_PATH}:/opt/ros/humble /usr/bin/cmake /home/waritt/fun5mini_ws/src/turtle_game -DCMAKE_INSTALL_PREFIX=/home/waritt/fun5mini_ws/install/turtle_game
[0.085s] -- The C compiler identification is GNU 11.4.0
[0.142s] -- The CXX compiler identification is GNU 11.4.0
[0.149s] -- Detecting C compiler ABI info
[0.197s] -- Detecting C compiler ABI info - done
[0.202s] -- Check for working C compiler: /usr/bin/cc - skipped
[0.202s] -- Detecting C compile features
[0.203s] -- Detecting C compile features - done
[0.204s] -- Detecting CXX compiler ABI info
[0.260s] -- Detecting CXX compiler ABI info - done
[0.265s] -- Check for working CXX compiler: /usr/bin/c++ - skipped
[0.265s] -- Detecting CXX compile features
[0.265s] -- Detecting CXX compile features - done
[0.269s] -- Found ament_cmake: 1.3.10 (/opt/ros/humble/share/ament_cmake/cmake)
[0.395s] -- Found Python3: /usr/bin/python3 (found version "3.10.12") found components: Interpreter 
[0.485s] -- Found rclcpp: 16.0.10 (/opt/ros/humble/share/rclcpp/cmake)
[0.532s] -- Found rosidl_generator_c: 3.1.5 (/opt/ros/humble/share/rosidl_generator_c/cmake)
[0.538s] -- Found rosidl_adapter: 3.1.5 (/opt/ros/humble/share/rosidl_adapter/cmake)
[0.545s] -- Found rosidl_generator_cpp: 3.1.5 (/opt/ros/humble/share/rosidl_generator_cpp/cmake)
[0.558s] -- Using all available rosidl_typesupport_c: rosidl_typesupport_fastrtps_c;rosidl_typesupport_introspection_c
[0.572s] -- Using all available rosidl_typesupport_cpp: rosidl_typesupport_fastrtps_cpp;rosidl_typesupport_introspection_cpp
[0.619s] -- Found rmw_implementation_cmake: 6.1.2 (/opt/ros/humble/share/rmw_implementation_cmake/cmake)
[0.623s] -- Found rmw_fastrtps_cpp: 6.2.7 (/opt/ros/humble/share/rmw_fastrtps_cpp/cmake)
[0.695s] -- Found OpenSSL: /usr/lib/x86_64-linux-gnu/libcrypto.so (found version "3.0.2")  
[0.717s] -- Found FastRTPS: /opt/ros/humble/include  
[0.747s] -- Using RMW implementation 'rmw_fastrtps_cpp' as default
[0.757s] -- Looking for pthread.h
[0.809s] -- Looking for pthread.h - found
[0.810s] -- Performing Test CMAKE_HAVE_LIBC_PTHREAD
[0.859s] -- Performing Test CMAKE_HAVE_LIBC_PTHREAD - Success
[0.860s] -- Found Threads: TRUE  
[0.904s] -- Found rclpy: 3.3.14 (/opt/ros/humble/share/rclpy/cmake)
[1.014s] -- Configuring done
[1.019s] -- Generating done
[1.020s] -- Build files have been written to: /home/waritt/fun5mini_ws/build/turtle_game
[1.028s] Invoked command in '/home/waritt/fun5mini_ws/build/turtle_game' returned '0': CMAKE_PREFIX_PATH=${CMAKE_PREFIX_PATH}:/opt/ros/humble /usr/bin/cmake /home/waritt/fun5mini_ws/src/turtle_game -DCMAKE_INSTALL_PREFIX=/home/waritt/fun5mini_ws/install/turtle_game
[1.028s] Invoking command in '/home/waritt/fun5mini_ws/build/turtle_game': CMAKE_PREFIX_PATH=${CMAKE_PREFIX_PATH}:/opt/ros/humble /usr/bin/cmake --build /home/waritt/fun5mini_ws/build/turtle_game -- -j16 -l16
[1.061s] [ 50%] [32mBuilding CXX object CMakeFiles/cpp_node_test.dir/src/cpp_node.cpp.o[0m
[1.066s] [ 50%] Built target ament_cmake_python_copy_turtle_game
[1.252s] running egg_info
[1.253s] creating turtle_game.egg-info
[1.253s] writing turtle_game.egg-info/PKG-INFO
[1.253s] writing dependency_links to turtle_game.egg-info/dependency_links.txt
[1.253s] writing top-level names to turtle_game.egg-info/top_level.txt
[1.253s] writing manifest file 'turtle_game.egg-info/SOURCES.txt'
[1.254s] reading manifest file 'turtle_game.egg-info/SOURCES.txt'
[1.254s] [100%] [32m[1mLinking CXX executable cpp_node_test[0m
[1.255s] writing manifest file 'turtle_game.egg-info/SOURCES.txt'
[1.272s] [100%] Built target ament_cmake_python_build_turtle_game_egg
[1.318s] [100%] Built target cpp_node_test
[1.326s] Invoked command in '/home/waritt/fun5mini_ws/build/turtle_game' returned '0': CMAKE_PREFIX_PATH=${CMAKE_PREFIX_PATH}:/opt/ros/humble /usr/bin/cmake --build /home/waritt/fun5mini_ws/build/turtle_game -- -j16 -l16
[1.353s] Invoking command in '/home/waritt/fun5mini_ws/build/turtle_game': CMAKE_PREFIX_PATH=${CMAKE_PREFIX_PATH}:/opt/ros/humble /usr/bin/cmake --install /home/waritt/fun5mini_ws/build/turtle_game
[1.358s] -- Install configuration: ""
[1.358s] -- Installing: /home/waritt/fun5mini_ws/install/turtle_game/share/turtle_game/environment/pythonpath.sh
[1.359s] -- Installing: /home/waritt/fun5mini_ws/install/turtle_game/share/turtle_game/environment/pythonpath.dsv
[1.359s] -- Installing: /home/waritt/fun5mini_ws/install/turtle_game/local/lib/python3.10/dist-packages/turtle_game-0.0.0-py3.10.egg-info
[1.359s] -- Installing: /home/waritt/fun5mini_ws/install/turtle_game/local/lib/python3.10/dist-packages/turtle_game-0.0.0-py3.10.egg-info/SOURCES.txt
[1.359s] -- Installing: /home/waritt/fun5mini_ws/install/turtle_game/local/lib/python3.10/dist-packages/turtle_game-0.0.0-py3.10.egg-info/top_level.txt
[1.359s] -- Installing: /home/waritt/fun5mini_ws/install/turtle_game/local/lib/python3.10/dist-packages/turtle_game-0.0.0-py3.10.egg-info/PKG-INFO
[1.359s] -- Installing: /home/waritt/fun5mini_ws/install/turtle_game/local/lib/python3.10/dist-packages/turtle_game-0.0.0-py3.10.egg-info/dependency_links.txt
[1.359s] -- Installing: /home/waritt/fun5mini_ws/install/turtle_game/local/lib/python3.10/dist-packages/turtle_game
[1.359s] -- Installing: /home/waritt/fun5mini_ws/install/turtle_game/local/lib/python3.10/dist-packages/turtle_game/__init__.py
[1.359s] -- Installing: /home/waritt/fun5mini_ws/install/turtle_game/local/lib/python3.10/dist-packages/turtle_game/dummy_module.py
[1.386s] Listing '/home/waritt/fun5mini_ws/install/turtle_game/local/lib/python3.10/dist-packages/turtle_game'...
[1.386s] Compiling '/home/waritt/fun5mini_ws/install/turtle_game/local/lib/python3.10/dist-packages/turtle_game/__init__.py'...
[1.386s] Compiling '/home/waritt/fun5mini_ws/install/turtle_game/local/lib/python3.10/dist-packages/turtle_game/dummy_module.py'...
[1.389s] -- Installing: /home/waritt/fun5mini_ws/install/turtle_game/lib/turtle_game/dummy_script.py
[1.389s] -- Installing: /home/waritt/fun5mini_ws/install/turtle_game/lib/turtle_game/controller.py
[1.389s] -- Installing: /home/waritt/fun5mini_ws/install/turtle_game/lib/turtle_game/spawn_target.py
[1.389s] -- Installing: /home/waritt/fun5mini_ws/install/turtle_game/lib/turtle_game/bot.py
[1.389s] -- Installing: /home/waritt/fun5mini_ws/install/turtle_game/lib/turtle_game/cpp_node_test
[1.389s] -- Set runtime path of "/home/waritt/fun5mini_ws/install/turtle_game/lib/turtle_game/cpp_node_test" to ""
[1.389s] -- Installing: /home/waritt/fun5mini_ws/install/turtle_game/share/turtle_game/launch
[1.389s] -- Installing: /home/waritt/fun5mini_ws/install/turtle_game/share/turtle_game/launch/turtle_game_ling.launch.py
[1.389s] -- Installing: /home/waritt/fun5mini_ws/install/turtle_game/share/turtle_game/launch/turtle_game_bot.launch.py
[1.389s] -- Installing: /home/waritt/fun5mini_ws/install/turtle_game/share/turtle_game/launch/turtle_game_lingvsbot.launch.py
[1.389s] -- Installing: /home/waritt/fun5mini_ws/install/turtle_game/share/ament_index/resource_index/package_run_dependencies/turtle_game
[1.389s] -- Installing: /home/waritt/fun5mini_ws/install/turtle_game/share/ament_index/resource_index/parent_prefix_path/turtle_game
[1.390s] -- Installing: /home/waritt/fun5mini_ws/install/turtle_game/share/turtle_game/environment/ament_prefix_path.sh
[1.390s] -- Installing: /home/waritt/fun5mini_ws/install/turtle_game/share/turtle_game/environment/ament_prefix_path.dsv
[1.390s] -- Installing: /home/waritt/fun5mini_ws/install/turtle_game/share/turtle_game/environment/path.sh
[1.390s] -- Installing: /home/waritt/fun5mini_ws/install/turtle_game/share/turtle_game/environment/path.dsv
[1.390s] -- Installing: /home/waritt/fun5mini_ws/install/turtle_game/share/turtle_game/local_setup.bash
[1.390s] -- Installing: /home/waritt/fun5mini_ws/install/turtle_game/share/turtle_game/local_setup.sh
[1.390s] -- Installing: /home/waritt/fun5mini_ws/install/turtle_game/share/turtle_game/local_setup.zsh
[1.390s] -- Installing: /home/waritt/fun5mini_ws/install/turtle_game/share/turtle_game/local_setup.dsv
[1.390s] -- Installing: /home/waritt/fun5mini_ws/install/turtle_game/share/turtle_game/package.dsv
[1.390s] -- Installing: /home/waritt/fun5mini_ws/install/turtle_game/share/ament_index/resource_index/packages/turtle_game
[1.390s] -- Installing: /home/waritt/fun5mini_ws/install/turtle_game/share/turtle_game/cmake/turtle_gameConfig.cmake
[1.390s] -- Installing: /home/waritt/fun5mini_ws/install/turtle_game/share/turtle_game/cmake/turtle_gameConfig-version.cmake
[1.390s] -- Installing: /home/waritt/fun5mini_ws/install/turtle_game/share/turtle_game/package.xml
[1.392s] Invoked command in '/home/waritt/fun5mini_ws/build/turtle_game' returned '0': CMAKE_PREFIX_PATH=${CMAKE_PREFIX_PATH}:/opt/ros/humble /usr/bin/cmake --install /home/waritt/fun5mini_ws/build/turtle_game
