[100%] Built target cpp_node_test
[100%] Built target ament_cmake_python_copy_turtle_game
running egg_info
writing turtle_game.egg-info/PKG-INFO
writing dependency_links to turtle_game.egg-info/dependency_links.txt
writing top-level names to turtle_game.egg-info/top_level.txt
reading manifest file 'turtle_game.egg-info/SOURCES.txt'
writing manifest file 'turtle_game.egg-info/SOURCES.txt'
[100%] Built target ament_cmake_python_build_turtle_game_egg
-- Install configuration: ""
-- Up-to-date: /home/waritt/fun5mini_ws/install/turtle_game/share/turtle_game/environment/pythonpath.sh
-- Up-to-date: /home/waritt/fun5mini_ws/install/turtle_game/share/turtle_game/environment/pythonpath.dsv
-- Up-to-date: /home/waritt/fun5mini_ws/install/turtle_game/local/lib/python3.10/dist-packages/turtle_game-0.0.0-py3.10.egg-info
-- Installing: /home/waritt/fun5mini_ws/install/turtle_game/local/lib/python3.10/dist-packages/turtle_game-0.0.0-py3.10.egg-info/SOURCES.txt
-- Installing: /home/waritt/fun5mini_ws/install/turtle_game/local/lib/python3.10/dist-packages/turtle_game-0.0.0-py3.10.egg-info/top_level.txt
-- Installing: /home/waritt/fun5mini_ws/install/turtle_game/local/lib/python3.10/dist-packages/turtle_game-0.0.0-py3.10.egg-info/PKG-INFO
-- Installing: /home/waritt/fun5mini_ws/install/turtle_game/local/lib/python3.10/dist-packages/turtle_game-0.0.0-py3.10.egg-info/dependency_links.txt
-- Up-to-date: /home/waritt/fun5mini_ws/install/turtle_game/local/lib/python3.10/dist-packages/turtle_game
-- Up-to-date: /home/waritt/fun5mini_ws/install/turtle_game/local/lib/python3.10/dist-packages/turtle_game/__init__.py
-- Up-to-date: /home/waritt/fun5mini_ws/install/turtle_game/local/lib/python3.10/dist-packages/turtle_game/dummy_module.py
Listing '/home/waritt/fun5mini_ws/install/turtle_game/local/lib/python3.10/dist-packages/turtle_game'...
-- Up-to-date: /home/waritt/fun5mini_ws/install/turtle_game/lib/turtle_game/dummy_script.py
-- Installing: /home/waritt/fun5mini_ws/install/turtle_game/lib/turtle_game/controller.py
-- Installing: /home/waritt/fun5mini_ws/install/turtle_game/lib/turtle_game/spawn_target.py
-- Up-to-date: /home/waritt/fun5mini_ws/install/turtle_game/lib/turtle_game/bot.py
-- Up-to-date: /home/waritt/fun5mini_ws/install/turtle_game/lib/turtle_game/cpp_node_test
-- Up-to-date: /home/waritt/fun5mini_ws/install/turtle_game/share/turtle_game/launch
-- Up-to-date: /home/waritt/fun5mini_ws/install/turtle_game/share/ament_index/resource_index/package_run_dependencies/turtle_game
-- Up-to-date: /home/waritt/fun5mini_ws/install/turtle_game/share/ament_index/resource_index/parent_prefix_path/turtle_game
-- Up-to-date: /home/waritt/fun5mini_ws/install/turtle_game/share/turtle_game/environment/ament_prefix_path.sh
-- Up-to-date: /home/waritt/fun5mini_ws/install/turtle_game/share/turtle_game/environment/ament_prefix_path.dsv
-- Up-to-date: /home/waritt/fun5mini_ws/install/turtle_game/share/turtle_game/environment/path.sh
-- Up-to-date: /home/waritt/fun5mini_ws/install/turtle_game/share/turtle_game/environment/path.dsv
-- Up-to-date: /home/waritt/fun5mini_ws/install/turtle_game/share/turtle_game/local_setup.bash
-- Up-to-date: /home/waritt/fun5mini_ws/install/turtle_game/share/turtle_game/local_setup.sh
-- Up-to-date: /home/waritt/fun5mini_ws/install/turtle_game/share/turtle_game/local_setup.zsh
-- Up-to-date: /home/waritt/fun5mini_ws/install/turtle_game/share/turtle_game/local_setup.dsv
-- Installing: /home/waritt/fun5mini_ws/install/turtle_game/share/turtle_game/package.dsv
-- Up-to-date: /home/waritt/fun5mini_ws/install/turtle_game/share/ament_index/resource_index/packages/turtle_game
-- Up-to-date: /home/waritt/fun5mini_ws/install/turtle_game/share/turtle_game/cmake/turtle_gameConfig.cmake
-- Up-to-date: /home/waritt/fun5mini_ws/install/turtle_game/share/turtle_game/cmake/turtle_gameConfig-version.cmake
-- Up-to-date: /home/waritt/fun5mini_ws/install/turtle_game/share/turtle_game/package.xml
