[0.012s] Invoking command in '/home/waritt/fun5mini_ws/build/fun5mini_interfaces': CMAKE_PREFIX_PATH=${CMAKE_PREFIX_PATH}:/opt/ros/humble /usr/bin/cmake --build /home/waritt/fun5mini_ws/build/fun5mini_interfaces -- -j16 -l16
[0.028s] -- Found ament_cmake: 1.3.10 (/opt/ros/humble/share/ament_cmake/cmake)
[0.121s] -- Found rosidl_default_generators: 1.2.0 (/opt/ros/humble/share/rosidl_default_generators/cmake)
[0.123s] -- Using all available rosidl_typesupport_c: rosidl_typesupport_fastrtps_c;rosidl_typesupport_introspection_c
[0.125s] -- Found rosidl_adapter: 3.1.5 (/opt/ros/humble/share/rosidl_adapter/cmake)
[0.144s] -- Using all available rosidl_typesupport_cpp: rosidl_typesupport_fastrtps_cpp;rosidl_typesupport_introspection_cpp
[0.158s] -- Found ament_lint_auto: 0.12.11 (/opt/ros/humble/share/ament_lint_auto/cmake)
[0.343s] -- Found ament_cmake_ros: 0.10.0 (/opt/ros/humble/share/ament_cmake_ros/cmake)
[0.476s] -- Using all available rosidl_typesupport_c: rosidl_typesupport_fastrtps_c;rosidl_typesupport_introspection_c
[0.644s] -- Using all available rosidl_typesupport_cpp: rosidl_typesupport_fastrtps_cpp;rosidl_typesupport_introspection_cpp
[0.661s] -- Found python_cmake_module: 0.10.0 (/opt/ros/humble/share/python_cmake_module/cmake)
[0.677s] -- Using PYTHON_EXECUTABLE: /usr/bin/python3
[0.677s] -- Using PYTHON_INCLUDE_DIRS: /usr/include/python3.10
[0.677s] -- Using PYTHON_LIBRARIES: /usr/lib/x86_64-linux-gnu/libpython3.10.so
[0.691s] -- Added test 'lint_cmake' to check CMake code style
[0.692s] -- Added test 'xmllint' to check XML markup files
[0.694s] -- Configuring done
[0.716s] -- Generating done
[0.719s] -- Build files have been written to: /home/waritt/fun5mini_ws/build/fun5mini_interfaces
[0.738s] [  3%] [34m[1mGenerating C code for ROS interfaces[0m
[0.745s] [  6%] [34m[1mGenerating C++ code for ROS interfaces[0m
[0.751s] [  6%] Built target ament_cmake_python_copy_fun5mini_interfaces
[0.942s] [35m[1mConsolidate compiler generated dependencies of target fun5mini_interfaces__rosidl_generator_c[0m
[0.951s] running egg_info
[0.952s] [  9%] [32mBuilding C object CMakeFiles/fun5mini_interfaces__rosidl_generator_c.dir/rosidl_generator_c/fun5mini_interfaces/srv/detail/eat_call__functions.c.o[0m
[0.952s] [  9%] Built target fun5mini_interfaces__cpp
[0.952s] writing fun5mini_interfaces.egg-info/PKG-INFO
[0.952s] writing dependency_links to fun5mini_interfaces.egg-info/dependency_links.txt
[0.952s] writing top-level names to fun5mini_interfaces.egg-info/top_level.txt
[0.954s] reading manifest file 'fun5mini_interfaces.egg-info/SOURCES.txt'
[0.955s] writing manifest file 'fun5mini_interfaces.egg-info/SOURCES.txt'
[0.962s] [ 16%] [34m[1mGenerating C++ introspection for ROS interfaces[0m
[0.962s] [ 16%] [34m[1mGenerating C++ type support dispatch for ROS interfaces[0m
[0.962s] [ 19%] [34m[1mGenerating C++ type support for eProsima Fast-RTPS[0m
[0.981s] [ 19%] Built target ament_cmake_python_build_fun5mini_interfaces_egg
[0.997s] [ 22%] [32m[1mLinking C shared library libfun5mini_interfaces__rosidl_generator_c.so[0m
[1.028s] [ 22%] Built target fun5mini_interfaces__rosidl_generator_c
[1.037s] [ 32%] [34m[1mGenerating C introspection for ROS interfaces[0m
[1.037s] [ 32%] [34m[1mGenerating C type support for eProsima Fast-RTPS[0m
[1.037s] [ 32%] [34m[1mGenerating C type support dispatch for ROS interfaces[0m
[1.174s] [35m[1mConsolidate compiler generated dependencies of target fun5mini_interfaces__rosidl_typesupport_cpp[0m
[1.177s] [35m[1mConsolidate compiler generated dependencies of target fun5mini_interfaces__rosidl_typesupport_introspection_cpp[0m
[1.185s] [ 35%] [32mBuilding CXX object CMakeFiles/fun5mini_interfaces__rosidl_typesupport_cpp.dir/rosidl_typesupport_cpp/fun5mini_interfaces/srv/eat_call__type_support.cpp.o[0m
[1.188s] [ 38%] [32mBuilding CXX object CMakeFiles/fun5mini_interfaces__rosidl_typesupport_introspection_cpp.dir/rosidl_typesupport_introspection_cpp/fun5mini_interfaces/srv/detail/eat_call__type_support.cpp.o[0m
[1.194s] [35m[1mConsolidate compiler generated dependencies of target fun5mini_interfaces__rosidl_typesupport_fastrtps_cpp[0m
[1.207s] [ 41%] [32mBuilding CXX object CMakeFiles/fun5mini_interfaces__rosidl_typesupport_fastrtps_cpp.dir/rosidl_typesupport_fastrtps_cpp/fun5mini_interfaces/srv/detail/dds_fastrtps/eat_call__type_support.cpp.o[0m
[1.263s] [35m[1mConsolidate compiler generated dependencies of target fun5mini_interfaces__rosidl_typesupport_c[0m
[1.273s] [ 45%] [32mBuilding CXX object CMakeFiles/fun5mini_interfaces__rosidl_typesupport_c.dir/rosidl_typesupport_c/fun5mini_interfaces/srv/eat_call__type_support.cpp.o[0m
[1.281s] [35m[1mConsolidate compiler generated dependencies of target fun5mini_interfaces__rosidl_typesupport_introspection_c[0m
[1.282s] [35m[1mConsolidate compiler generated dependencies of target fun5mini_interfaces__rosidl_typesupport_fastrtps_c[0m
[1.290s] [ 48%] [32mBuilding C object CMakeFiles/fun5mini_interfaces__rosidl_typesupport_introspection_c.dir/rosidl_typesupport_introspection_c/fun5mini_interfaces/srv/detail/eat_call__type_support.c.o[0m
[1.291s] [ 51%] [32mBuilding CXX object CMakeFiles/fun5mini_interfaces__rosidl_typesupport_fastrtps_c.dir/rosidl_typesupport_fastrtps_c/fun5mini_interfaces/srv/detail/eat_call__type_support_c.cpp.o[0m
[1.296s] [ 54%] [32m[1mLinking CXX shared library libfun5mini_interfaces__rosidl_typesupport_c.so[0m
[1.315s] [ 58%] [32m[1mLinking C shared library libfun5mini_interfaces__rosidl_typesupport_introspection_c.so[0m
[1.327s] [ 58%] Built target fun5mini_interfaces__rosidl_typesupport_c
[1.339s] [ 58%] Built target fun5mini_interfaces__rosidl_typesupport_introspection_c
[1.374s] [ 61%] [32m[1mLinking CXX shared library libfun5mini_interfaces__rosidl_typesupport_cpp.so[0m
[1.402s] [ 61%] Built target fun5mini_interfaces__rosidl_typesupport_cpp
[1.438s] [ 64%] [32m[1mLinking CXX shared library libfun5mini_interfaces__rosidl_typesupport_introspection_cpp.so[0m
[1.466s] [ 64%] Built target fun5mini_interfaces__rosidl_typesupport_introspection_cpp
[1.474s] [ 67%] [32m[1mLinking CXX shared library libfun5mini_interfaces__rosidl_typesupport_fastrtps_cpp.so[0m
[1.502s] [ 70%] [32m[1mLinking CXX shared library libfun5mini_interfaces__rosidl_typesupport_fastrtps_c.so[0m
[1.520s] [ 70%] Built target fun5mini_interfaces__rosidl_typesupport_fastrtps_cpp
[1.548s] [ 70%] Built target fun5mini_interfaces__rosidl_typesupport_fastrtps_c
[1.562s] [ 70%] Built target fun5mini_interfaces
[1.575s] [ 74%] [34m[1mGenerating Python code for ROS interfaces[0m
[1.794s] [ 74%] Built target fun5mini_interfaces__py
[1.801s] [35m[1mConsolidate compiler generated dependencies of target fun5mini_interfaces__rosidl_generator_py[0m
[1.809s] [ 77%] [32mBuilding C object CMakeFiles/fun5mini_interfaces__rosidl_generator_py.dir/rosidl_generator_py/fun5mini_interfaces/srv/_eat_call_s.c.o[0m
[1.871s] [ 80%] [32m[1mLinking C shared library rosidl_generator_py/fun5mini_interfaces/libfun5mini_interfaces__rosidl_generator_py.so[0m
[1.896s] [ 80%] Built target fun5mini_interfaces__rosidl_generator_py
[1.903s] [35m[1mConsolidate compiler generated dependencies of target fun5mini_interfaces__rosidl_typesupport_fastrtps_c__pyext[0m
[1.903s] [35m[1mConsolidate compiler generated dependencies of target fun5mini_interfaces__rosidl_typesupport_introspection_c__pyext[0m
[1.903s] [35m[1mConsolidate compiler generated dependencies of target fun5mini_interfaces__rosidl_typesupport_c__pyext[0m
[1.912s] [ 83%] [32mBuilding C object CMakeFiles/fun5mini_interfaces__rosidl_typesupport_fastrtps_c__pyext.dir/rosidl_generator_py/fun5mini_interfaces/_fun5mini_interfaces_s.ep.rosidl_typesupport_fastrtps_c.c.o[0m
[1.912s] [ 90%] [32mBuilding C object CMakeFiles/fun5mini_interfaces__rosidl_typesupport_introspection_c__pyext.dir/rosidl_generator_py/fun5mini_interfaces/_fun5mini_interfaces_s.ep.rosidl_typesupport_introspection_c.c.o[0m
[1.912s] [ 90%] [32mBuilding C object CMakeFiles/fun5mini_interfaces__rosidl_typesupport_c__pyext.dir/rosidl_generator_py/fun5mini_interfaces/_fun5mini_interfaces_s.ep.rosidl_typesupport_c.c.o[0m
[1.973s] [ 96%] [32m[1mLinking C shared library rosidl_generator_py/fun5mini_interfaces/fun5mini_interfaces_s__rosidl_typesupport_c.cpython-310-x86_64-linux-gnu.so[0m
[1.973s] [ 96%] [32m[1mLinking C shared library rosidl_generator_py/fun5mini_interfaces/fun5mini_interfaces_s__rosidl_typesupport_introspection_c.cpython-310-x86_64-linux-gnu.so[0m
[1.974s] [100%] [32m[1mLinking C shared library rosidl_generator_py/fun5mini_interfaces/fun5mini_interfaces_s__rosidl_typesupport_fastrtps_c.cpython-310-x86_64-linux-gnu.so[0m
[1.995s] [100%] Built target fun5mini_interfaces__rosidl_typesupport_introspection_c__pyext
[1.995s] [100%] Built target fun5mini_interfaces__rosidl_typesupport_c__pyext
[1.995s] [100%] Built target fun5mini_interfaces__rosidl_typesupport_fastrtps_c__pyext
[2.003s] Invoked command in '/home/waritt/fun5mini_ws/build/fun5mini_interfaces' returned '0': CMAKE_PREFIX_PATH=${CMAKE_PREFIX_PATH}:/opt/ros/humble /usr/bin/cmake --build /home/waritt/fun5mini_ws/build/fun5mini_interfaces -- -j16 -l16
[2.057s] Invoking command in '/home/waritt/fun5mini_ws/build/fun5mini_interfaces': CMAKE_PREFIX_PATH=${CMAKE_PREFIX_PATH}:/opt/ros/humble /usr/bin/cmake --install /home/waritt/fun5mini_ws/build/fun5mini_interfaces
[2.063s] -- Install configuration: ""
[2.063s] -- Up-to-date: /home/waritt/fun5mini_ws/install/fun5mini_interfaces/share/ament_index/resource_index/rosidl_interfaces/fun5mini_interfaces
[2.063s] -- Up-to-date: /home/waritt/fun5mini_ws/install/fun5mini_interfaces/include/fun5mini_interfaces/fun5mini_interfaces
[2.063s] -- Up-to-date: /home/waritt/fun5mini_ws/install/fun5mini_interfaces/include/fun5mini_interfaces/fun5mini_interfaces/msg
[2.063s] -- Up-to-date: /home/waritt/fun5mini_ws/install/fun5mini_interfaces/include/fun5mini_interfaces/fun5mini_interfaces/msg/rosidl_generator_c__visibility_control.h
[2.063s] -- Up-to-date: /home/waritt/fun5mini_ws/install/fun5mini_interfaces/include/fun5mini_interfaces/fun5mini_interfaces/srv
[2.063s] -- Installing: /home/waritt/fun5mini_ws/install/fun5mini_interfaces/include/fun5mini_interfaces/fun5mini_interfaces/srv/eat_call.h
[2.063s] -- Up-to-date: /home/waritt/fun5mini_ws/install/fun5mini_interfaces/include/fun5mini_interfaces/fun5mini_interfaces/srv/detail
[2.063s] -- Installing: /home/waritt/fun5mini_ws/install/fun5mini_interfaces/include/fun5mini_interfaces/fun5mini_interfaces/srv/detail/eat_call__type_support.h
[2.063s] -- Installing: /home/waritt/fun5mini_ws/install/fun5mini_interfaces/include/fun5mini_interfaces/fun5mini_interfaces/srv/detail/eat_call__struct.h
[2.063s] -- Installing: /home/waritt/fun5mini_ws/install/fun5mini_interfaces/include/fun5mini_interfaces/fun5mini_interfaces/srv/detail/eat_call__functions.c
[2.063s] -- Installing: /home/waritt/fun5mini_ws/install/fun5mini_interfaces/include/fun5mini_interfaces/fun5mini_interfaces/srv/detail/eat_call__functions.h
[2.063s] -- Up-to-date: /home/waritt/fun5mini_ws/install/fun5mini_interfaces/share/fun5mini_interfaces/environment/library_path.sh
[2.063s] -- Installing: /home/waritt/fun5mini_ws/install/fun5mini_interfaces/share/fun5mini_interfaces/environment/library_path.dsv
[2.063s] -- Installing: /home/waritt/fun5mini_ws/install/fun5mini_interfaces/lib/libfun5mini_interfaces__rosidl_generator_c.so
[2.063s] -- Set runtime path of "/home/waritt/fun5mini_ws/install/fun5mini_interfaces/lib/libfun5mini_interfaces__rosidl_generator_c.so" to ""
[2.063s] -- Up-to-date: /home/waritt/fun5mini_ws/install/fun5mini_interfaces/include/fun5mini_interfaces/fun5mini_interfaces
[2.064s] -- Up-to-date: /home/waritt/fun5mini_ws/install/fun5mini_interfaces/include/fun5mini_interfaces/fun5mini_interfaces/msg
[2.064s] -- Up-to-date: /home/waritt/fun5mini_ws/install/fun5mini_interfaces/include/fun5mini_interfaces/fun5mini_interfaces/msg/rosidl_typesupport_fastrtps_c__visibility_control.h
[2.064s] -- Up-to-date: /home/waritt/fun5mini_ws/install/fun5mini_interfaces/include/fun5mini_interfaces/fun5mini_interfaces/srv
[2.064s] -- Up-to-date: /home/waritt/fun5mini_ws/install/fun5mini_interfaces/include/fun5mini_interfaces/fun5mini_interfaces/srv/detail
[2.064s] -- Installing: /home/waritt/fun5mini_ws/install/fun5mini_interfaces/include/fun5mini_interfaces/fun5mini_interfaces/srv/detail/eat_call__rosidl_typesupport_fastrtps_c.h
[2.064s] -- Installing: /home/waritt/fun5mini_ws/install/fun5mini_interfaces/lib/libfun5mini_interfaces__rosidl_typesupport_fastrtps_c.so
[2.064s] -- Set runtime path of "/home/waritt/fun5mini_ws/install/fun5mini_interfaces/lib/libfun5mini_interfaces__rosidl_typesupport_fastrtps_c.so" to ""
[2.064s] -- Up-to-date: /home/waritt/fun5mini_ws/install/fun5mini_interfaces/include/fun5mini_interfaces/fun5mini_interfaces
[2.064s] -- Up-to-date: /home/waritt/fun5mini_ws/install/fun5mini_interfaces/include/fun5mini_interfaces/fun5mini_interfaces/msg
[2.064s] -- Up-to-date: /home/waritt/fun5mini_ws/install/fun5mini_interfaces/include/fun5mini_interfaces/fun5mini_interfaces/msg/rosidl_typesupport_introspection_c__visibility_control.h
[2.064s] -- Up-to-date: /home/waritt/fun5mini_ws/install/fun5mini_interfaces/include/fun5mini_interfaces/fun5mini_interfaces/srv
[2.064s] -- Up-to-date: /home/waritt/fun5mini_ws/install/fun5mini_interfaces/include/fun5mini_interfaces/fun5mini_interfaces/srv/detail
[2.064s] -- Installing: /home/waritt/fun5mini_ws/install/fun5mini_interfaces/include/fun5mini_interfaces/fun5mini_interfaces/srv/detail/eat_call__type_support.c
[2.064s] -- Installing: /home/waritt/fun5mini_ws/install/fun5mini_interfaces/include/fun5mini_interfaces/fun5mini_interfaces/srv/detail/eat_call__rosidl_typesupport_introspection_c.h
[2.064s] -- Installing: /home/waritt/fun5mini_ws/install/fun5mini_interfaces/lib/libfun5mini_interfaces__rosidl_typesupport_introspection_c.so
[2.064s] -- Set runtime path of "/home/waritt/fun5mini_ws/install/fun5mini_interfaces/lib/libfun5mini_interfaces__rosidl_typesupport_introspection_c.so" to ""
[2.064s] -- Installing: /home/waritt/fun5mini_ws/install/fun5mini_interfaces/lib/libfun5mini_interfaces__rosidl_typesupport_c.so
[2.065s] -- Set runtime path of "/home/waritt/fun5mini_ws/install/fun5mini_interfaces/lib/libfun5mini_interfaces__rosidl_typesupport_c.so" to ""
[2.065s] -- Up-to-date: /home/waritt/fun5mini_ws/install/fun5mini_interfaces/include/fun5mini_interfaces/fun5mini_interfaces
[2.065s] -- Up-to-date: /home/waritt/fun5mini_ws/install/fun5mini_interfaces/include/fun5mini_interfaces/fun5mini_interfaces/srv
[2.065s] -- Installing: /home/waritt/fun5mini_ws/install/fun5mini_interfaces/include/fun5mini_interfaces/fun5mini_interfaces/srv/eat_call.hpp
[2.065s] -- Up-to-date: /home/waritt/fun5mini_ws/install/fun5mini_interfaces/include/fun5mini_interfaces/fun5mini_interfaces/srv/detail
[2.065s] -- Installing: /home/waritt/fun5mini_ws/install/fun5mini_interfaces/include/fun5mini_interfaces/fun5mini_interfaces/srv/detail/eat_call__struct.hpp
[2.065s] -- Installing: /home/waritt/fun5mini_ws/install/fun5mini_interfaces/include/fun5mini_interfaces/fun5mini_interfaces/srv/detail/eat_call__builder.hpp
[2.065s] -- Installing: /home/waritt/fun5mini_ws/install/fun5mini_interfaces/include/fun5mini_interfaces/fun5mini_interfaces/srv/detail/eat_call__traits.hpp
[2.065s] -- Up-to-date: /home/waritt/fun5mini_ws/install/fun5mini_interfaces/include/fun5mini_interfaces/fun5mini_interfaces
[2.065s] -- Up-to-date: /home/waritt/fun5mini_ws/install/fun5mini_interfaces/include/fun5mini_interfaces/fun5mini_interfaces/msg
[2.065s] -- Up-to-date: /home/waritt/fun5mini_ws/install/fun5mini_interfaces/include/fun5mini_interfaces/fun5mini_interfaces/msg/rosidl_typesupport_fastrtps_cpp__visibility_control.h
[2.065s] -- Up-to-date: /home/waritt/fun5mini_ws/install/fun5mini_interfaces/include/fun5mini_interfaces/fun5mini_interfaces/srv
[2.065s] -- Up-to-date: /home/waritt/fun5mini_ws/install/fun5mini_interfaces/include/fun5mini_interfaces/fun5mini_interfaces/srv/detail
[2.065s] -- Installing: /home/waritt/fun5mini_ws/install/fun5mini_interfaces/include/fun5mini_interfaces/fun5mini_interfaces/srv/detail/eat_call__rosidl_typesupport_fastrtps_cpp.hpp
[2.065s] -- Up-to-date: /home/waritt/fun5mini_ws/install/fun5mini_interfaces/include/fun5mini_interfaces/fun5mini_interfaces/srv/detail/dds_fastrtps
[2.065s] -- Installing: /home/waritt/fun5mini_ws/install/fun5mini_interfaces/lib/libfun5mini_interfaces__rosidl_typesupport_fastrtps_cpp.so
[2.065s] -- Set runtime path of "/home/waritt/fun5mini_ws/install/fun5mini_interfaces/lib/libfun5mini_interfaces__rosidl_typesupport_fastrtps_cpp.so" to ""
[2.065s] -- Up-to-date: /home/waritt/fun5mini_ws/install/fun5mini_interfaces/include/fun5mini_interfaces/fun5mini_interfaces
[2.065s] -- Up-to-date: /home/waritt/fun5mini_ws/install/fun5mini_interfaces/include/fun5mini_interfaces/fun5mini_interfaces/srv
[2.065s] -- Up-to-date: /home/waritt/fun5mini_ws/install/fun5mini_interfaces/include/fun5mini_interfaces/fun5mini_interfaces/srv/detail
[2.065s] -- Installing: /home/waritt/fun5mini_ws/install/fun5mini_interfaces/include/fun5mini_interfaces/fun5mini_interfaces/srv/detail/eat_call__type_support.cpp
[2.065s] -- Installing: /home/waritt/fun5mini_ws/install/fun5mini_interfaces/include/fun5mini_interfaces/fun5mini_interfaces/srv/detail/eat_call__rosidl_typesupport_introspection_cpp.hpp
[2.065s] -- Installing: /home/waritt/fun5mini_ws/install/fun5mini_interfaces/lib/libfun5mini_interfaces__rosidl_typesupport_introspection_cpp.so
[2.066s] -- Set runtime path of "/home/waritt/fun5mini_ws/install/fun5mini_interfaces/lib/libfun5mini_interfaces__rosidl_typesupport_introspection_cpp.so" to ""
[2.066s] -- Installing: /home/waritt/fun5mini_ws/install/fun5mini_interfaces/lib/libfun5mini_interfaces__rosidl_typesupport_cpp.so
[2.066s] -- Set runtime path of "/home/waritt/fun5mini_ws/install/fun5mini_interfaces/lib/libfun5mini_interfaces__rosidl_typesupport_cpp.so" to ""
[2.066s] -- Up-to-date: /home/waritt/fun5mini_ws/install/fun5mini_interfaces/share/fun5mini_interfaces/environment/pythonpath.sh
[2.066s] -- Installing: /home/waritt/fun5mini_ws/install/fun5mini_interfaces/share/fun5mini_interfaces/environment/pythonpath.dsv
[2.066s] -- Up-to-date: /home/waritt/fun5mini_ws/install/fun5mini_interfaces/local/lib/python3.10/dist-packages/fun5mini_interfaces-0.0.0-py3.10.egg-info
[2.066s] -- Installing: /home/waritt/fun5mini_ws/install/fun5mini_interfaces/local/lib/python3.10/dist-packages/fun5mini_interfaces-0.0.0-py3.10.egg-info/SOURCES.txt
[2.066s] -- Installing: /home/waritt/fun5mini_ws/install/fun5mini_interfaces/local/lib/python3.10/dist-packages/fun5mini_interfaces-0.0.0-py3.10.egg-info/top_level.txt
[2.066s] -- Installing: /home/waritt/fun5mini_ws/install/fun5mini_interfaces/local/lib/python3.10/dist-packages/fun5mini_interfaces-0.0.0-py3.10.egg-info/PKG-INFO
[2.066s] -- Installing: /home/waritt/fun5mini_ws/install/fun5mini_interfaces/local/lib/python3.10/dist-packages/fun5mini_interfaces-0.0.0-py3.10.egg-info/dependency_links.txt
[2.066s] -- Up-to-date: /home/waritt/fun5mini_ws/install/fun5mini_interfaces/local/lib/python3.10/dist-packages/fun5mini_interfaces
[2.066s] -- Installing: /home/waritt/fun5mini_ws/install/fun5mini_interfaces/local/lib/python3.10/dist-packages/fun5mini_interfaces/fun5mini_interfaces_s__rosidl_typesupport_fastrtps_c.cpython-310-x86_64-linux-gnu.so
[2.066s] -- Installing: /home/waritt/fun5mini_ws/install/fun5mini_interfaces/local/lib/python3.10/dist-packages/fun5mini_interfaces/__init__.py
[2.066s] -- Installing: /home/waritt/fun5mini_ws/install/fun5mini_interfaces/local/lib/python3.10/dist-packages/fun5mini_interfaces/fun5mini_interfaces_s__rosidl_typesupport_c.cpython-310-x86_64-linux-gnu.so
[2.066s] -- Installing: /home/waritt/fun5mini_ws/install/fun5mini_interfaces/local/lib/python3.10/dist-packages/fun5mini_interfaces/fun5mini_interfaces_s__rosidl_typesupport_introspection_c.cpython-310-x86_64-linux-gnu.so
[2.067s] -- Installing: /home/waritt/fun5mini_ws/install/fun5mini_interfaces/local/lib/python3.10/dist-packages/fun5mini_interfaces/_fun5mini_interfaces_s.ep.rosidl_typesupport_introspection_c.c
[2.067s] -- Installing: /home/waritt/fun5mini_ws/install/fun5mini_interfaces/local/lib/python3.10/dist-packages/fun5mini_interfaces/libfun5mini_interfaces__rosidl_generator_py.so
[2.067s] -- Installing: /home/waritt/fun5mini_ws/install/fun5mini_interfaces/local/lib/python3.10/dist-packages/fun5mini_interfaces/_fun5mini_interfaces_s.ep.rosidl_typesupport_fastrtps_c.c
[2.067s] -- Installing: /home/waritt/fun5mini_ws/install/fun5mini_interfaces/local/lib/python3.10/dist-packages/fun5mini_interfaces/_fun5mini_interfaces_s.ep.rosidl_typesupport_c.c
[2.067s] -- Up-to-date: /home/waritt/fun5mini_ws/install/fun5mini_interfaces/local/lib/python3.10/dist-packages/fun5mini_interfaces/srv
[2.067s] -- Installing: /home/waritt/fun5mini_ws/install/fun5mini_interfaces/local/lib/python3.10/dist-packages/fun5mini_interfaces/srv/__init__.py
[2.067s] -- Installing: /home/waritt/fun5mini_ws/install/fun5mini_interfaces/local/lib/python3.10/dist-packages/fun5mini_interfaces/srv/_eat_call_s.c
[2.067s] -- Installing: /home/waritt/fun5mini_ws/install/fun5mini_interfaces/local/lib/python3.10/dist-packages/fun5mini_interfaces/srv/_eat_call.py
[2.094s] Listing '/home/waritt/fun5mini_ws/install/fun5mini_interfaces/local/lib/python3.10/dist-packages/fun5mini_interfaces'...
[2.094s] Compiling '/home/waritt/fun5mini_ws/install/fun5mini_interfaces/local/lib/python3.10/dist-packages/fun5mini_interfaces/__init__.py'...
[2.094s] Listing '/home/waritt/fun5mini_ws/install/fun5mini_interfaces/local/lib/python3.10/dist-packages/fun5mini_interfaces/srv'...
[2.094s] Compiling '/home/waritt/fun5mini_ws/install/fun5mini_interfaces/local/lib/python3.10/dist-packages/fun5mini_interfaces/srv/__init__.py'...
[2.094s] Compiling '/home/waritt/fun5mini_ws/install/fun5mini_interfaces/local/lib/python3.10/dist-packages/fun5mini_interfaces/srv/_eat_call.py'...
[2.097s] -- Installing: /home/waritt/fun5mini_ws/install/fun5mini_interfaces/local/lib/python3.10/dist-packages/fun5mini_interfaces/fun5mini_interfaces_s__rosidl_typesupport_fastrtps_c.cpython-310-x86_64-linux-gnu.so
[2.097s] -- Set runtime path of "/home/waritt/fun5mini_ws/install/fun5mini_interfaces/local/lib/python3.10/dist-packages/fun5mini_interfaces/fun5mini_interfaces_s__rosidl_typesupport_fastrtps_c.cpython-310-x86_64-linux-gnu.so" to ""
[2.097s] -- Installing: /home/waritt/fun5mini_ws/install/fun5mini_interfaces/local/lib/python3.10/dist-packages/fun5mini_interfaces/fun5mini_interfaces_s__rosidl_typesupport_introspection_c.cpython-310-x86_64-linux-gnu.so
[2.097s] -- Set runtime path of "/home/waritt/fun5mini_ws/install/fun5mini_interfaces/local/lib/python3.10/dist-packages/fun5mini_interfaces/fun5mini_interfaces_s__rosidl_typesupport_introspection_c.cpython-310-x86_64-linux-gnu.so" to ""
[2.097s] -- Installing: /home/waritt/fun5mini_ws/install/fun5mini_interfaces/local/lib/python3.10/dist-packages/fun5mini_interfaces/fun5mini_interfaces_s__rosidl_typesupport_c.cpython-310-x86_64-linux-gnu.so
[2.098s] -- Set runtime path of "/home/waritt/fun5mini_ws/install/fun5mini_interfaces/local/lib/python3.10/dist-packages/fun5mini_interfaces/fun5mini_interfaces_s__rosidl_typesupport_c.cpython-310-x86_64-linux-gnu.so" to ""
[2.098s] -- Installing: /home/waritt/fun5mini_ws/install/fun5mini_interfaces/lib/libfun5mini_interfaces__rosidl_generator_py.so
[2.098s] -- Set runtime path of "/home/waritt/fun5mini_ws/install/fun5mini_interfaces/lib/libfun5mini_interfaces__rosidl_generator_py.so" to ""
[2.098s] -- Installing: /home/waritt/fun5mini_ws/install/fun5mini_interfaces/share/fun5mini_interfaces/srv/EatCall.idl
[2.098s] -- Installing: /home/waritt/fun5mini_ws/install/fun5mini_interfaces/share/fun5mini_interfaces/srv/EatCall.srv
[2.098s] -- Up-to-date: /home/waritt/fun5mini_ws/install/fun5mini_interfaces/share/fun5mini_interfaces/srv/EatCall_Request.msg
[2.098s] -- Installing: /home/waritt/fun5mini_ws/install/fun5mini_interfaces/share/fun5mini_interfaces/srv/EatCall_Response.msg
[2.098s] -- Up-to-date: /home/waritt/fun5mini_ws/install/fun5mini_interfaces/share/ament_index/resource_index/package_run_dependencies/fun5mini_interfaces
[2.098s] -- Installing: /home/waritt/fun5mini_ws/install/fun5mini_interfaces/share/ament_index/resource_index/parent_prefix_path/fun5mini_interfaces
[2.098s] -- Up-to-date: /home/waritt/fun5mini_ws/install/fun5mini_interfaces/share/fun5mini_interfaces/environment/ament_prefix_path.sh
[2.098s] -- Installing: /home/waritt/fun5mini_ws/install/fun5mini_interfaces/share/fun5mini_interfaces/environment/ament_prefix_path.dsv
[2.098s] -- Up-to-date: /home/waritt/fun5mini_ws/install/fun5mini_interfaces/share/fun5mini_interfaces/environment/path.sh
[2.098s] -- Installing: /home/waritt/fun5mini_ws/install/fun5mini_interfaces/share/fun5mini_interfaces/environment/path.dsv
[2.098s] -- Up-to-date: /home/waritt/fun5mini_ws/install/fun5mini_interfaces/share/fun5mini_interfaces/local_setup.bash
[2.098s] -- Up-to-date: /home/waritt/fun5mini_ws/install/fun5mini_interfaces/share/fun5mini_interfaces/local_setup.sh
[2.098s] -- Up-to-date: /home/waritt/fun5mini_ws/install/fun5mini_interfaces/share/fun5mini_interfaces/local_setup.zsh
[2.099s] -- Installing: /home/waritt/fun5mini_ws/install/fun5mini_interfaces/share/fun5mini_interfaces/local_setup.dsv
[2.099s] -- Installing: /home/waritt/fun5mini_ws/install/fun5mini_interfaces/share/fun5mini_interfaces/package.dsv
[2.099s] -- Up-to-date: /home/waritt/fun5mini_ws/install/fun5mini_interfaces/share/ament_index/resource_index/packages/fun5mini_interfaces
[2.099s] -- Up-to-date: /home/waritt/fun5mini_ws/install/fun5mini_interfaces/share/fun5mini_interfaces/cmake/export_fun5mini_interfaces__rosidl_generator_cExport.cmake
[2.099s] -- Up-to-date: /home/waritt/fun5mini_ws/install/fun5mini_interfaces/share/fun5mini_interfaces/cmake/export_fun5mini_interfaces__rosidl_generator_cExport-noconfig.cmake
[2.099s] -- Up-to-date: /home/waritt/fun5mini_ws/install/fun5mini_interfaces/share/fun5mini_interfaces/cmake/export_fun5mini_interfaces__rosidl_typesupport_fastrtps_cExport.cmake
[2.099s] -- Up-to-date: /home/waritt/fun5mini_ws/install/fun5mini_interfaces/share/fun5mini_interfaces/cmake/export_fun5mini_interfaces__rosidl_typesupport_fastrtps_cExport-noconfig.cmake
[2.099s] -- Up-to-date: /home/waritt/fun5mini_ws/install/fun5mini_interfaces/share/fun5mini_interfaces/cmake/fun5mini_interfaces__rosidl_typesupport_introspection_cExport.cmake
[2.099s] -- Up-to-date: /home/waritt/fun5mini_ws/install/fun5mini_interfaces/share/fun5mini_interfaces/cmake/fun5mini_interfaces__rosidl_typesupport_introspection_cExport-noconfig.cmake
[2.099s] -- Up-to-date: /home/waritt/fun5mini_ws/install/fun5mini_interfaces/share/fun5mini_interfaces/cmake/fun5mini_interfaces__rosidl_typesupport_cExport.cmake
[2.099s] -- Up-to-date: /home/waritt/fun5mini_ws/install/fun5mini_interfaces/share/fun5mini_interfaces/cmake/fun5mini_interfaces__rosidl_typesupport_cExport-noconfig.cmake
[2.099s] -- Up-to-date: /home/waritt/fun5mini_ws/install/fun5mini_interfaces/share/fun5mini_interfaces/cmake/export_fun5mini_interfaces__rosidl_generator_cppExport.cmake
[2.099s] -- Up-to-date: /home/waritt/fun5mini_ws/install/fun5mini_interfaces/share/fun5mini_interfaces/cmake/export_fun5mini_interfaces__rosidl_typesupport_fastrtps_cppExport.cmake
[2.099s] -- Up-to-date: /home/waritt/fun5mini_ws/install/fun5mini_interfaces/share/fun5mini_interfaces/cmake/export_fun5mini_interfaces__rosidl_typesupport_fastrtps_cppExport-noconfig.cmake
[2.099s] -- Up-to-date: /home/waritt/fun5mini_ws/install/fun5mini_interfaces/share/fun5mini_interfaces/cmake/fun5mini_interfaces__rosidl_typesupport_introspection_cppExport.cmake
[2.099s] -- Up-to-date: /home/waritt/fun5mini_ws/install/fun5mini_interfaces/share/fun5mini_interfaces/cmake/fun5mini_interfaces__rosidl_typesupport_introspection_cppExport-noconfig.cmake
[2.099s] -- Up-to-date: /home/waritt/fun5mini_ws/install/fun5mini_interfaces/share/fun5mini_interfaces/cmake/fun5mini_interfaces__rosidl_typesupport_cppExport.cmake
[2.099s] -- Up-to-date: /home/waritt/fun5mini_ws/install/fun5mini_interfaces/share/fun5mini_interfaces/cmake/fun5mini_interfaces__rosidl_typesupport_cppExport-noconfig.cmake
[2.099s] -- Up-to-date: /home/waritt/fun5mini_ws/install/fun5mini_interfaces/share/fun5mini_interfaces/cmake/export_fun5mini_interfaces__rosidl_generator_pyExport.cmake
[2.099s] -- Up-to-date: /home/waritt/fun5mini_ws/install/fun5mini_interfaces/share/fun5mini_interfaces/cmake/export_fun5mini_interfaces__rosidl_generator_pyExport-noconfig.cmake
[2.099s] -- Up-to-date: /home/waritt/fun5mini_ws/install/fun5mini_interfaces/share/fun5mini_interfaces/cmake/rosidl_cmake-extras.cmake
[2.099s] -- Up-to-date: /home/waritt/fun5mini_ws/install/fun5mini_interfaces/share/fun5mini_interfaces/cmake/ament_cmake_export_include_directories-extras.cmake
[2.099s] -- Up-to-date: /home/waritt/fun5mini_ws/install/fun5mini_interfaces/share/fun5mini_interfaces/cmake/ament_cmake_export_libraries-extras.cmake
[2.099s] -- Up-to-date: /home/waritt/fun5mini_ws/install/fun5mini_interfaces/share/fun5mini_interfaces/cmake/ament_cmake_export_targets-extras.cmake
[2.099s] -- Up-to-date: /home/waritt/fun5mini_ws/install/fun5mini_interfaces/share/fun5mini_interfaces/cmake/rosidl_cmake_export_typesupport_targets-extras.cmake
[2.099s] -- Up-to-date: /home/waritt/fun5mini_ws/install/fun5mini_interfaces/share/fun5mini_interfaces/cmake/ament_cmake_export_dependencies-extras.cmake
[2.100s] -- Up-to-date: /home/waritt/fun5mini_ws/install/fun5mini_interfaces/share/fun5mini_interfaces/cmake/rosidl_cmake_export_typesupport_libraries-extras.cmake
[2.100s] -- Up-to-date: /home/waritt/fun5mini_ws/install/fun5mini_interfaces/share/fun5mini_interfaces/cmake/fun5mini_interfacesConfig.cmake
[2.100s] -- Up-to-date: /home/waritt/fun5mini_ws/install/fun5mini_interfaces/share/fun5mini_interfaces/cmake/fun5mini_interfacesConfig-version.cmake
[2.100s] -- Up-to-date: /home/waritt/fun5mini_ws/install/fun5mini_interfaces/share/fun5mini_interfaces/package.xml
[2.101s] Invoked command in '/home/waritt/fun5mini_ws/build/fun5mini_interfaces' returned '0': CMAKE_PREFIX_PATH=${CMAKE_PREFIX_PATH}:/opt/ros/humble /usr/bin/cmake --install /home/waritt/fun5mini_ws/build/fun5mini_interfaces
